{"C:\\Users\\nikon\\OneDrive\\Desktop\\QuickLearn\\QuickLearn-Backend\\src\\server.js": {"path":"C:\\Users\\nikon\\OneDrive\\Desktop\\QuickLearn\\QuickLearn-Backend\\src\\server.js","statementMap":{"0":{"start":{"line":1,"column":0},"end":{"line":1,"column":27}},"1":{"start":{"line":2,"column":16},"end":{"line":2,"column":34}},"2":{"start":{"line":3,"column":15},"end":{"line":3,"column":32}},"3":{"start":{"line":4,"column":21},"end":{"line":4,"column":45}},"4":{"start":{"line":5,"column":13},"end":{"line":5,"column":28}},"5":{"start":{"line":6,"column":20},"end":{"line":6,"column":42}},"6":{"start":{"line":7,"column":18},"end":{"line":7,"column":47}},"7":{"start":{"line":8,"column":21},"end":{"line":8,"column":45}},"8":{"start":{"line":9,"column":19},"end":{"line":9,"column":49}},"9":{"start":{"line":10,"column":20},"end":{"line":10,"column":51}},"10":{"start":{"line":11,"column":19},"end":{"line":11,"column":49}},"11":{"start":{"line":12,"column":19},"end":{"line":12,"column":49}},"12":{"start":{"line":13,"column":23},"end":{"line":13,"column":57}},"13":{"start":{"line":14,"column":22},"end":{"line":14,"column":55}},"14":{"start":{"line":15,"column":26},"end":{"line":15,"column":63}},"15":{"start":{"line":16,"column":25},"end":{"line":16,"column":61}},"16":{"start":{"line":17,"column":27},"end":{"line":17,"column":65}},"17":{"start":{"line":18,"column":26},"end":{"line":18,"column":63}},"18":{"start":{"line":20,"column":12},"end":{"line":20,"column":21}},"19":{"start":{"line":21,"column":0},"end":{"line":21,"column":26}},"20":{"start":{"line":24,"column":22},"end":{"line":24,"column":76}},"21":{"start":{"line":25,"column":0},"end":{"line":31,"column":4}},"22":{"start":{"line":34,"column":0},"end":{"line":34,"column":40}},"23":{"start":{"line":35,"column":0},"end":{"line":35,"column":62}},"24":{"start":{"line":37,"column":0},"end":{"line":37,"column":24}},"25":{"start":{"line":39,"column":0},"end":{"line":41,"column":1}},"26":{"start":{"line":40,"column":1},"end":{"line":40,"column":25}},"27":{"start":{"line":43,"column":0},"end":{"line":43,"column":42}},"28":{"start":{"line":45,"column":0},"end":{"line":53,"column":1}},"29":{"start":{"line":46,"column":23},"end":{"line":51,"column":3}},"30":{"start":{"line":52,"column":1},"end":{"line":52,"column":24}},"31":{"start":{"line":54,"column":0},"end":{"line":56,"column":4}},"32":{"start":{"line":58,"column":0},"end":{"line":63,"column":3}},"33":{"start":{"line":59,"column":1},"end":{"line":62,"column":4}},"34":{"start":{"line":65,"column":0},"end":{"line":65,"column":33}},"35":{"start":{"line":66,"column":0},"end":{"line":66,"column":35}},"36":{"start":{"line":67,"column":0},"end":{"line":67,"column":33}},"37":{"start":{"line":68,"column":0},"end":{"line":68,"column":33}},"38":{"start":{"line":69,"column":0},"end":{"line":69,"column":41}},"39":{"start":{"line":70,"column":0},"end":{"line":70,"column":39}},"40":{"start":{"line":71,"column":0},"end":{"line":71,"column":47}},"41":{"start":{"line":72,"column":0},"end":{"line":72,"column":45}},"42":{"start":{"line":73,"column":0},"end":{"line":73,"column":50}},"43":{"start":{"line":74,"column":0},"end":{"line":74,"column":48}},"44":{"start":{"line":76,"column":0},"end":{"line":76,"column":21}}},"fnMap":{"0":{"name":"(anonymous_0)","decl":{"start":{"line":58,"column":19},"end":{"line":58,"column":20}},"loc":{"start":{"line":58,"column":33},"end":{"line":63,"column":1}},"line":58}},"branchMap":{"0":{"loc":{"start":{"line":24,"column":22},"end":{"line":24,"column":76}},"type":"binary-expr","locations":[{"start":{"line":24,"column":22},"end":{"line":24,"column":49}},{"start":{"line":24,"column":53},"end":{"line":24,"column":76}}],"line":24},"1":{"loc":{"start":{"line":39,"column":0},"end":{"line":41,"column":1}},"type":"if","locations":[{"start":{"line":39,"column":0},"end":{"line":41,"column":1}},{"start":{},"end":{}}],"line":39},"2":{"loc":{"start":{"line":39,"column":4},"end":{"line":39,"column":85}},"type":"binary-expr","locations":[{"start":{"line":39,"column":4},"end":{"line":39,"column":41}},{"start":{"line":39,"column":45},"end":{"line":39,"column":85}}],"line":39},"3":{"loc":{"start":{"line":45,"column":0},"end":{"line":53,"column":1}},"type":"if","locations":[{"start":{"line":45,"column":0},"end":{"line":53,"column":1}},{"start":{},"end":{}}],"line":45},"4":{"loc":{"start":{"line":61,"column":13},"end":{"line":61,"column":97}},"type":"cond-expr","locations":[{"start":{"line":61,"column":44},"end":{"line":61,"column":67}},{"start":{"line":61,"column":70},"end":{"line":61,"column":97}}],"line":61}},"s":{"0":0,"1":0,"2":0,"3":0,"4":0,"5":0,"6":0,"7":0,"8":0,"9":0,"10":0,"11":0,"12":0,"13":0,"14":0,"15":0,"16":0,"17":0,"18":0,"19":0,"20":0,"21":0,"22":0,"23":0,"24":0,"25":0,"26":0,"27":0,"28":0,"29":0,"30":0,"31":0,"32":0,"33":0,"34":0,"35":0,"36":0,"37":0,"38":0,"39":0,"40":0,"41":0,"42":0,"43":0,"44":0},"f":{"0":0},"b":{"0":[0,0],"1":[0,0],"2":[0,0],"3":[0,0],"4":[0,0]}}
,"C:\\Users\\nikon\\OneDrive\\Desktop\\QuickLearn\\QuickLearn-Backend\\src\\config\\cloudinary.js": {"path":"C:\\Users\\nikon\\OneDrive\\Desktop\\QuickLearn\\QuickLearn-Backend\\src\\config\\cloudinary.js","statementMap":{"0":{"start":{"line":1,"column":19},"end":{"line":1,"column":43}},"1":{"start":{"line":4,"column":1},"end":{"line":8,"column":4}},"2":{"start":{"line":9,"column":1},"end":{"line":9,"column":19}},"3":{"start":{"line":12,"column":0},"end":{"line":12,"column":41}}},"fnMap":{"0":{"name":"configureCloudinary","decl":{"start":{"line":3,"column":9},"end":{"line":3,"column":28}},"loc":{"start":{"line":3,"column":31},"end":{"line":10,"column":1}},"line":3}},"branchMap":{},"s":{"0":1,"1":0,"2":0,"3":1},"f":{"0":0},"b":{},"_coverageSchema":"1a1c01bbd47fc00a2c39e90264f33305004495a9","hash":"4912b029db562c26d14b9e353049c2d9167eb138"}
,"C:\\Users\\nikon\\OneDrive\\Desktop\\QuickLearn\\QuickLearn-Backend\\src\\config\\db.js": {"path":"C:\\Users\\nikon\\OneDrive\\Desktop\\QuickLearn\\QuickLearn-Backend\\src\\config\\db.js","statementMap":{"0":{"start":{"line":1,"column":14},"end":{"line":1,"column":39}},"1":{"start":{"line":6,"column":1},"end":{"line":22,"column":2}},"2":{"start":{"line":7,"column":2},"end":{"line":21,"column":5}},"3":{"start":{"line":23,"column":1},"end":{"line":23,"column":13}},"4":{"start":{"line":26,"column":0},"end":{"line":26,"column":29}}},"fnMap":{"0":{"name":"getPool","decl":{"start":{"line":5,"column":15},"end":{"line":5,"column":22}},"loc":{"start":{"line":5,"column":25},"end":{"line":24,"column":1}},"line":5}},"branchMap":{"0":{"loc":{"start":{"line":6,"column":1},"end":{"line":22,"column":2}},"type":"if","locations":[{"start":{"line":6,"column":1},"end":{"line":22,"column":2}},{"start":{},"end":{}}],"line":6},"1":{"loc":{"start":{"line":8,"column":9},"end":{"line":8,"column":46}},"type":"binary-expr","locations":[{"start":{"line":8,"column":9},"end":{"line":8,"column":31}},{"start":{"line":8,"column":35},"end":{"line":8,"column":46}}],"line":8},"2":{"loc":{"start":{"line":9,"column":16},"end":{"line":9,"column":46}},"type":"binary-expr","locations":[{"start":{"line":9,"column":16},"end":{"line":9,"column":38}},{"start":{"line":9,"column":42},"end":{"line":9,"column":46}}],"line":9},"3":{"loc":{"start":{"line":10,"column":9},"end":{"line":10,"column":41}},"type":"binary-expr","locations":[{"start":{"line":10,"column":9},"end":{"line":10,"column":31}},{"start":{"line":10,"column":35},"end":{"line":10,"column":41}}],"line":10},"4":{"loc":{"start":{"line":11,"column":13},"end":{"line":11,"column":45}},"type":"binary-expr","locations":[{"start":{"line":11,"column":13},"end":{"line":11,"column":39}},{"start":{"line":11,"column":43},"end":{"line":11,"column":45}}],"line":11},"5":{"loc":{"start":{"line":12,"column":13},"end":{"line":12,"column":55}},"type":"binary-expr","locations":[{"start":{"line":12,"column":13},"end":{"line":12,"column":39}},{"start":{"line":12,"column":43},"end":{"line":12,"column":55}}],"line":12},"6":{"loc":{"start":{"line":13,"column":27},"end":{"line":13,"column":61}},"type":"binary-expr","locations":[{"start":{"line":13,"column":27},"end":{"line":13,"column":55}},{"start":{"line":13,"column":59},"end":{"line":13,"column":61}}],"line":13}},"s":{"0":5,"1":0,"2":0,"3":0,"4":5},"f":{"0":0},"b":{"0":[0,0],"1":[0,0],"2":[0,0],"3":[0,0],"4":[0,0],"5":[0,0],"6":[0,0]},"_coverageSchema":"1a1c01bbd47fc00a2c39e90264f33305004495a9","hash":"2b1de4eacf0a45cae8d66755c7ed5da0ddea1fc5"}
,"C:\\Users\\nikon\\OneDrive\\Desktop\\QuickLearn\\QuickLearn-Backend\\src\\config\\email.js": {"path":"C:\\Users\\nikon\\OneDrive\\Desktop\\QuickLearn\\QuickLearn-Backend\\src\\config\\email.js","statementMap":{"0":{"start":{"line":1,"column":19},"end":{"line":1,"column":40}},"1":{"start":{"line":5,"column":14},"end":{"line":5,"column":60}},"2":{"start":{"line":6,"column":14},"end":{"line":6,"column":75}},"3":{"start":{"line":7,"column":20},"end":{"line":7,"column":69}},"4":{"start":{"line":8,"column":16},"end":{"line":10,"column":68}},"5":{"start":{"line":11,"column":14},"end":{"line":11,"column":64}},"6":{"start":{"line":12,"column":14},"end":{"line":12,"column":64}},"7":{"start":{"line":14,"column":1},"end":{"line":19,"column":4}},"8":{"start":{"line":23,"column":21},"end":{"line":23,"column":38}},"9":{"start":{"line":24,"column":17},"end":{"line":24,"column":53}},"10":{"start":{"line":25,"column":21},"end":{"line":25,"column":135}},"11":{"start":{"line":26,"column":18},"end":{"line":26,"column":55}},"12":{"start":{"line":27,"column":14},"end":{"line":27,"column":44}},"13":{"start":{"line":28,"column":14},"end":{"line":37,"column":2}},"14":{"start":{"line":38,"column":1},"end":{"line":38,"column":91}},"15":{"start":{"line":42,"column":21},"end":{"line":42,"column":38}},"16":{"start":{"line":43,"column":17},"end":{"line":43,"column":53}},"17":{"start":{"line":44,"column":21},"end":{"line":44,"column":135}},"18":{"start":{"line":45,"column":18},"end":{"line":45,"column":55}},"19":{"start":{"line":46,"column":14},"end":{"line":46,"column":44}},"20":{"start":{"line":47,"column":14},"end":{"line":47,"column":46}},"21":{"start":{"line":48,"column":14},"end":{"line":61,"column":2}},"22":{"start":{"line":62,"column":1},"end":{"line":62,"column":92}},"23":{"start":{"line":66,"column":21},"end":{"line":66,"column":38}},"24":{"start":{"line":67,"column":17},"end":{"line":67,"column":53}},"25":{"start":{"line":68,"column":21},"end":{"line":68,"column":135}},"26":{"start":{"line":69,"column":18},"end":{"line":69,"column":55}},"27":{"start":{"line":70,"column":14},"end":{"line":70,"column":44}},"28":{"start":{"line":71,"column":21},"end":{"line":71,"column":72}},"29":{"start":{"line":72,"column":18},"end":{"line":72,"column":69}},"30":{"start":{"line":73,"column":14},"end":{"line":86,"column":2}},"31":{"start":{"line":87,"column":1},"end":{"line":87,"column":93}},"32":{"start":{"line":91,"column":21},"end":{"line":91,"column":38}},"33":{"start":{"line":92,"column":17},"end":{"line":92,"column":53}},"34":{"start":{"line":93,"column":21},"end":{"line":93,"column":135}},"35":{"start":{"line":94,"column":18},"end":{"line":94,"column":55}},"36":{"start":{"line":95,"column":14},"end":{"line":95,"column":44}},"37":{"start":{"line":96,"column":21},"end":{"line":96,"column":72}},"38":{"start":{"line":98,"column":18},"end":{"line":109,"column":12}},"39":{"start":{"line":99,"column":18},"end":{"line":99,"column":52}},"40":{"start":{"line":100,"column":2},"end":{"line":108,"column":4}},"41":{"start":{"line":111,"column":14},"end":{"line":125,"column":2}},"42":{"start":{"line":126,"column":1},"end":{"line":126,"column":95}},"43":{"start":{"line":130,"column":21},"end":{"line":130,"column":38}},"44":{"start":{"line":131,"column":17},"end":{"line":131,"column":53}},"45":{"start":{"line":132,"column":21},"end":{"line":132,"column":135}},"46":{"start":{"line":133,"column":18},"end":{"line":133,"column":55}},"47":{"start":{"line":134,"column":14},"end":{"line":134,"column":44}},"48":{"start":{"line":135,"column":21},"end":{"line":135,"column":72}},"49":{"start":{"line":137,"column":19},"end":{"line":156,"column":2}},"50":{"start":{"line":158,"column":14},"end":{"line":175,"column":2}},"51":{"start":{"line":176,"column":1},"end":{"line":176,"column":93}},"52":{"start":{"line":179,"column":0},"end":{"line":179,"column":125}}},"fnMap":{"0":{"name":"createTransport","decl":{"start":{"line":3,"column":9},"end":{"line":3,"column":24}},"loc":{"start":{"line":3,"column":27},"end":{"line":20,"column":1}},"line":3},"1":{"name":"sendOtpEmail","decl":{"start":{"line":22,"column":15},"end":{"line":22,"column":27}},"loc":{"start":{"line":22,"column":51},"end":{"line":39,"column":1}},"line":22},"2":{"name":"sendLoginAlertEmail","decl":{"start":{"line":41,"column":15},"end":{"line":41,"column":34}},"loc":{"start":{"line":41,"column":74},"end":{"line":63,"column":1}},"line":41},"3":{"name":"sendPasswordResetEmail","decl":{"start":{"line":65,"column":15},"end":{"line":65,"column":37}},"loc":{"start":{"line":65,"column":68},"end":{"line":88,"column":1}},"line":65},"4":{"name":"sendQuizReminderEmail","decl":{"start":{"line":90,"column":15},"end":{"line":90,"column":36}},"loc":{"start":{"line":90,"column":74},"end":{"line":127,"column":1}},"line":90},"5":{"name":"(anonymous_5)","decl":{"start":{"line":98,"column":40},"end":{"line":98,"column":41}},"loc":{"start":{"line":98,"column":48},"end":{"line":109,"column":2}},"line":98},"6":{"name":"sendWeeklyDigestEmail","decl":{"start":{"line":129,"column":15},"end":{"line":129,"column":36}},"loc":{"start":{"line":129,"column":68},"end":{"line":177,"column":1}},"line":129}},"branchMap":{"0":{"loc":{"start":{"line":5,"column":14},"end":{"line":5,"column":60}},"type":"binary-expr","locations":[{"start":{"line":5,"column":14},"end":{"line":5,"column":35}},{"start":{"line":5,"column":39},"end":{"line":5,"column":60}}],"line":5},"1":{"loc":{"start":{"line":6,"column":21},"end":{"line":6,"column":74}},"type":"binary-expr","locations":[{"start":{"line":6,"column":21},"end":{"line":6,"column":42}},{"start":{"line":6,"column":46},"end":{"line":6,"column":67}},{"start":{"line":6,"column":71},"end":{"line":6,"column":74}}],"line":6},"2":{"loc":{"start":{"line":7,"column":21},"end":{"line":7,"column":54}},"type":"binary-expr","locations":[{"start":{"line":7,"column":21},"end":{"line":7,"column":48}},{"start":{"line":7,"column":52},"end":{"line":7,"column":54}}],"line":7},"3":{"loc":{"start":{"line":8,"column":16},"end":{"line":10,"column":68}},"type":"cond-expr","locations":[{"start":{"line":9,"column":4},"end":{"line":9,"column":38}},{"start":{"line":10,"column":5},"end":{"line":10,"column":67}}],"line":8},"4":{"loc":{"start":{"line":10,"column":5},"end":{"line":10,"column":67}},"type":"binary-expr","locations":[{"start":{"line":10,"column":5},"end":{"line":10,"column":25}},{"start":{"line":10,"column":30},"end":{"line":10,"column":50}},{"start":{"line":10,"column":54},"end":{"line":10,"column":66}}],"line":10},"5":{"loc":{"start":{"line":11,"column":14},"end":{"line":11,"column":64}},"type":"binary-expr","locations":[{"start":{"line":11,"column":14},"end":{"line":11,"column":39}},{"start":{"line":11,"column":43},"end":{"line":11,"column":64}}],"line":11},"6":{"loc":{"start":{"line":12,"column":14},"end":{"line":12,"column":64}},"type":"binary-expr","locations":[{"start":{"line":12,"column":14},"end":{"line":12,"column":39}},{"start":{"line":12,"column":43},"end":{"line":12,"column":64}}],"line":12},"7":{"loc":{"start":{"line":18,"column":8},"end":{"line":18,"column":49}},"type":"cond-expr","locations":[{"start":{"line":18,"column":23},"end":{"line":18,"column":37}},{"start":{"line":18,"column":40},"end":{"line":18,"column":49}}],"line":18},"8":{"loc":{"start":{"line":18,"column":8},"end":{"line":18,"column":20}},"type":"binary-expr","locations":[{"start":{"line":18,"column":8},"end":{"line":18,"column":12}},{"start":{"line":18,"column":16},"end":{"line":18,"column":20}}],"line":18},"9":{"loc":{"start":{"line":24,"column":17},"end":{"line":24,"column":53}},"type":"binary-expr","locations":[{"start":{"line":24,"column":17},"end":{"line":24,"column":37}},{"start":{"line":24,"column":41},"end":{"line":24,"column":53}}],"line":24},"10":{"loc":{"start":{"line":25,"column":21},"end":{"line":25,"column":135}},"type":"binary-expr","locations":[{"start":{"line":25,"column":21},"end":{"line":25,"column":50}},{"start":{"line":25,"column":54},"end":{"line":25,"column":75}},{"start":{"line":25,"column":79},"end":{"line":25,"column":135}}],"line":25},"11":{"loc":{"start":{"line":25,"column":92},"end":{"line":25,"column":132}},"type":"binary-expr","locations":[{"start":{"line":25,"column":92},"end":{"line":25,"column":110}},{"start":{"line":25,"column":114},"end":{"line":25,"column":132}}],"line":25},"12":{"loc":{"start":{"line":26,"column":18},"end":{"line":26,"column":55}},"type":"binary-expr","locations":[{"start":{"line":26,"column":18},"end":{"line":26,"column":44}},{"start":{"line":26,"column":48},"end":{"line":26,"column":55}}],"line":26},"13":{"loc":{"start":{"line":31,"column":11},"end":{"line":31,"column":30}},"type":"binary-expr","locations":[{"start":{"line":31,"column":11},"end":{"line":31,"column":19}},{"start":{"line":31,"column":23},"end":{"line":31,"column":30}}],"line":31},"14":{"loc":{"start":{"line":43,"column":17},"end":{"line":43,"column":53}},"type":"binary-expr","locations":[{"start":{"line":43,"column":17},"end":{"line":43,"column":37}},{"start":{"line":43,"column":41},"end":{"line":43,"column":53}}],"line":43},"15":{"loc":{"start":{"line":44,"column":21},"end":{"line":44,"column":135}},"type":"binary-expr","locations":[{"start":{"line":44,"column":21},"end":{"line":44,"column":50}},{"start":{"line":44,"column":54},"end":{"line":44,"column":75}},{"start":{"line":44,"column":79},"end":{"line":44,"column":135}}],"line":44},"16":{"loc":{"start":{"line":44,"column":92},"end":{"line":44,"column":132}},"type":"binary-expr","locations":[{"start":{"line":44,"column":92},"end":{"line":44,"column":110}},{"start":{"line":44,"column":114},"end":{"line":44,"column":132}}],"line":44},"17":{"loc":{"start":{"line":45,"column":18},"end":{"line":45,"column":55}},"type":"binary-expr","locations":[{"start":{"line":45,"column":18},"end":{"line":45,"column":44}},{"start":{"line":45,"column":48},"end":{"line":45,"column":55}}],"line":45},"18":{"loc":{"start":{"line":47,"column":14},"end":{"line":47,"column":46}},"type":"binary-expr","locations":[{"start":{"line":47,"column":14},"end":{"line":47,"column":18}},{"start":{"line":47,"column":22},"end":{"line":47,"column":46}}],"line":47},"19":{"loc":{"start":{"line":51,"column":11},"end":{"line":51,"column":30}},"type":"binary-expr","locations":[{"start":{"line":51,"column":11},"end":{"line":51,"column":19}},{"start":{"line":51,"column":23},"end":{"line":51,"column":30}}],"line":51},"20":{"loc":{"start":{"line":55,"column":31},"end":{"line":55,"column":46}},"type":"binary-expr","locations":[{"start":{"line":55,"column":31},"end":{"line":55,"column":33}},{"start":{"line":55,"column":37},"end":{"line":55,"column":46}}],"line":55},"21":{"loc":{"start":{"line":56,"column":35},"end":{"line":56,"column":57}},"type":"binary-expr","locations":[{"start":{"line":56,"column":35},"end":{"line":56,"column":44}},{"start":{"line":56,"column":48},"end":{"line":56,"column":57}}],"line":56},"22":{"loc":{"start":{"line":67,"column":17},"end":{"line":67,"column":53}},"type":"binary-expr","locations":[{"start":{"line":67,"column":17},"end":{"line":67,"column":37}},{"start":{"line":67,"column":41},"end":{"line":67,"column":53}}],"line":67},"23":{"loc":{"start":{"line":68,"column":21},"end":{"line":68,"column":135}},"type":"binary-expr","locations":[{"start":{"line":68,"column":21},"end":{"line":68,"column":50}},{"start":{"line":68,"column":54},"end":{"line":68,"column":75}},{"start":{"line":68,"column":79},"end":{"line":68,"column":135}}],"line":68},"24":{"loc":{"start":{"line":68,"column":92},"end":{"line":68,"column":132}},"type":"binary-expr","locations":[{"start":{"line":68,"column":92},"end":{"line":68,"column":110}},{"start":{"line":68,"column":114},"end":{"line":68,"column":132}}],"line":68},"25":{"loc":{"start":{"line":69,"column":18},"end":{"line":69,"column":55}},"type":"binary-expr","locations":[{"start":{"line":69,"column":18},"end":{"line":69,"column":44}},{"start":{"line":69,"column":48},"end":{"line":69,"column":55}}],"line":69},"26":{"loc":{"start":{"line":71,"column":21},"end":{"line":71,"column":72}},"type":"binary-expr","locations":[{"start":{"line":71,"column":21},"end":{"line":71,"column":45}},{"start":{"line":71,"column":49},"end":{"line":71,"column":72}}],"line":71},"27":{"loc":{"start":{"line":76,"column":11},"end":{"line":76,"column":30}},"type":"binary-expr","locations":[{"start":{"line":76,"column":11},"end":{"line":76,"column":19}},{"start":{"line":76,"column":23},"end":{"line":76,"column":30}}],"line":76},"28":{"loc":{"start":{"line":92,"column":17},"end":{"line":92,"column":53}},"type":"binary-expr","locations":[{"start":{"line":92,"column":17},"end":{"line":92,"column":37}},{"start":{"line":92,"column":41},"end":{"line":92,"column":53}}],"line":92},"29":{"loc":{"start":{"line":93,"column":21},"end":{"line":93,"column":135}},"type":"binary-expr","locations":[{"start":{"line":93,"column":21},"end":{"line":93,"column":50}},{"start":{"line":93,"column":54},"end":{"line":93,"column":75}},{"start":{"line":93,"column":79},"end":{"line":93,"column":135}}],"line":93},"30":{"loc":{"start":{"line":93,"column":92},"end":{"line":93,"column":132}},"type":"binary-expr","locations":[{"start":{"line":93,"column":92},"end":{"line":93,"column":110}},{"start":{"line":93,"column":114},"end":{"line":93,"column":132}}],"line":93},"31":{"loc":{"start":{"line":94,"column":18},"end":{"line":94,"column":55}},"type":"binary-expr","locations":[{"start":{"line":94,"column":18},"end":{"line":94,"column":44}},{"start":{"line":94,"column":48},"end":{"line":94,"column":55}}],"line":94},"32":{"loc":{"start":{"line":96,"column":21},"end":{"line":96,"column":72}},"type":"binary-expr","locations":[{"start":{"line":96,"column":21},"end":{"line":96,"column":45}},{"start":{"line":96,"column":49},"end":{"line":96,"column":72}}],"line":96},"33":{"loc":{"start":{"line":102,"column":36},"end":{"line":102,"column":65}},"type":"binary-expr","locations":[{"start":{"line":102,"column":36},"end":{"line":102,"column":46}},{"start":{"line":102,"column":50},"end":{"line":102,"column":65}}],"line":102},"34":{"loc":{"start":{"line":114,"column":11},"end":{"line":114,"column":30}},"type":"binary-expr","locations":[{"start":{"line":114,"column":11},"end":{"line":114,"column":19}},{"start":{"line":114,"column":23},"end":{"line":114,"column":30}}],"line":114},"35":{"loc":{"start":{"line":115,"column":56},"end":{"line":115,"column":107}},"type":"cond-expr","locations":[{"start":{"line":115,"column":89},"end":{"line":115,"column":95}},{"start":{"line":115,"column":98},"end":{"line":115,"column":107}}],"line":115},"36":{"loc":{"start":{"line":131,"column":17},"end":{"line":131,"column":53}},"type":"binary-expr","locations":[{"start":{"line":131,"column":17},"end":{"line":131,"column":37}},{"start":{"line":131,"column":41},"end":{"line":131,"column":53}}],"line":131},"37":{"loc":{"start":{"line":132,"column":21},"end":{"line":132,"column":135}},"type":"binary-expr","locations":[{"start":{"line":132,"column":21},"end":{"line":132,"column":50}},{"start":{"line":132,"column":54},"end":{"line":132,"column":75}},{"start":{"line":132,"column":79},"end":{"line":132,"column":135}}],"line":132},"38":{"loc":{"start":{"line":132,"column":92},"end":{"line":132,"column":132}},"type":"binary-expr","locations":[{"start":{"line":132,"column":92},"end":{"line":132,"column":110}},{"start":{"line":132,"column":114},"end":{"line":132,"column":132}}],"line":132},"39":{"loc":{"start":{"line":133,"column":18},"end":{"line":133,"column":55}},"type":"binary-expr","locations":[{"start":{"line":133,"column":18},"end":{"line":133,"column":44}},{"start":{"line":133,"column":48},"end":{"line":133,"column":55}}],"line":133},"40":{"loc":{"start":{"line":135,"column":21},"end":{"line":135,"column":72}},"type":"binary-expr","locations":[{"start":{"line":135,"column":21},"end":{"line":135,"column":45}},{"start":{"line":135,"column":49},"end":{"line":135,"column":72}}],"line":135},"41":{"loc":{"start":{"line":140,"column":69},"end":{"line":140,"column":100}},"type":"binary-expr","locations":[{"start":{"line":140,"column":69},"end":{"line":140,"column":95}},{"start":{"line":140,"column":99},"end":{"line":140,"column":100}}],"line":140},"42":{"loc":{"start":{"line":144,"column":69},"end":{"line":144,"column":98}},"type":"binary-expr","locations":[{"start":{"line":144,"column":69},"end":{"line":144,"column":93}},{"start":{"line":144,"column":97},"end":{"line":144,"column":98}}],"line":144},"43":{"loc":{"start":{"line":148,"column":69},"end":{"line":148,"column":98}},"type":"binary-expr","locations":[{"start":{"line":148,"column":69},"end":{"line":148,"column":93}},{"start":{"line":148,"column":97},"end":{"line":148,"column":98}}],"line":148},"44":{"loc":{"start":{"line":152,"column":69},"end":{"line":152,"column":104}},"type":"binary-expr","locations":[{"start":{"line":152,"column":69},"end":{"line":152,"column":99}},{"start":{"line":152,"column":103},"end":{"line":152,"column":104}}],"line":152},"45":{"loc":{"start":{"line":161,"column":11},"end":{"line":161,"column":30}},"type":"binary-expr","locations":[{"start":{"line":161,"column":11},"end":{"line":161,"column":19}},{"start":{"line":161,"column":23},"end":{"line":161,"column":30}}],"line":161},"46":{"loc":{"start":{"line":164,"column":5},"end":{"line":168,"column":4}},"type":"cond-expr","locations":[{"start":{"line":164,"column":70},"end":{"line":166,"column":4}},{"start":{"line":166,"column":7},"end":{"line":168,"column":4}}],"line":164},"47":{"loc":{"start":{"line":164,"column":5},"end":{"line":164,"column":67}},"type":"binary-expr","locations":[{"start":{"line":164,"column":5},"end":{"line":164,"column":35}},{"start":{"line":164,"column":39},"end":{"line":164,"column":67}}],"line":164}},"s":{"0":1,"1":0,"2":0,"3":0,"4":0,"5":0,"6":0,"7":0,"8":0,"9":0,"10":0,"11":0,"12":0,"13":0,"14":0,"15":0,"16":0,"17":0,"18":0,"19":0,"20":0,"21":0,"22":0,"23":0,"24":0,"25":0,"26":0,"27":0,"28":0,"29":0,"30":0,"31":0,"32":0,"33":0,"34":0,"35":0,"36":0,"37":0,"38":0,"39":0,"40":0,"41":0,"42":0,"43":0,"44":0,"45":0,"46":0,"47":0,"48":0,"49":0,"50":0,"51":0,"52":1},"f":{"0":0,"1":0,"2":0,"3":0,"4":0,"5":0,"6":0},"b":{"0":[0,0],"1":[0,0,0],"2":[0,0],"3":[0,0],"4":[0,0,0],"5":[0,0],"6":[0,0],"7":[0,0],"8":[0,0],"9":[0,0],"10":[0,0,0],"11":[0,0],"12":[0,0],"13":[0,0],"14":[0,0],"15":[0,0,0],"16":[0,0],"17":[0,0],"18":[0,0],"19":[0,0],"20":[0,0],"21":[0,0],"22":[0,0],"23":[0,0,0],"24":[0,0],"25":[0,0],"26":[0,0],"27":[0,0],"28":[0,0],"29":[0,0,0],"30":[0,0],"31":[0,0],"32":[0,0],"33":[0,0],"34":[0,0],"35":[0,0],"36":[0,0],"37":[0,0,0],"38":[0,0],"39":[0,0],"40":[0,0],"41":[0,0],"42":[0,0],"43":[0,0],"44":[0,0],"45":[0,0],"46":[0,0],"47":[0,0]},"_coverageSchema":"1a1c01bbd47fc00a2c39e90264f33305004495a9","hash":"4b5f8c8930cf2f02696df60aa19a7418e4a2f2fe"}
,"C:\\Users\\nikon\\OneDrive\\Desktop\\QuickLearn\\QuickLearn-Backend\\src\\middleware\\auth.js": {"path":"C:\\Users\\nikon\\OneDrive\\Desktop\\QuickLearn\\QuickLearn-Backend\\src\\middleware\\auth.js","statementMap":{"0":{"start":{"line":1,"column":12},"end":{"line":1,"column":35}},"1":{"start":{"line":4,"column":19},"end":{"line":4,"column":56}},"2":{"start":{"line":5,"column":4},"end":{"line":11,"column":6}},"3":{"start":{"line":15,"column":4},"end":{"line":27,"column":5}},"4":{"start":{"line":16,"column":22},"end":{"line":16,"column":95}},"5":{"start":{"line":17,"column":8},"end":{"line":17,"column":75}},"6":{"start":{"line":17,"column":20},"end":{"line":17,"column":75}},"7":{"start":{"line":18,"column":24},"end":{"line":18,"column":72}},"8":{"start":{"line":19,"column":8},"end":{"line":19,"column":27}},"9":{"start":{"line":21,"column":31},"end":{"line":21,"column":162}},"10":{"start":{"line":22,"column":8},"end":{"line":22,"column":71}},"11":{"start":{"line":24,"column":8},"end":{"line":24,"column":22}},"12":{"start":{"line":26,"column":8},"end":{"line":26,"column":75}},"13":{"start":{"line":31,"column":4},"end":{"line":57,"column":5}},"14":{"start":{"line":32,"column":20},"end":{"line":32,"column":24}},"15":{"start":{"line":34,"column":27},"end":{"line":34,"column":55}},"16":{"start":{"line":35,"column":8},"end":{"line":37,"column":9}},"17":{"start":{"line":36,"column":12},"end":{"line":36,"column":44}},"18":{"start":{"line":39,"column":8},"end":{"line":41,"column":9}},"19":{"start":{"line":40,"column":12},"end":{"line":40,"column":45}},"20":{"start":{"line":43,"column":8},"end":{"line":45,"column":9}},"21":{"start":{"line":44,"column":12},"end":{"line":44,"column":76}},"22":{"start":{"line":47,"column":24},"end":{"line":47,"column":72}},"23":{"start":{"line":48,"column":8},"end":{"line":52,"column":10}},"24":{"start":{"line":54,"column":8},"end":{"line":54,"column":22}},"25":{"start":{"line":56,"column":8},"end":{"line":56,"column":75}},"26":{"start":{"line":61,"column":4},"end":{"line":85,"column":5}},"27":{"start":{"line":62,"column":20},"end":{"line":62,"column":24}},"28":{"start":{"line":64,"column":27},"end":{"line":64,"column":55}},"29":{"start":{"line":65,"column":8},"end":{"line":67,"column":9}},"30":{"start":{"line":66,"column":12},"end":{"line":66,"column":44}},"31":{"start":{"line":69,"column":8},"end":{"line":71,"column":9}},"32":{"start":{"line":70,"column":12},"end":{"line":70,"column":45}},"33":{"start":{"line":73,"column":8},"end":{"line":80,"column":9}},"34":{"start":{"line":74,"column":28},"end":{"line":74,"column":76}},"35":{"start":{"line":75,"column":12},"end":{"line":79,"column":14}},"36":{"start":{"line":82,"column":8},"end":{"line":82,"column":22}},"37":{"start":{"line":84,"column":8},"end":{"line":84,"column":22}},"38":{"start":{"line":88,"column":0},"end":{"line":88,"column":82}}},"fnMap":{"0":{"name":"getCookieOptions","decl":{"start":{"line":3,"column":9},"end":{"line":3,"column":25}},"loc":{"start":{"line":3,"column":28},"end":{"line":12,"column":1}},"line":3},"1":{"name":"authGuard","decl":{"start":{"line":14,"column":9},"end":{"line":14,"column":18}},"loc":{"start":{"line":14,"column":35},"end":{"line":28,"column":1}},"line":14},"2":{"name":"authenticateToken","decl":{"start":{"line":30,"column":9},"end":{"line":30,"column":26}},"loc":{"start":{"line":30,"column":43},"end":{"line":58,"column":1}},"line":30},"3":{"name":"optionalAuth","decl":{"start":{"line":60,"column":9},"end":{"line":60,"column":21}},"loc":{"start":{"line":60,"column":38},"end":{"line":86,"column":1}},"line":60}},"branchMap":{"0":{"loc":{"start":{"line":8,"column":18},"end":{"line":8,"column":41}},"type":"cond-expr","locations":[{"start":{"line":8,"column":27},"end":{"line":8,"column":33}},{"start":{"line":8,"column":36},"end":{"line":8,"column":41}}],"line":8},"1":{"loc":{"start":{"line":16,"column":22},"end":{"line":16,"column":95}},"type":"cond-expr","locations":[{"start":{"line":16,"column":64},"end":{"line":16,"column":88}},{"start":{"line":16,"column":91},"end":{"line":16,"column":95}}],"line":16},"2":{"loc":{"start":{"line":16,"column":22},"end":{"line":16,"column":61}},"type":"binary-expr","locations":[{"start":{"line":16,"column":22},"end":{"line":16,"column":33}},{"start":{"line":16,"column":37},"end":{"line":16,"column":61}}],"line":16},"3":{"loc":{"start":{"line":17,"column":8},"end":{"line":17,"column":75}},"type":"if","locations":[{"start":{"line":17,"column":8},"end":{"line":17,"column":75}},{"start":{},"end":{}}],"line":17},"4":{"loc":{"start":{"line":35,"column":8},"end":{"line":37,"column":9}},"type":"if","locations":[{"start":{"line":35,"column":8},"end":{"line":37,"column":9}},{"start":{},"end":{}}],"line":35},"5":{"loc":{"start":{"line":35,"column":12},"end":{"line":35,"column":58}},"type":"binary-expr","locations":[{"start":{"line":35,"column":12},"end":{"line":35,"column":22}},{"start":{"line":35,"column":26},"end":{"line":35,"column":58}}],"line":35},"6":{"loc":{"start":{"line":39,"column":8},"end":{"line":41,"column":9}},"type":"if","locations":[{"start":{"line":39,"column":8},"end":{"line":41,"column":9}},{"start":{},"end":{}}],"line":39},"7":{"loc":{"start":{"line":39,"column":12},"end":{"line":39,"column":61}},"type":"binary-expr","locations":[{"start":{"line":39,"column":12},"end":{"line":39,"column":18}},{"start":{"line":39,"column":22},"end":{"line":39,"column":33}},{"start":{"line":39,"column":37},"end":{"line":39,"column":61}}],"line":39},"8":{"loc":{"start":{"line":43,"column":8},"end":{"line":45,"column":9}},"type":"if","locations":[{"start":{"line":43,"column":8},"end":{"line":45,"column":9}},{"start":{},"end":{}}],"line":43},"9":{"loc":{"start":{"line":65,"column":8},"end":{"line":67,"column":9}},"type":"if","locations":[{"start":{"line":65,"column":8},"end":{"line":67,"column":9}},{"start":{},"end":{}}],"line":65},"10":{"loc":{"start":{"line":65,"column":12},"end":{"line":65,"column":58}},"type":"binary-expr","locations":[{"start":{"line":65,"column":12},"end":{"line":65,"column":22}},{"start":{"line":65,"column":26},"end":{"line":65,"column":58}}],"line":65},"11":{"loc":{"start":{"line":69,"column":8},"end":{"line":71,"column":9}},"type":"if","locations":[{"start":{"line":69,"column":8},"end":{"line":71,"column":9}},{"start":{},"end":{}}],"line":69},"12":{"loc":{"start":{"line":69,"column":12},"end":{"line":69,"column":61}},"type":"binary-expr","locations":[{"start":{"line":69,"column":12},"end":{"line":69,"column":18}},{"start":{"line":69,"column":22},"end":{"line":69,"column":33}},{"start":{"line":69,"column":37},"end":{"line":69,"column":61}}],"line":69},"13":{"loc":{"start":{"line":73,"column":8},"end":{"line":80,"column":9}},"type":"if","locations":[{"start":{"line":73,"column":8},"end":{"line":80,"column":9}},{"start":{},"end":{}}],"line":73}},"s":{"0":2,"1":0,"2":0,"3":0,"4":0,"5":0,"6":0,"7":0,"8":0,"9":0,"10":0,"11":0,"12":0,"13":6,"14":6,"15":6,"16":6,"17":4,"18":6,"19":1,"20":6,"21":1,"22":5,"23":3,"24":3,"25":2,"26":3,"27":3,"28":3,"29":3,"30":2,"31":3,"32":0,"33":3,"34":2,"35":1,"36":2,"37":1,"38":2},"f":{"0":0,"1":0,"2":6,"3":3},"b":{"0":[0,0],"1":[0,0],"2":[0,0],"3":[0,0],"4":[4,2],"5":[6,4],"6":[1,5],"7":[6,2,2],"8":[1,5],"9":[2,1],"10":[3,2],"11":[0,3],"12":[3,1,1],"13":[2,1]},"_coverageSchema":"1a1c01bbd47fc00a2c39e90264f33305004495a9","hash":"0c2ef238bf0ded38b26a14254a61bae6cb638b36"}
,"C:\\Users\\nikon\\OneDrive\\Desktop\\QuickLearn\\QuickLearn-Backend\\src\\middleware\\rateLimiter.js": {"path":"C:\\Users\\nikon\\OneDrive\\Desktop\\QuickLearn\\QuickLearn-Backend\\src\\middleware\\rateLimiter.js","statementMap":{"0":{"start":{"line":1,"column":18},"end":{"line":1,"column":47}},"1":{"start":{"line":3,"column":21},"end":{"line":9,"column":2}},"2":{"start":{"line":11,"column":0},"end":{"line":11,"column":34}}},"fnMap":{},"branchMap":{},"s":{"0":0,"1":0,"2":0},"f":{},"b":{}}
,"C:\\Users\\nikon\\OneDrive\\Desktop\\QuickLearn\\QuickLearn-Backend\\src\\models\\Achievement.js": {"path":"C:\\Users\\nikon\\OneDrive\\Desktop\\QuickLearn\\QuickLearn-Backend\\src\\models\\Achievement.js","statementMap":{"0":{"start":{"line":1,"column":20},"end":{"line":1,"column":43}},"1":{"start":{"line":5,"column":8},"end":{"line":5,"column":26}},"2":{"start":{"line":6,"column":8},"end":{"line":6,"column":30}},"3":{"start":{"line":7,"column":8},"end":{"line":7,"column":30}},"4":{"start":{"line":8,"column":8},"end":{"line":8,"column":44}},"5":{"start":{"line":9,"column":8},"end":{"line":9,"column":30}},"6":{"start":{"line":10,"column":8},"end":{"line":10,"column":38}},"7":{"start":{"line":11,"column":8},"end":{"line":11,"column":34}},"8":{"start":{"line":12,"column":8},"end":{"line":12,"column":39}},"9":{"start":{"line":13,"column":8},"end":{"line":13,"column":41}},"10":{"start":{"line":14,"column":8},"end":{"line":14,"column":41}},"11":{"start":{"line":18,"column":21},"end":{"line":18,"column":36}},"12":{"start":{"line":19,"column":23},"end":{"line":22,"column":9}},"13":{"start":{"line":24,"column":8},"end":{"line":24,"column":43}},"14":{"start":{"line":24,"column":31},"end":{"line":24,"column":43}},"15":{"start":{"line":25,"column":8},"end":{"line":25,"column":40}},"16":{"start":{"line":29,"column":21},"end":{"line":29,"column":36}},"17":{"start":{"line":30,"column":23},"end":{"line":30,"column":83}},"18":{"start":{"line":31,"column":8},"end":{"line":31,"column":53}},"19":{"start":{"line":31,"column":31},"end":{"line":31,"column":51}},"20":{"start":{"line":35,"column":21},"end":{"line":35,"column":36}},"21":{"start":{"line":36,"column":23},"end":{"line":39,"column":9}},"22":{"start":{"line":41,"column":8},"end":{"line":41,"column":43}},"23":{"start":{"line":41,"column":31},"end":{"line":41,"column":43}},"24":{"start":{"line":42,"column":8},"end":{"line":42,"column":40}},"25":{"start":{"line":46,"column":8},"end":{"line":57,"column":10}},"26":{"start":{"line":61,"column":0},"end":{"line":61,"column":29}}},"fnMap":{"0":{"name":"(anonymous_0)","decl":{"start":{"line":4,"column":4},"end":{"line":4,"column":5}},"loc":{"start":{"line":4,"column":22},"end":{"line":15,"column":5}},"line":4},"1":{"name":"(anonymous_1)","decl":{"start":{"line":17,"column":4},"end":{"line":17,"column":5}},"loc":{"start":{"line":17,"column":34},"end":{"line":26,"column":5}},"line":17},"2":{"name":"(anonymous_2)","decl":{"start":{"line":28,"column":4},"end":{"line":28,"column":5}},"loc":{"start":{"line":28,"column":27},"end":{"line":32,"column":5}},"line":28},"3":{"name":"(anonymous_3)","decl":{"start":{"line":31,"column":24},"end":{"line":31,"column":25}},"loc":{"start":{"line":31,"column":31},"end":{"line":31,"column":51}},"line":31},"4":{"name":"(anonymous_4)","decl":{"start":{"line":34,"column":4},"end":{"line":34,"column":5}},"loc":{"start":{"line":34,"column":30},"end":{"line":43,"column":5}},"line":34},"5":{"name":"(anonymous_5)","decl":{"start":{"line":45,"column":4},"end":{"line":45,"column":5}},"loc":{"start":{"line":45,"column":13},"end":{"line":58,"column":5}},"line":45}},"branchMap":{"0":{"loc":{"start":{"line":12,"column":22},"end":{"line":12,"column":38}},"type":"binary-expr","locations":[{"start":{"line":12,"column":22},"end":{"line":12,"column":33}},{"start":{"line":12,"column":37},"end":{"line":12,"column":38}}],"line":12},"1":{"loc":{"start":{"line":24,"column":8},"end":{"line":24,"column":43}},"type":"if","locations":[{"start":{"line":24,"column":8},"end":{"line":24,"column":43}},{"start":{},"end":{}}],"line":24},"2":{"loc":{"start":{"line":41,"column":8},"end":{"line":41,"column":43}},"type":"if","locations":[{"start":{"line":41,"column":8},"end":{"line":41,"column":43}},{"start":{},"end":{}}],"line":41}},"s":{"0":0,"1":0,"2":0,"3":0,"4":0,"5":0,"6":0,"7":0,"8":0,"9":0,"10":0,"11":0,"12":0,"13":0,"14":0,"15":0,"16":0,"17":0,"18":0,"19":0,"20":0,"21":0,"22":0,"23":0,"24":0,"25":0,"26":0},"f":{"0":0,"1":0,"2":0,"3":0,"4":0,"5":0},"b":{"0":[0,0],"1":[0,0],"2":[0,0]}}
,"C:\\Users\\nikon\\OneDrive\\Desktop\\QuickLearn\\QuickLearn-Backend\\src\\models\\AdaptiveAnswer.js": {"path":"C:\\Users\\nikon\\OneDrive\\Desktop\\QuickLearn\\QuickLearn-Backend\\src\\models\\AdaptiveAnswer.js","statementMap":{"0":{"start":{"line":1,"column":20},"end":{"line":1,"column":43}},"1":{"start":{"line":5,"column":8},"end":{"line":5,"column":25}},"2":{"start":{"line":6,"column":8},"end":{"line":6,"column":40}},"3":{"start":{"line":7,"column":8},"end":{"line":7,"column":42}},"4":{"start":{"line":8,"column":8},"end":{"line":8,"column":79}},"5":{"start":{"line":9,"column":8},"end":{"line":9,"column":42}},"6":{"start":{"line":10,"column":8},"end":{"line":10,"column":40}},"7":{"start":{"line":11,"column":8},"end":{"line":11,"column":40}},"8":{"start":{"line":15,"column":21},"end":{"line":15,"column":36}},"9":{"start":{"line":16,"column":25},"end":{"line":21,"column":9}},"10":{"start":{"line":22,"column":8},"end":{"line":22,"column":62}},"11":{"start":{"line":26,"column":21},"end":{"line":26,"column":36}},"12":{"start":{"line":27,"column":23},"end":{"line":27,"column":94}},"13":{"start":{"line":28,"column":8},"end":{"line":28,"column":38}},"14":{"start":{"line":28,"column":26},"end":{"line":28,"column":38}},"15":{"start":{"line":29,"column":8},"end":{"line":29,"column":43}},"16":{"start":{"line":33,"column":0},"end":{"line":33,"column":32}}},"fnMap":{"0":{"name":"(anonymous_0)","decl":{"start":{"line":4,"column":4},"end":{"line":4,"column":5}},"loc":{"start":{"line":4,"column":21},"end":{"line":12,"column":5}},"line":4},"1":{"name":"(anonymous_1)","decl":{"start":{"line":14,"column":4},"end":{"line":14,"column":5}},"loc":{"start":{"line":14,"column":92},"end":{"line":23,"column":5}},"line":14},"2":{"name":"(anonymous_2)","decl":{"start":{"line":25,"column":4},"end":{"line":25,"column":5}},"loc":{"start":{"line":25,"column":30},"end":{"line":30,"column":5}},"line":25}},"branchMap":{"0":{"loc":{"start":{"line":8,"column":26},"end":{"line":8,"column":78}},"type":"cond-expr","locations":[{"start":{"line":8,"column":44},"end":{"line":8,"column":71}},{"start":{"line":8,"column":74},"end":{"line":8,"column":78}}],"line":8},"1":{"loc":{"start":{"line":14,"column":72},"end":{"line":14,"column":88}},"type":"default-arg","locations":[{"start":{"line":14,"column":84},"end":{"line":14,"column":88}}],"line":14},"2":{"loc":{"start":{"line":20,"column":64},"end":{"line":20,"column":81}},"type":"cond-expr","locations":[{"start":{"line":20,"column":76},"end":{"line":20,"column":77}},{"start":{"line":20,"column":80},"end":{"line":20,"column":81}}],"line":20},"3":{"loc":{"start":{"line":28,"column":8},"end":{"line":28,"column":38}},"type":"if","locations":[{"start":{"line":28,"column":8},"end":{"line":28,"column":38}},{"start":{},"end":{}}],"line":28}},"s":{"0":0,"1":0,"2":0,"3":0,"4":0,"5":0,"6":0,"7":0,"8":0,"9":0,"10":0,"11":0,"12":0,"13":0,"14":0,"15":0,"16":0},"f":{"0":0,"1":0,"2":0},"b":{"0":[0,0],"1":[0],"2":[0,0],"3":[0,0]}}
,"C:\\Users\\nikon\\OneDrive\\Desktop\\QuickLearn\\QuickLearn-Backend\\src\\models\\AdaptiveQuestion.js": {"path":"C:\\Users\\nikon\\OneDrive\\Desktop\\QuickLearn\\QuickLearn-Backend\\src\\models\\AdaptiveQuestion.js","statementMap":{"0":{"start":{"line":1,"column":20},"end":{"line":1,"column":43}},"1":{"start":{"line":5,"column":8},"end":{"line":5,"column":25}},"2":{"start":{"line":6,"column":8},"end":{"line":6,"column":40}},"3":{"start":{"line":7,"column":8},"end":{"line":7,"column":29}},"4":{"start":{"line":8,"column":8},"end":{"line":8,"column":41}},"5":{"start":{"line":9,"column":8},"end":{"line":9,"column":29}},"6":{"start":{"line":10,"column":8},"end":{"line":10,"column":29}},"7":{"start":{"line":11,"column":8},"end":{"line":11,"column":68}},"8":{"start":{"line":12,"column":8},"end":{"line":12,"column":88}},"9":{"start":{"line":13,"column":8},"end":{"line":13,"column":43}},"10":{"start":{"line":14,"column":8},"end":{"line":14,"column":31}},"11":{"start":{"line":15,"column":8},"end":{"line":15,"column":38}},"12":{"start":{"line":16,"column":8},"end":{"line":16,"column":42}},"13":{"start":{"line":17,"column":8},"end":{"line":17,"column":40}},"14":{"start":{"line":21,"column":21},"end":{"line":21,"column":36}},"15":{"start":{"line":22,"column":25},"end":{"line":27,"column":9}},"16":{"start":{"line":28,"column":8},"end":{"line":28,"column":64}},"17":{"start":{"line":32,"column":21},"end":{"line":32,"column":36}},"18":{"start":{"line":33,"column":23},"end":{"line":33,"column":96}},"19":{"start":{"line":34,"column":8},"end":{"line":34,"column":38}},"20":{"start":{"line":34,"column":26},"end":{"line":34,"column":38}},"21":{"start":{"line":35,"column":8},"end":{"line":35,"column":45}},"22":{"start":{"line":39,"column":21},"end":{"line":39,"column":36}},"23":{"start":{"line":40,"column":23},"end":{"line":43,"column":9}},"24":{"start":{"line":44,"column":8},"end":{"line":44,"column":38}},"25":{"start":{"line":44,"column":26},"end":{"line":44,"column":38}},"26":{"start":{"line":45,"column":8},"end":{"line":45,"column":45}},"27":{"start":{"line":49,"column":21},"end":{"line":49,"column":36}},"28":{"start":{"line":50,"column":23},"end":{"line":53,"column":9}},"29":{"start":{"line":54,"column":8},"end":{"line":54,"column":38}},"30":{"start":{"line":54,"column":26},"end":{"line":54,"column":38}},"31":{"start":{"line":55,"column":8},"end":{"line":55,"column":45}},"32":{"start":{"line":59,"column":21},"end":{"line":59,"column":36}},"33":{"start":{"line":60,"column":8},"end":{"line":60,"column":104}},"34":{"start":{"line":61,"column":8},"end":{"line":61,"column":56}},"35":{"start":{"line":65,"column":0},"end":{"line":65,"column":34}}},"fnMap":{"0":{"name":"(anonymous_0)","decl":{"start":{"line":4,"column":4},"end":{"line":4,"column":5}},"loc":{"start":{"line":4,"column":21},"end":{"line":18,"column":5}},"line":4},"1":{"name":"(anonymous_1)","decl":{"start":{"line":20,"column":4},"end":{"line":20,"column":5}},"loc":{"start":{"line":20,"column":120},"end":{"line":29,"column":5}},"line":20},"2":{"name":"(anonymous_2)","decl":{"start":{"line":31,"column":4},"end":{"line":31,"column":5}},"loc":{"start":{"line":31,"column":30},"end":{"line":36,"column":5}},"line":31},"3":{"name":"(anonymous_3)","decl":{"start":{"line":38,"column":4},"end":{"line":38,"column":5}},"loc":{"start":{"line":38,"column":47},"end":{"line":46,"column":5}},"line":38},"4":{"name":"(anonymous_4)","decl":{"start":{"line":48,"column":4},"end":{"line":48,"column":5}},"loc":{"start":{"line":48,"column":50},"end":{"line":56,"column":5}},"line":48},"5":{"name":"(anonymous_5)","decl":{"start":{"line":58,"column":4},"end":{"line":58,"column":5}},"loc":{"start":{"line":58,"column":25},"end":{"line":62,"column":5}},"line":58}},"branchMap":{"0":{"loc":{"start":{"line":11,"column":23},"end":{"line":11,"column":67}},"type":"cond-expr","locations":[{"start":{"line":11,"column":37},"end":{"line":11,"column":60}},{"start":{"line":11,"column":63},"end":{"line":11,"column":67}}],"line":11},"1":{"loc":{"start":{"line":12,"column":29},"end":{"line":12,"column":87}},"type":"cond-expr","locations":[{"start":{"line":12,"column":50},"end":{"line":12,"column":80}},{"start":{"line":12,"column":83},"end":{"line":12,"column":87}}],"line":12},"2":{"loc":{"start":{"line":20,"column":104},"end":{"line":20,"column":116}},"type":"default-arg","locations":[{"start":{"line":20,"column":112},"end":{"line":20,"column":116}}],"line":20},"3":{"loc":{"start":{"line":26,"column":54},"end":{"line":26,"column":94}},"type":"cond-expr","locations":[{"start":{"line":26,"column":64},"end":{"line":26,"column":87}},{"start":{"line":26,"column":90},"end":{"line":26,"column":94}}],"line":26},"4":{"loc":{"start":{"line":26,"column":96},"end":{"line":26,"column":148}},"type":"cond-expr","locations":[{"start":{"line":26,"column":112},"end":{"line":26,"column":141}},{"start":{"line":26,"column":144},"end":{"line":26,"column":148}}],"line":26},"5":{"loc":{"start":{"line":26,"column":150},"end":{"line":26,"column":169}},"type":"binary-expr","locations":[{"start":{"line":26,"column":150},"end":{"line":26,"column":161}},{"start":{"line":26,"column":165},"end":{"line":26,"column":169}}],"line":26},"6":{"loc":{"start":{"line":34,"column":8},"end":{"line":34,"column":38}},"type":"if","locations":[{"start":{"line":34,"column":8},"end":{"line":34,"column":38}},{"start":{},"end":{}}],"line":34},"7":{"loc":{"start":{"line":44,"column":8},"end":{"line":44,"column":38}},"type":"if","locations":[{"start":{"line":44,"column":8},"end":{"line":44,"column":38}},{"start":{},"end":{}}],"line":44},"8":{"loc":{"start":{"line":54,"column":8},"end":{"line":54,"column":38}},"type":"if","locations":[{"start":{"line":54,"column":8},"end":{"line":54,"column":38}},{"start":{},"end":{}}],"line":54}},"s":{"0":0,"1":0,"2":0,"3":0,"4":0,"5":0,"6":0,"7":0,"8":0,"9":0,"10":0,"11":0,"12":0,"13":0,"14":0,"15":0,"16":0,"17":0,"18":0,"19":0,"20":0,"21":0,"22":0,"23":0,"24":0,"25":0,"26":0,"27":0,"28":0,"29":0,"30":0,"31":0,"32":0,"33":0,"34":0,"35":0},"f":{"0":0,"1":0,"2":0,"3":0,"4":0,"5":0},"b":{"0":[0,0],"1":[0,0],"2":[0],"3":[0,0],"4":[0,0],"5":[0,0],"6":[0,0],"7":[0,0],"8":[0,0]}}
,"C:\\Users\\nikon\\OneDrive\\Desktop\\QuickLearn\\QuickLearn-Backend\\src\\models\\AdaptiveSession.js": {"path":"C:\\Users\\nikon\\OneDrive\\Desktop\\QuickLearn\\QuickLearn-Backend\\src\\models\\AdaptiveSession.js","statementMap":{"0":{"start":{"line":1,"column":20},"end":{"line":1,"column":43}},"1":{"start":{"line":2,"column":23},"end":{"line":2,"column":38}},"2":{"start":{"line":6,"column":8},"end":{"line":6,"column":25}},"3":{"start":{"line":7,"column":8},"end":{"line":7,"column":29}},"4":{"start":{"line":8,"column":8},"end":{"line":8,"column":34}},"5":{"start":{"line":9,"column":8},"end":{"line":9,"column":33}},"6":{"start":{"line":10,"column":8},"end":{"line":10,"column":56}},"7":{"start":{"line":11,"column":8},"end":{"line":11,"column":31}},"8":{"start":{"line":12,"column":8},"end":{"line":12,"column":35}},"9":{"start":{"line":13,"column":8},"end":{"line":13,"column":44}},"10":{"start":{"line":14,"column":8},"end":{"line":14,"column":46}},"11":{"start":{"line":15,"column":8},"end":{"line":15,"column":78}},"12":{"start":{"line":16,"column":8},"end":{"line":16,"column":47}},"13":{"start":{"line":17,"column":8},"end":{"line":17,"column":42}},"14":{"start":{"line":18,"column":8},"end":{"line":18,"column":40}},"15":{"start":{"line":19,"column":8},"end":{"line":19,"column":40}},"16":{"start":{"line":23,"column":21},"end":{"line":23,"column":36}},"17":{"start":{"line":24,"column":21},"end":{"line":24,"column":29}},"18":{"start":{"line":25,"column":25},"end":{"line":30,"column":9}},"19":{"start":{"line":31,"column":8},"end":{"line":31,"column":63}},"20":{"start":{"line":35,"column":21},"end":{"line":35,"column":36}},"21":{"start":{"line":36,"column":23},"end":{"line":36,"column":95}},"22":{"start":{"line":37,"column":8},"end":{"line":37,"column":38}},"23":{"start":{"line":37,"column":26},"end":{"line":37,"column":38}},"24":{"start":{"line":38,"column":8},"end":{"line":38,"column":44}},"25":{"start":{"line":42,"column":21},"end":{"line":42,"column":36}},"26":{"start":{"line":43,"column":23},"end":{"line":43,"column":99}},"27":{"start":{"line":44,"column":8},"end":{"line":44,"column":38}},"28":{"start":{"line":44,"column":26},"end":{"line":44,"column":38}},"29":{"start":{"line":45,"column":8},"end":{"line":45,"column":44}},"30":{"start":{"line":49,"column":21},"end":{"line":49,"column":36}},"31":{"start":{"line":50,"column":23},"end":{"line":50,"column":123}},"32":{"start":{"line":51,"column":8},"end":{"line":51,"column":38}},"33":{"start":{"line":51,"column":26},"end":{"line":51,"column":38}},"34":{"start":{"line":52,"column":8},"end":{"line":52,"column":44}},"35":{"start":{"line":56,"column":21},"end":{"line":56,"column":36}},"36":{"start":{"line":57,"column":21},"end":{"line":57,"column":23}},"37":{"start":{"line":58,"column":23},"end":{"line":58,"column":25}},"38":{"start":{"line":59,"column":8},"end":{"line":59,"column":97}},"39":{"start":{"line":59,"column":43},"end":{"line":59,"column":67}},"40":{"start":{"line":59,"column":68},"end":{"line":59,"column":95}},"41":{"start":{"line":60,"column":8},"end":{"line":60,"column":131}},"42":{"start":{"line":60,"column":54},"end":{"line":60,"column":90}},"43":{"start":{"line":60,"column":91},"end":{"line":60,"column":129}},"44":{"start":{"line":61,"column":8},"end":{"line":61,"column":94}},"45":{"start":{"line":61,"column":42},"end":{"line":61,"column":65}},"46":{"start":{"line":61,"column":66},"end":{"line":61,"column":92}},"47":{"start":{"line":62,"column":8},"end":{"line":62,"column":100}},"48":{"start":{"line":62,"column":44},"end":{"line":62,"column":69}},"49":{"start":{"line":62,"column":70},"end":{"line":62,"column":98}},"50":{"start":{"line":63,"column":8},"end":{"line":63,"column":113}},"51":{"start":{"line":63,"column":48},"end":{"line":63,"column":78}},"52":{"start":{"line":63,"column":79},"end":{"line":63,"column":111}},"53":{"start":{"line":64,"column":8},"end":{"line":64,"column":116}},"54":{"start":{"line":64,"column":49},"end":{"line":64,"column":80}},"55":{"start":{"line":64,"column":81},"end":{"line":64,"column":114}},"56":{"start":{"line":65,"column":8},"end":{"line":65,"column":128}},"57":{"start":{"line":65,"column":48},"end":{"line":65,"column":77}},"58":{"start":{"line":65,"column":78},"end":{"line":65,"column":126}},"59":{"start":{"line":66,"column":8},"end":{"line":66,"column":38}},"60":{"start":{"line":66,"column":26},"end":{"line":66,"column":38}},"61":{"start":{"line":67,"column":8},"end":{"line":67,"column":29}},"62":{"start":{"line":68,"column":8},"end":{"line":68,"column":99}},"63":{"start":{"line":69,"column":8},"end":{"line":69,"column":55}},"64":{"start":{"line":73,"column":21},"end":{"line":73,"column":36}},"65":{"start":{"line":74,"column":23},"end":{"line":74,"column":101}},"66":{"start":{"line":75,"column":8},"end":{"line":75,"column":36}},"67":{"start":{"line":75,"column":26},"end":{"line":75,"column":36}},"68":{"start":{"line":76,"column":8},"end":{"line":76,"column":37}},"69":{"start":{"line":80,"column":0},"end":{"line":80,"column":33}}},"fnMap":{"0":{"name":"(anonymous_0)","decl":{"start":{"line":5,"column":4},"end":{"line":5,"column":5}},"loc":{"start":{"line":5,"column":21},"end":{"line":20,"column":5}},"line":5},"1":{"name":"(anonymous_1)","decl":{"start":{"line":22,"column":4},"end":{"line":22,"column":5}},"loc":{"start":{"line":22,"column":159},"end":{"line":32,"column":5}},"line":22},"2":{"name":"(anonymous_2)","decl":{"start":{"line":34,"column":4},"end":{"line":34,"column":5}},"loc":{"start":{"line":34,"column":30},"end":{"line":39,"column":5}},"line":34},"3":{"name":"(anonymous_3)","decl":{"start":{"line":41,"column":4},"end":{"line":41,"column":5}},"loc":{"start":{"line":41,"column":34},"end":{"line":46,"column":5}},"line":41},"4":{"name":"(anonymous_4)","decl":{"start":{"line":48,"column":4},"end":{"line":48,"column":5}},"loc":{"start":{"line":48,"column":55},"end":{"line":53,"column":5}},"line":48},"5":{"name":"(anonymous_5)","decl":{"start":{"line":55,"column":4},"end":{"line":55,"column":5}},"loc":{"start":{"line":55,"column":25},"end":{"line":70,"column":5}},"line":55},"6":{"name":"(anonymous_6)","decl":{"start":{"line":72,"column":4},"end":{"line":72,"column":5}},"loc":{"start":{"line":72,"column":36},"end":{"line":77,"column":5}},"line":72}},"branchMap":{"0":{"loc":{"start":{"line":15,"column":27},"end":{"line":15,"column":77}},"type":"cond-expr","locations":[{"start":{"line":15,"column":45},"end":{"line":15,"column":72}},{"start":{"line":15,"column":75},"end":{"line":15,"column":77}}],"line":15},"1":{"loc":{"start":{"line":22,"column":34},"end":{"line":22,"column":62}},"type":"default-arg","locations":[{"start":{"line":22,"column":54},"end":{"line":22,"column":62}}],"line":22},"2":{"loc":{"start":{"line":22,"column":64},"end":{"line":22,"column":81}},"type":"default-arg","locations":[{"start":{"line":22,"column":79},"end":{"line":22,"column":81}}],"line":22},"3":{"loc":{"start":{"line":22,"column":83},"end":{"line":22,"column":99}},"type":"default-arg","locations":[{"start":{"line":22,"column":97},"end":{"line":22,"column":99}}],"line":22},"4":{"loc":{"start":{"line":22,"column":101},"end":{"line":22,"column":120}},"type":"default-arg","locations":[{"start":{"line":22,"column":116},"end":{"line":22,"column":120}}],"line":22},"5":{"loc":{"start":{"line":22,"column":122},"end":{"line":22,"column":139}},"type":"default-arg","locations":[{"start":{"line":22,"column":135},"end":{"line":22,"column":139}}],"line":22},"6":{"loc":{"start":{"line":22,"column":141},"end":{"line":22,"column":155}},"type":"default-arg","locations":[{"start":{"line":22,"column":151},"end":{"line":22,"column":155}}],"line":22},"7":{"loc":{"start":{"line":29,"column":75},"end":{"line":29,"column":92}},"type":"binary-expr","locations":[{"start":{"line":29,"column":75},"end":{"line":29,"column":86}},{"start":{"line":29,"column":90},"end":{"line":29,"column":92}}],"line":29},"8":{"loc":{"start":{"line":37,"column":8},"end":{"line":37,"column":38}},"type":"if","locations":[{"start":{"line":37,"column":8},"end":{"line":37,"column":38}},{"start":{},"end":{}}],"line":37},"9":{"loc":{"start":{"line":44,"column":8},"end":{"line":44,"column":38}},"type":"if","locations":[{"start":{"line":44,"column":8},"end":{"line":44,"column":38}},{"start":{},"end":{}}],"line":44},"10":{"loc":{"start":{"line":51,"column":8},"end":{"line":51,"column":38}},"type":"if","locations":[{"start":{"line":51,"column":8},"end":{"line":51,"column":38}},{"start":{},"end":{}}],"line":51},"11":{"loc":{"start":{"line":59,"column":8},"end":{"line":59,"column":97}},"type":"if","locations":[{"start":{"line":59,"column":8},"end":{"line":59,"column":97}},{"start":{},"end":{}}],"line":59},"12":{"loc":{"start":{"line":60,"column":8},"end":{"line":60,"column":131}},"type":"if","locations":[{"start":{"line":60,"column":8},"end":{"line":60,"column":131}},{"start":{},"end":{}}],"line":60},"13":{"loc":{"start":{"line":61,"column":8},"end":{"line":61,"column":94}},"type":"if","locations":[{"start":{"line":61,"column":8},"end":{"line":61,"column":94}},{"start":{},"end":{}}],"line":61},"14":{"loc":{"start":{"line":62,"column":8},"end":{"line":62,"column":100}},"type":"if","locations":[{"start":{"line":62,"column":8},"end":{"line":62,"column":100}},{"start":{},"end":{}}],"line":62},"15":{"loc":{"start":{"line":63,"column":8},"end":{"line":63,"column":113}},"type":"if","locations":[{"start":{"line":63,"column":8},"end":{"line":63,"column":113}},{"start":{},"end":{}}],"line":63},"16":{"loc":{"start":{"line":64,"column":8},"end":{"line":64,"column":116}},"type":"if","locations":[{"start":{"line":64,"column":8},"end":{"line":64,"column":116}},{"start":{},"end":{}}],"line":64},"17":{"loc":{"start":{"line":65,"column":8},"end":{"line":65,"column":128}},"type":"if","locations":[{"start":{"line":65,"column":8},"end":{"line":65,"column":128}},{"start":{},"end":{}}],"line":65},"18":{"loc":{"start":{"line":66,"column":8},"end":{"line":66,"column":38}},"type":"if","locations":[{"start":{"line":66,"column":8},"end":{"line":66,"column":38}},{"start":{},"end":{}}],"line":66},"19":{"loc":{"start":{"line":75,"column":8},"end":{"line":75,"column":36}},"type":"if","locations":[{"start":{"line":75,"column":8},"end":{"line":75,"column":36}},{"start":{},"end":{}}],"line":75},"20":{"loc":{"start":{"line":76,"column":15},"end":{"line":76,"column":36}},"type":"binary-expr","locations":[{"start":{"line":76,"column":15},"end":{"line":76,"column":30}},{"start":{"line":76,"column":34},"end":{"line":76,"column":36}}],"line":76}},"s":{"0":0,"1":0,"2":0,"3":0,"4":0,"5":0,"6":0,"7":0,"8":0,"9":0,"10":0,"11":0,"12":0,"13":0,"14":0,"15":0,"16":0,"17":0,"18":0,"19":0,"20":0,"21":0,"22":0,"23":0,"24":0,"25":0,"26":0,"27":0,"28":0,"29":0,"30":0,"31":0,"32":0,"33":0,"34":0,"35":0,"36":0,"37":0,"38":0,"39":0,"40":0,"41":0,"42":0,"43":0,"44":0,"45":0,"46":0,"47":0,"48":0,"49":0,"50":0,"51":0,"52":0,"53":0,"54":0,"55":0,"56":0,"57":0,"58":0,"59":0,"60":0,"61":0,"62":0,"63":0,"64":0,"65":0,"66":0,"67":0,"68":0,"69":0},"f":{"0":0,"1":0,"2":0,"3":0,"4":0,"5":0,"6":0},"b":{"0":[0,0],"1":[0],"2":[0],"3":[0],"4":[0],"5":[0],"6":[0],"7":[0,0],"8":[0,0],"9":[0,0],"10":[0,0],"11":[0,0],"12":[0,0],"13":[0,0],"14":[0,0],"15":[0,0],"16":[0,0],"17":[0,0],"18":[0,0],"19":[0,0],"20":[0,0]}}
,"C:\\Users\\nikon\\OneDrive\\Desktop\\QuickLearn\\QuickLearn-Backend\\src\\models\\File.js": {"path":"C:\\Users\\nikon\\OneDrive\\Desktop\\QuickLearn\\QuickLearn-Backend\\src\\models\\File.js","statementMap":{"0":{"start":{"line":1,"column":20},"end":{"line":1,"column":43}},"1":{"start":{"line":2,"column":32},"end":{"line":2,"column":63}},"2":{"start":{"line":6,"column":8},"end":{"line":6,"column":26}},"3":{"start":{"line":7,"column":8},"end":{"line":7,"column":35}},"4":{"start":{"line":8,"column":8},"end":{"line":8,"column":39}},"5":{"start":{"line":9,"column":8},"end":{"line":9,"column":47}},"6":{"start":{"line":10,"column":8},"end":{"line":10,"column":34}},"7":{"start":{"line":11,"column":8},"end":{"line":11,"column":28}},"8":{"start":{"line":12,"column":8},"end":{"line":12,"column":41}},"9":{"start":{"line":13,"column":8},"end":{"line":13,"column":32}},"10":{"start":{"line":14,"column":8},"end":{"line":14,"column":32}},"11":{"start":{"line":15,"column":8},"end":{"line":15,"column":34}},"12":{"start":{"line":16,"column":8},"end":{"line":16,"column":34}},"13":{"start":{"line":17,"column":8},"end":{"line":17,"column":55}},"14":{"start":{"line":18,"column":8},"end":{"line":18,"column":41}},"15":{"start":{"line":19,"column":8},"end":{"line":19,"column":41}},"16":{"start":{"line":23,"column":27},"end":{"line":23,"column":48}},"17":{"start":{"line":26,"column":30},"end":{"line":26,"column":77}},"18":{"start":{"line":27,"column":23},"end":{"line":27,"column":61}},"19":{"start":{"line":30,"column":30},"end":{"line":37,"column":9}},"20":{"start":{"line":40,"column":8},"end":{"line":47,"column":9}},"21":{"start":{"line":41,"column":12},"end":{"line":41,"column":47}},"22":{"start":{"line":42,"column":12},"end":{"line":42,"column":48}},"23":{"start":{"line":43,"column":15},"end":{"line":47,"column":9}},"24":{"start":{"line":44,"column":12},"end":{"line":44,"column":48}},"25":{"start":{"line":45,"column":12},"end":{"line":45,"column":48}},"26":{"start":{"line":46,"column":12},"end":{"line":46,"column":48}},"27":{"start":{"line":49,"column":8},"end":{"line":61,"column":11}},"28":{"start":{"line":50,"column":12},"end":{"line":60,"column":30}},"29":{"start":{"line":53,"column":20},"end":{"line":58,"column":21}},"30":{"start":{"line":54,"column":24},"end":{"line":54,"column":73}},"31":{"start":{"line":55,"column":24},"end":{"line":55,"column":38}},"32":{"start":{"line":57,"column":24},"end":{"line":57,"column":40}},"33":{"start":{"line":65,"column":21},"end":{"line":65,"column":36}},"34":{"start":{"line":67,"column":25},"end":{"line":85,"column":9}},"35":{"start":{"line":87,"column":8},"end":{"line":87,"column":52}},"36":{"start":{"line":91,"column":21},"end":{"line":91,"column":36}},"37":{"start":{"line":92,"column":23},"end":{"line":95,"column":9}},"38":{"start":{"line":97,"column":8},"end":{"line":97,"column":43}},"39":{"start":{"line":97,"column":31},"end":{"line":97,"column":43}},"40":{"start":{"line":98,"column":8},"end":{"line":98,"column":33}},"41":{"start":{"line":102,"column":21},"end":{"line":102,"column":36}},"42":{"start":{"line":103,"column":23},"end":{"line":106,"column":9}},"43":{"start":{"line":108,"column":8},"end":{"line":108,"column":43}},"44":{"start":{"line":108,"column":31},"end":{"line":108,"column":43}},"45":{"start":{"line":109,"column":8},"end":{"line":109,"column":33}},"46":{"start":{"line":113,"column":21},"end":{"line":113,"column":36}},"47":{"start":{"line":114,"column":23},"end":{"line":120,"column":9}},"48":{"start":{"line":122,"column":8},"end":{"line":122,"column":46}},"49":{"start":{"line":122,"column":31},"end":{"line":122,"column":44}},"50":{"start":{"line":126,"column":8},"end":{"line":158,"column":9}},"51":{"start":{"line":128,"column":37},"end":{"line":133,"column":13}},"52":{"start":{"line":136,"column":29},"end":{"line":148,"column":13}},"53":{"start":{"line":150,"column":25},"end":{"line":150,"column":52}},"54":{"start":{"line":151,"column":12},"end":{"line":154,"column":14}},"55":{"start":{"line":156,"column":12},"end":{"line":156,"column":69}},"56":{"start":{"line":157,"column":12},"end":{"line":157,"column":24}},"57":{"start":{"line":162,"column":27},"end":{"line":162,"column":48}},"58":{"start":{"line":163,"column":21},"end":{"line":163,"column":36}},"59":{"start":{"line":165,"column":8},"end":{"line":179,"column":9}},"60":{"start":{"line":167,"column":12},"end":{"line":167,"column":61}},"61":{"start":{"line":170,"column":12},"end":{"line":173,"column":14}},"62":{"start":{"line":175,"column":12},"end":{"line":175,"column":24}},"63":{"start":{"line":177,"column":12},"end":{"line":177,"column":57}},"64":{"start":{"line":178,"column":12},"end":{"line":178,"column":24}},"65":{"start":{"line":183,"column":21},"end":{"line":183,"column":44}},"66":{"start":{"line":184,"column":8},"end":{"line":186,"column":9}},"67":{"start":{"line":185,"column":12},"end":{"line":185,"column":25}},"68":{"start":{"line":188,"column":8},"end":{"line":188,"column":35}},"69":{"start":{"line":192,"column":8},"end":{"line":206,"column":10}},"70":{"start":{"line":210,"column":8},"end":{"line":210,"column":47}},"71":{"start":{"line":210,"column":25},"end":{"line":210,"column":47}},"72":{"start":{"line":212,"column":22},"end":{"line":212,"column":45}},"73":{"start":{"line":213,"column":19},"end":{"line":213,"column":29}},"74":{"start":{"line":214,"column":24},"end":{"line":214,"column":25}},"75":{"start":{"line":216,"column":8},"end":{"line":219,"column":9}},"76":{"start":{"line":217,"column":12},"end":{"line":217,"column":25}},"77":{"start":{"line":218,"column":12},"end":{"line":218,"column":24}},"78":{"start":{"line":221,"column":8},"end":{"line":221,"column":56}},"79":{"start":{"line":225,"column":0},"end":{"line":225,"column":22}}},"fnMap":{"0":{"name":"(anonymous_0)","decl":{"start":{"line":5,"column":4},"end":{"line":5,"column":5}},"loc":{"start":{"line":5,"column":22},"end":{"line":20,"column":5}},"line":5},"1":{"name":"(anonymous_1)","decl":{"start":{"line":22,"column":4},"end":{"line":22,"column":5}},"loc":{"start":{"line":22,"column":88},"end":{"line":62,"column":5}},"line":22},"2":{"name":"(anonymous_2)","decl":{"start":{"line":49,"column":27},"end":{"line":49,"column":28}},"loc":{"start":{"line":49,"column":48},"end":{"line":61,"column":9}},"line":49},"3":{"name":"(anonymous_3)","decl":{"start":{"line":52,"column":16},"end":{"line":52,"column":17}},"loc":{"start":{"line":52,"column":35},"end":{"line":59,"column":17}},"line":52},"4":{"name":"(anonymous_4)","decl":{"start":{"line":64,"column":4},"end":{"line":64,"column":5}},"loc":{"start":{"line":64,"column":34},"end":{"line":88,"column":5}},"line":64},"5":{"name":"(anonymous_5)","decl":{"start":{"line":90,"column":4},"end":{"line":90,"column":5}},"loc":{"start":{"line":90,"column":30},"end":{"line":99,"column":5}},"line":90},"6":{"name":"(anonymous_6)","decl":{"start":{"line":101,"column":4},"end":{"line":101,"column":5}},"loc":{"start":{"line":101,"column":42},"end":{"line":110,"column":5}},"line":101},"7":{"name":"(anonymous_7)","decl":{"start":{"line":112,"column":4},"end":{"line":112,"column":5}},"loc":{"start":{"line":112,"column":62},"end":{"line":123,"column":5}},"line":112},"8":{"name":"(anonymous_8)","decl":{"start":{"line":122,"column":24},"end":{"line":122,"column":25}},"loc":{"start":{"line":122,"column":31},"end":{"line":122,"column":44}},"line":122},"9":{"name":"(anonymous_9)","decl":{"start":{"line":125,"column":4},"end":{"line":125,"column":5}},"loc":{"start":{"line":125,"column":83},"end":{"line":159,"column":5}},"line":125},"10":{"name":"(anonymous_10)","decl":{"start":{"line":161,"column":4},"end":{"line":161,"column":5}},"loc":{"start":{"line":161,"column":19},"end":{"line":180,"column":5}},"line":161},"11":{"name":"(anonymous_11)","decl":{"start":{"line":182,"column":4},"end":{"line":182,"column":5}},"loc":{"start":{"line":182,"column":36},"end":{"line":189,"column":5}},"line":182},"12":{"name":"(anonymous_12)","decl":{"start":{"line":191,"column":4},"end":{"line":191,"column":5}},"loc":{"start":{"line":191,"column":13},"end":{"line":207,"column":5}},"line":191},"13":{"name":"(anonymous_13)","decl":{"start":{"line":209,"column":4},"end":{"line":209,"column":5}},"loc":{"start":{"line":209,"column":23},"end":{"line":222,"column":5}},"line":209}},"branchMap":{"0":{"loc":{"start":{"line":22,"column":74},"end":{"line":22,"column":86}},"type":"default-arg","locations":[{"start":{"line":22,"column":84},"end":{"line":22,"column":86}}],"line":22},"1":{"loc":{"start":{"line":40,"column":8},"end":{"line":47,"column":9}},"type":"if","locations":[{"start":{"line":40,"column":8},"end":{"line":47,"column":9}},{"start":{"line":43,"column":15},"end":{"line":47,"column":9}}],"line":40},"2":{"loc":{"start":{"line":43,"column":15},"end":{"line":47,"column":9}},"type":"if","locations":[{"start":{"line":43,"column":15},"end":{"line":47,"column":9}},{"start":{},"end":{}}],"line":43},"3":{"loc":{"start":{"line":53,"column":20},"end":{"line":58,"column":21}},"type":"if","locations":[{"start":{"line":53,"column":20},"end":{"line":58,"column":21}},{"start":{"line":56,"column":27},"end":{"line":58,"column":21}}],"line":53},"4":{"loc":{"start":{"line":73,"column":16},"end":{"line":73,"column":39}},"type":"binary-expr","locations":[{"start":{"line":73,"column":16},"end":{"line":73,"column":31}},{"start":{"line":73,"column":35},"end":{"line":73,"column":39}}],"line":73},"5":{"loc":{"start":{"line":74,"column":16},"end":{"line":74,"column":41}},"type":"binary-expr","locations":[{"start":{"line":74,"column":16},"end":{"line":74,"column":33}},{"start":{"line":74,"column":37},"end":{"line":74,"column":41}}],"line":74},"6":{"loc":{"start":{"line":75,"column":16},"end":{"line":75,"column":46}},"type":"binary-expr","locations":[{"start":{"line":75,"column":16},"end":{"line":75,"column":37}},{"start":{"line":75,"column":41},"end":{"line":75,"column":46}}],"line":75},"7":{"loc":{"start":{"line":76,"column":16},"end":{"line":76,"column":39}},"type":"binary-expr","locations":[{"start":{"line":76,"column":16},"end":{"line":76,"column":31}},{"start":{"line":76,"column":35},"end":{"line":76,"column":39}}],"line":76},"8":{"loc":{"start":{"line":77,"column":16},"end":{"line":77,"column":36}},"type":"binary-expr","locations":[{"start":{"line":77,"column":16},"end":{"line":77,"column":28}},{"start":{"line":77,"column":32},"end":{"line":77,"column":36}}],"line":77},"9":{"loc":{"start":{"line":78,"column":16},"end":{"line":78,"column":42}},"type":"binary-expr","locations":[{"start":{"line":78,"column":16},"end":{"line":78,"column":34}},{"start":{"line":78,"column":38},"end":{"line":78,"column":42}}],"line":78},"10":{"loc":{"start":{"line":79,"column":16},"end":{"line":79,"column":38}},"type":"binary-expr","locations":[{"start":{"line":79,"column":16},"end":{"line":79,"column":30}},{"start":{"line":79,"column":34},"end":{"line":79,"column":38}}],"line":79},"11":{"loc":{"start":{"line":80,"column":16},"end":{"line":80,"column":38}},"type":"binary-expr","locations":[{"start":{"line":80,"column":16},"end":{"line":80,"column":30}},{"start":{"line":80,"column":34},"end":{"line":80,"column":38}}],"line":80},"12":{"loc":{"start":{"line":81,"column":16},"end":{"line":81,"column":39}},"type":"binary-expr","locations":[{"start":{"line":81,"column":16},"end":{"line":81,"column":31}},{"start":{"line":81,"column":35},"end":{"line":81,"column":39}}],"line":81},"13":{"loc":{"start":{"line":82,"column":16},"end":{"line":82,"column":39}},"type":"binary-expr","locations":[{"start":{"line":82,"column":16},"end":{"line":82,"column":31}},{"start":{"line":82,"column":35},"end":{"line":82,"column":39}}],"line":82},"14":{"loc":{"start":{"line":83,"column":16},"end":{"line":83,"column":49}},"type":"binary-expr","locations":[{"start":{"line":83,"column":16},"end":{"line":83,"column":41}},{"start":{"line":83,"column":45},"end":{"line":83,"column":49}}],"line":83},"15":{"loc":{"start":{"line":97,"column":8},"end":{"line":97,"column":43}},"type":"if","locations":[{"start":{"line":97,"column":8},"end":{"line":97,"column":43}},{"start":{},"end":{}}],"line":97},"16":{"loc":{"start":{"line":108,"column":8},"end":{"line":108,"column":43}},"type":"if","locations":[{"start":{"line":108,"column":8},"end":{"line":108,"column":43}},{"start":{},"end":{}}],"line":108},"17":{"loc":{"start":{"line":112,"column":38},"end":{"line":112,"column":48}},"type":"default-arg","locations":[{"start":{"line":112,"column":46},"end":{"line":112,"column":48}}],"line":112},"18":{"loc":{"start":{"line":112,"column":50},"end":{"line":112,"column":60}},"type":"default-arg","locations":[{"start":{"line":112,"column":59},"end":{"line":112,"column":60}}],"line":112},"19":{"loc":{"start":{"line":125,"column":69},"end":{"line":125,"column":81}},"type":"default-arg","locations":[{"start":{"line":125,"column":79},"end":{"line":125,"column":81}}],"line":125},"20":{"loc":{"start":{"line":138,"column":26},"end":{"line":138,"column":60}},"type":"binary-expr","locations":[{"start":{"line":138,"column":26},"end":{"line":138,"column":52}},{"start":{"line":138,"column":56},"end":{"line":138,"column":60}}],"line":138},"21":{"loc":{"start":{"line":139,"column":30},"end":{"line":139,"column":69}},"type":"binary-expr","locations":[{"start":{"line":139,"column":30},"end":{"line":139,"column":60}},{"start":{"line":139,"column":64},"end":{"line":139,"column":69}}],"line":139},"22":{"loc":{"start":{"line":140,"column":24},"end":{"line":140,"column":55}},"type":"binary-expr","locations":[{"start":{"line":140,"column":24},"end":{"line":140,"column":47}},{"start":{"line":140,"column":51},"end":{"line":140,"column":55}}],"line":140},"23":{"loc":{"start":{"line":141,"column":21},"end":{"line":141,"column":49}},"type":"binary-expr","locations":[{"start":{"line":141,"column":21},"end":{"line":141,"column":41}},{"start":{"line":141,"column":45},"end":{"line":141,"column":49}}],"line":141},"24":{"loc":{"start":{"line":142,"column":27},"end":{"line":142,"column":62}},"type":"binary-expr","locations":[{"start":{"line":142,"column":27},"end":{"line":142,"column":54}},{"start":{"line":142,"column":58},"end":{"line":142,"column":62}}],"line":142},"25":{"loc":{"start":{"line":143,"column":23},"end":{"line":143,"column":53}},"type":"binary-expr","locations":[{"start":{"line":143,"column":23},"end":{"line":143,"column":45}},{"start":{"line":143,"column":49},"end":{"line":143,"column":53}}],"line":143},"26":{"loc":{"start":{"line":144,"column":23},"end":{"line":144,"column":53}},"type":"binary-expr","locations":[{"start":{"line":144,"column":23},"end":{"line":144,"column":45}},{"start":{"line":144,"column":49},"end":{"line":144,"column":53}}],"line":144},"27":{"loc":{"start":{"line":145,"column":24},"end":{"line":145,"column":55}},"type":"binary-expr","locations":[{"start":{"line":145,"column":24},"end":{"line":145,"column":47}},{"start":{"line":145,"column":51},"end":{"line":145,"column":55}}],"line":145},"28":{"loc":{"start":{"line":146,"column":24},"end":{"line":146,"column":55}},"type":"binary-expr","locations":[{"start":{"line":146,"column":24},"end":{"line":146,"column":47}},{"start":{"line":146,"column":51},"end":{"line":146,"column":55}}],"line":146},"29":{"loc":{"start":{"line":147,"column":34},"end":{"line":147,"column":58}},"type":"binary-expr","locations":[{"start":{"line":147,"column":34},"end":{"line":147,"column":50}},{"start":{"line":147,"column":54},"end":{"line":147,"column":58}}],"line":147},"30":{"loc":{"start":{"line":184,"column":8},"end":{"line":186,"column":9}},"type":"if","locations":[{"start":{"line":184,"column":8},"end":{"line":186,"column":9}},{"start":{},"end":{}}],"line":184},"31":{"loc":{"start":{"line":184,"column":12},"end":{"line":184,"column":59}},"type":"binary-expr","locations":[{"start":{"line":184,"column":12},"end":{"line":184,"column":17}},{"start":{"line":184,"column":21},"end":{"line":184,"column":59}}],"line":184},"32":{"loc":{"start":{"line":210,"column":8},"end":{"line":210,"column":47}},"type":"if","locations":[{"start":{"line":210,"column":8},"end":{"line":210,"column":47}},{"start":{},"end":{}}],"line":210},"33":{"loc":{"start":{"line":216,"column":15},"end":{"line":216,"column":59}},"type":"binary-expr","locations":[{"start":{"line":216,"column":15},"end":{"line":216,"column":27}},{"start":{"line":216,"column":31},"end":{"line":216,"column":59}}],"line":216}},"s":{"0":2,"1":2,"2":0,"3":0,"4":0,"5":0,"6":0,"7":0,"8":0,"9":0,"10":0,"11":0,"12":0,"13":0,"14":0,"15":0,"16":0,"17":0,"18":0,"19":0,"20":0,"21":0,"22":0,"23":0,"24":0,"25":0,"26":0,"27":0,"28":0,"29":0,"30":0,"31":0,"32":0,"33":0,"34":0,"35":0,"36":0,"37":0,"38":0,"39":0,"40":0,"41":0,"42":0,"43":0,"44":0,"45":0,"46":0,"47":0,"48":0,"49":0,"50":0,"51":0,"52":0,"53":0,"54":0,"55":0,"56":0,"57":0,"58":0,"59":0,"60":0,"61":0,"62":0,"63":0,"64":0,"65":0,"66":0,"67":0,"68":0,"69":0,"70":0,"71":0,"72":0,"73":0,"74":0,"75":0,"76":0,"77":0,"78":0,"79":2},"f":{"0":0,"1":0,"2":0,"3":0,"4":0,"5":0,"6":0,"7":0,"8":0,"9":0,"10":0,"11":0,"12":0,"13":0},"b":{"0":[0],"1":[0,0],"2":[0,0],"3":[0,0],"4":[0,0],"5":[0,0],"6":[0,0],"7":[0,0],"8":[0,0],"9":[0,0],"10":[0,0],"11":[0,0],"12":[0,0],"13":[0,0],"14":[0,0],"15":[0,0],"16":[0,0],"17":[0],"18":[0],"19":[0],"20":[0,0],"21":[0,0],"22":[0,0],"23":[0,0],"24":[0,0],"25":[0,0],"26":[0,0],"27":[0,0],"28":[0,0],"29":[0,0],"30":[0,0],"31":[0,0],"32":[0,0],"33":[0,0]},"_coverageSchema":"1a1c01bbd47fc00a2c39e90264f33305004495a9","hash":"d766204612319ed9a061163a7552d84c2590f11a"}
,"C:\\Users\\nikon\\OneDrive\\Desktop\\QuickLearn\\QuickLearn-Backend\\src\\models\\QuestionBank.js": {"path":"C:\\Users\\nikon\\OneDrive\\Desktop\\QuickLearn\\QuickLearn-Backend\\src\\models\\QuestionBank.js","statementMap":{"0":{"start":{"line":1,"column":20},"end":{"line":1,"column":43}},"1":{"start":{"line":2,"column":23},"end":{"line":2,"column":38}},"2":{"start":{"line":6,"column":8},"end":{"line":6,"column":26}},"3":{"start":{"line":7,"column":8},"end":{"line":7,"column":35}},"4":{"start":{"line":8,"column":8},"end":{"line":8,"column":30}},"5":{"start":{"line":9,"column":8},"end":{"line":9,"column":52}},"6":{"start":{"line":10,"column":8},"end":{"line":10,"column":47}},"7":{"start":{"line":11,"column":8},"end":{"line":11,"column":32}},"8":{"start":{"line":12,"column":8},"end":{"line":12,"column":38}},"9":{"start":{"line":13,"column":8},"end":{"line":13,"column":36}},"10":{"start":{"line":14,"column":8},"end":{"line":14,"column":42}},"11":{"start":{"line":15,"column":8},"end":{"line":15,"column":47}},"12":{"start":{"line":16,"column":8},"end":{"line":16,"column":38}},"13":{"start":{"line":17,"column":8},"end":{"line":17,"column":49}},"14":{"start":{"line":18,"column":8},"end":{"line":18,"column":41}},"15":{"start":{"line":19,"column":8},"end":{"line":19,"column":41}},"16":{"start":{"line":23,"column":21},"end":{"line":23,"column":36}},"17":{"start":{"line":24,"column":21},"end":{"line":24,"column":29}},"18":{"start":{"line":26,"column":25},"end":{"line":45,"column":9}},"19":{"start":{"line":47,"column":8},"end":{"line":47,"column":60}},"20":{"start":{"line":51,"column":8},"end":{"line":51,"column":60}},"21":{"start":{"line":51,"column":50},"end":{"line":51,"column":60}},"22":{"start":{"line":53,"column":21},"end":{"line":53,"column":36}},"23":{"start":{"line":54,"column":23},"end":{"line":54,"column":25}},"24":{"start":{"line":55,"column":29},"end":{"line":55,"column":31}},"25":{"start":{"line":57,"column":8},"end":{"line":73,"column":9}},"26":{"start":{"line":58,"column":25},"end":{"line":58,"column":33}},"27":{"start":{"line":59,"column":12},"end":{"line":59,"column":67}},"28":{"start":{"line":60,"column":12},"end":{"line":72,"column":14}},"29":{"start":{"line":75,"column":25},"end":{"line":82,"column":9}},"30":{"start":{"line":85,"column":27},"end":{"line":85,"column":29}},"31":{"start":{"line":86,"column":8},"end":{"line":88,"column":9}},"32":{"start":{"line":86,"column":21},"end":{"line":86,"column":22}},"33":{"start":{"line":87,"column":12},"end":{"line":87,"column":49}},"34":{"start":{"line":90,"column":24},"end":{"line":90,"column":26}},"35":{"start":{"line":91,"column":8},"end":{"line":94,"column":9}},"36":{"start":{"line":92,"column":29},"end":{"line":92,"column":60}},"37":{"start":{"line":93,"column":12},"end":{"line":93,"column":49}},"38":{"start":{"line":93,"column":26},"end":{"line":93,"column":49}},"39":{"start":{"line":96,"column":8},"end":{"line":96,"column":23}},"40":{"start":{"line":100,"column":2
[...]
,"C:\\Users\\nikon\\OneDrive\\Desktop\\QuickLearn\\QuickLearn-Backend\\src\\utils\\parseFile.js": {"path":"C:\\Users\\nikon\\OneDrive\\Desktop\\QuickLearn\\QuickLearn-Backend\\src\\utils\\parseFile.js","statementMap":{"0":{"start":{"line":1,"column":17},"end":{"line":1,"column":37}},"1":{"start":{"line":2,"column":16},"end":{"line":2,"column":34}},"2":{"start":{"line":3,"column":19},"end":{"line":3,"column":54}},"3":{"start":{"line":6,"column":14},"end":{"line":6,"column":48}},"4":{"start":{"line":7,"column":1},"end":{"line":7,"column":70}},"5":{"start":{"line":7,"column":57},"end":{"line":7,"column":70}},"6":{"start":{"line":8,"column":1},"end":{"line":8,"column":75}},"7":{"start":{"line":8,"column":62},"end":{"line":8,"column":75}},"8":{"start":{"line":9,"column":1},"end":{"line":9,"column":133}},"9":{"start":{"line":9,"column":119},"end":{"line":9,"column":133}},"10":{"start":{"line":10,"column":1},"end":{"line":10,"column":135}},"11":{"start":{"line":10,"column":121},"end":{"line":10,"column":135}},"12":{"start":{"line":11,"column":1},"end":{"line":11,"column":18}},"13":{"start":{"line":15,"column":14},"end":{"line":15,"column":37}},"14":{"start":{"line":16,"column":1},"end":{"line":20,"column":3}},"15":{"start":{"line":24,"column":14},"end":{"line":24,"column":36}},"16":{"start":{"line":25,"column":14},"end":{"line":25,"column":29}},"17":{"start":{"line":28,"column":19},"end":{"line":28,"column":37}},"18":{"start":{"line":31,"column":13},"end":{"line":31,"column":15}},"19":{"start":{"line":33,"column":1},"end":{"line":95,"column":2}},"20":{"start":{"line":35,"column":16},"end":{"line":35,"column":32}},"21":{"start":{"line":36,"column":20},"end":{"line":36,"column":22}},"22":{"start":{"line":37,"column":18},"end":{"line":37,"column":19}},"23":{"start":{"line":40,"column":2},"end":{"line":69,"column":3}},"24":{"start":{"line":40,"column":15},"end":{"line":40,"column":16}},"25":{"start":{"line":41,"column":16},"end":{"line":41,"column":31}},"26":{"start":{"line":44,"column":3},"end":{"line":68,"column":4}},"27":{"start":{"line":46,"column":4},"end":{"line":50,"column":5}},"28":{"start":{"line":47,"column":5},"end":{"line":47,"column":47}},"29":{"start":{"line":48,"column":5},"end":{"line":48,"column":22}},"30":{"start":{"line":49,"column":5},"end":{"line":49,"column":17}},"31":{"start":{"line":51,"column":10},"end":{"line":68,"column":4}},"32":{"start":{"line":53,"column":4},"end":{"line":57,"column":5}},"33":{"start":{"line":54,"column":5},"end":{"line":54,"column":47}},"34":{"start":{"line":55,"column":5},"end":{"line":55,"column":22}},"35":{"start":{"line":56,"column":5},"end":{"line":56,"column":17}},"36":{"start":{"line":58,"column":10},"end":{"line":68,"column":4}},"37":{"start":{"line":60,"column":4},"end":{"line":64,"column":5}},"38":{"start":{"line":61,"column":5},"end":{"line":61,"column":47}},"39":{"start":{"line":62,"column":5},"end":{"line":62,"column":22}},"40":{"start":{"line":63,"column":5},"end":{"line":63,"column":17}},"41":{"start":{"line":65,"column":4},"end":{"line":65,"column":31}},"42":{"start":{"line":67,"column":4},"end":{"line":67,"column":31}},"43":{"start":{"line":72,"column":2},"end":{"line":74,"column":3}},"44":{"start":{"line":73,"column":3},"end":{"line":73,"column":45}},"45":{"start":{"line":77,"column":2},"end":{"line":91,"column":3}},"46":{"start":{"line":79,"column":22},"end":{"line":79,"column":33}},"47":{"start":{"line":80,"column":21},"end":{"line":80,"column":55}},"48":{"start":{"line":81,"column":3},"end":{"line":81,"column":14}},"49":{"start":{"line":83,"column":3},"end":{"line":90,"column":4}},"50":{"start":{"line":83,"column":16},"end":{"line":83,"column":17}},"51":{"start":{"line":84,"column":18},"end":{"line":84,"column":31}},"52":{"start":{"line":85,"column":16},"end":{"line":85,"column":70}},"53":{"start":{"line":86,"column":21},"end":{"line":86,"column":54}},"54":{"start":{"line":87,"column":4},"end":{"line":89,"column":5}},"55":{"start":{"line":88,"column":5},"end":{"line":88,"column":26}},"56":{"start":{"line":94,"column":2},"end":{"line":94,"column":17}},"57":{"start":{"line":98,"column":23},"end":{"line":98,"column":67}},"58":{"start":{"line":98,"column":44},"end":{"line":98,"column":66}},"59":{"start":{"line":101,"column":1},"end":{"line":120,"column":2}},"60":{"start":{"line":102,"column":21},"end":{"line":102,"column":32}},"61":{"start":{"line":103,"column":20},"end":{"line":103,"column":54}},"62":{"start":{"line":104,"column":21},"end":{"line":104,"column":23}},"63":{"start":{"line":106,"column":2},"end":{"line":113,"column":3}},"64":{"start":{"line":106,"column":15},"end":{"line":106,"column":16}},"65":{"start":{"line":107,"column":17},"end":{"line":107,"column":30}},"66":{"start":{"line":108,"column":15},"end":{"line":108,"column":69}},"67":{"start":{"line":109,"column":20},"end":{"line":109,"column":53}},"68":{"start":{"line":110,"column":3},"end":{"line":112,"column":4}},"69":{"start":{"line":111,"column":4},"end":{"line":111,"column":30}},"70":{"start":{"line":115,"column":2},"end":{"line":119,"column":4}},"71":{"start":{"line":122,"column":1},"end":{"line":126,"column":3}},"72":{"start":{"line":130,"column":16},"end":{"line":130,"column":56}},"73":{"start":{"line":131,"column":14},"end":{"line":131,"column":32}},"74":{"start":{"line":135,"column":15},"end":{"line":135,"column":17}},"75":{"start":{"line":136,"column":18},"end":{"line":136,"column":44}},"76":{"start":{"line":138,"column":1},"end":{"line":142,"column":2}},"77":{"start":{"line":139,"column":2},"end":{"line":139,"column":71}},"78":{"start":{"line":139,"column":43},"end":{"line":139,"column":68}},"79":{"start":{"line":141,"column":2},"end":{"line":141,"column":19}},"80":{"start":{"line":144,"column":1},"end":{"line":148,"column":3}},"81":{"start":{"line":152,"column":1},"end":{"line":194,"column":2}},"82":{"start":{"line":154,"column":13},"end":{"line":154,"column":26}},"83":{"start":{"line":155,"column":15},"end":{"line":155,"column":30}},"84":{"start":{"line":156,"column":13},"end":{"line":156,"column":26}},"85":{"start":{"line":159,"column":18},"end":{"line":159,"column":29}},"86":{"start":{"line":160,"column":23},"end":{"line":160,"column":68}},"87":{"start":{"line":163,"column":2},"end":{"line":163,"column":41}},"88":{"start":{"line":166,"column":17},"end":{"line":166,"column":45}},"89":{"start":{"line":167,"column":22},"end":{"line":167,"column":48}},"90":{"start":{"line":170,"column":2},"end":{"line":170,"column":30}},"91":{"start":{"line":173,"column":18},"end":{"line":173,"column":20}},"92":{"start":{"line":174,"column":16},"end":{"line":174,"column":18}},"93":{"start":{"line":176,"column":2},"end":{"line":182,"column":5}},"94":{"start":{"line":177,"column":21},"end":{"line":177,"column":49}},"95":{"start":{"line":178,"column":3},"end":{"line":181,"column":4}},"96":{"start":{"line":179,"column":4},"end":{"line":179,"column":28}},"97":{"start":{"line":180,"column":4},"end":{"line":180,"column":26}},"98":{"start":{"line":184,"column":19},"end":{"line":184,"column":39}},"99":{"start":{"line":186,"column":2},"end":{"line":190,"column":4}},"100":{"start":{"line":192,"column":2},"end":{"line":192,"column":46}},"101":{"start":{"line":193,"column":2},"end":{"line":193,"column":65}},"102":{"start":{"line":198,"column":44},"end":{"line":198,"column":48}},"103":{"start":{"line":199,"column":14},"end":{"line":199,"column":52}},"104":{"start":{"line":200,"column":1},"end":{"line":200,"column":45}},"105":{"start":{"line":200,"column":21},"end":{"line":200,"column":45}},"106":{"start":{"line":201,"column":1},"end":{"line":201,"column":45}},"107":{"start":{"line":201,"column":21},"end":{"line":201,"column":45}},"108":{"start":{"line":202,"column":1},"end":{"line":202,"column":47}},"109":{"start":{"line":202,"column":22},"end":{"line":202,"column":47}},"110":{"start":{"line":203,"column":1},"end":{"line":203,"column":47}},"111":{"start":{"line":203,"column":22},"end":{"line":203,"column":47}},"112":{"start":{"line":204,"column":1},"end":{"line":204,"column":79}},"113":{"start":{"line":207,"column":0},"end":{"line":207,"column":39}}},"fnMap":{"0":{"name":"detectFileType","decl":{"start":{"line":5,"column":9},"end":{"line":5,"column":23}},"loc":{"start":{"line":5,"column":48},"end":{"line":12,"column":1}},"line":5},"1":{"name":"parseTxt","decl":{"start":{"line":14,"column":15},"end":{"line":14,"column":23}},"loc":{"start":{"line":14,"column":32},"end":{"line":21,"column":1}},"line":14},"2":{"name":"parsePdf","decl":{"start":{"line":23,"column":15},"end":{"line":23,"column":23}},"loc":{"start":{"line":23,"column":32},"end":{"line":127,"column":1}},"line":23},"3":{"name":"(anonymous_3)","decl":{"start":{"line":98,"column":36},"end":{"line":98,"column":37}},"loc":{"start":{"line":98,"column":44},"end":{"line":98,"column":66}},"line":98},"4":{"name":"parseDocx","decl":{"start":{"line":129,"column":15},"end":{"line":129,"column":24}},"loc":{"start":{"line":129,"column":33},"end":{"line":149,"column":1}},"line":129},"5":{"name":"(anonymous_5)","decl":{"start":{"line":139,"column":32},"end":{"line":139,"column":33}},"loc":{"start":{"line":139,"column":43},"end":{"line":139,"column":68}},"line":139},"6":{"name":"parsePptx","decl":{"start":{"line":151,"column":15},"end":{"line":151,"column":24}},"loc":{"start":{"line":151,"column":33},"end":{"line":195,"column":1}},"line":151},"7":{"name":"(anonymous_7)","decl":{"start":{"line":176,"column":22},"end":{"line":176,"column":23}},"loc":{"start":{"line":176,"column":40},"end":{"line":182,"column":3}},"line":176},"8":{"name":"parseUploadedFile","decl":{"start":{"line":197,"column":15},"end":{"line":197,"column":32}},"loc":{"start":{"line":197,"column":39},"end":{"line":205,"column":1}},"line":197}},"branchMap":{"0":{"loc":{"start":{"line":6,"column":15},"end":{"line":6,"column":33}},"type":"binary-expr","locations":[{"start":{"line":6,"column":15},"end":{"line":6,"column":27}},{"start":{"line":6,"column":31},"end":{"line":6,"column":33}}],"line":6},"1":{"loc":{"start":{"line":7,"column":1},"end":{"line":7,"column":70}},"type":"if","locations":[{"start":{"line":7,"column":1},"end":{"line":7,"column":70}},{"start":{},"end":{}}],"line":7},"2":{"loc":{"start":{"line":7,"column":5},"end":{"line":7,"column":55}},"type":"binary-expr","locations":[{"start":{"line":7,"column":5},"end":{"line":7,"column":26}},{"start":{"line":7,"column":30},"end":{"line":7,"column":55}}],"line":7},"3":{"loc":{"start":{"line":8,"column":1},"end":{"line":8,"column":75}},"type":"if","locations":[{"start":{"line":8,"column":1},"end":{"line":8,"column":75}},{"start":{},"end":{}}],"line":8},"4":{"loc":{"start":{"line":8,"column":5},"end":{"line":8,"column":60}},"type":"binary-expr","locations":[{"start":{"line":8,"column":5},"end":{"line":8,"column":26}},{"start":{"line":8,"column":30},"end":{"line":8,"column":60}}],"line":8},"5":{"loc":{"start":{"line":9,"column":1},"end":{"line":9,"column":133}},"type":"if","locations":[{"start":{"line":9,"column":1},"end":{"line":9,"column":133}},{"start":{},"end":{}}],"line":9},"6":{"loc":{"start":{"line":9,"column":5},"end":{"line":9,"column":117}},"type":"binary-expr","locations":[{"start":{"line":9,"column":5},"end":{"line":9,"column":27}},{"start":{"line":9,"column":31},"end":{"line":9,"column":117}}],"line":9},"7":{"loc":{"start":{"line":10,"column":1},"end":{"line":10,"column":135}},"type":"if","locations":[{"start":{"line":10,"column":1},"end":{"line":10,"column":135}},{"start":{},"end":{}}],"line":10},"8":{"loc":{"start":{"line":10,"column":5},"end":{"line":10,"column":119}},"type":"binary-expr","locations":[{"start":{"line":10,"column":5},"end":{"line":10,"column":27}},{"start":{"line":10,"column":31},"end":{"line":10,"column":119}}],"line":10},"9":{"loc":{"start":{"line":25,"column":14},"end":{"line":25,"column":29}},"type":"binary-expr","locations":[{"start":{"line":25,"column":14},"end":{"line":25,"column":23}},{"start":{"line":25,"column":27},"end":{"line":25,"column":29}}],"line":25},"10":{"loc":{"start":{"line":28,"column":19},"end":{"line":28,"column":37}},"type":"binary-expr","locations":[{"start":{"line":28,"column":19},"end":{"line":28,"column":32}},{"start":{"line":28,"column":36},"end":{"line":28,"column":37}}],"line":28},"11":{"loc":{"start":{"line":33,"column":1},"end":{"line":95,"column":2}},"type":"if","locations":[{"start":{"line":33,"column":1},"end":{"line":95,"column":2}},{"start":{"line":92,"column":8},"end":{"line":95,"column":2}}],"line":33},"12":{"loc":{"start":{"line":44,"column":3},"end":{"line":68,"column":4}},"type":"if","locations":[{"start":{"line":44,"column":3},"end":{"line":68,"column":4}},{"start":{"line":51,"column":10},"end":{"line":68,"column":4}}],"line":44},"13":{"loc":{"start":{"line":44,"column":7},"end":{"line":44,"column":63}},"type":"binary-expr","locations":[{"start":{"line":44,"column":7},"end":{"line":44,"column":26}},{"start":{"line":44,"column":30},"end":{"line":44,"column":35}},{"start":{"line":44,"column":39},"end":{"line":44,"column":63}}],"line":44},"14":{"loc":{"start":{"line":46,"column":4},"end":{"line":50,"column":5}},"type":"if","locations":[{"start":{"line":46,"column":4},"end":{"line":50,"column":5}},{"start":{},"end":{}}],"line":46},"15":{"loc":{"start":{"line":51,"column":10},"end":{"line":68,"column":4}},"type":"if","locations":[{"start":{"line":51,"column":10},"end":{"line":68,"column":4}},{"start":{"line":58,"column":10},"end":{"line":68,"column":4}}],"line":51},"16":{"loc":{"start":{"line":51,"column":14},"end":{"line":51,"column":63}},"type":"binary-expr","locations":[{"start":{"line":51,"column":14},"end":{"line":51,"column":37}},{"start":{"line":51,"column":41},"end":{"line":51,"column":63}}],"line":51},"17":{"loc":{"start":{"line":53,"column":4},"end":{"line":57,"column":5}},"type":"if","locations":[{"start":{"line":53,"column":4},"end":{"line":57,"column":5}},{"start":{},"end":{}}],"line":53},"18":{"loc":{"start":{"line":58,"column":10},"end":{"line":68,"column":4}},"type":"if","locations":[{"start":{"line":58,"column":10},"end":{"line":68,"column":4}},{"start":{"line":66,"column":10},"end":{"line":68,"column":4}}],"line":58},"19":{"loc":{"start":{"line":58,"column":14},"end":{"line":58,"column":53}},"type":"binary-expr","locations":[{"start":{"line":58,"column":14},"end":{"line":58,"column":44}},{"start":{"line":58,"column":48},"end":{"line":58,"column":53}}],"line":58},"20":{"loc":{"start":{"line":60,"column":4},"end":{"line":64,"column":5}},"type":"if","locations":[{"start":{"line":60,"column":4},"end":{"line":64,"column":5}},{"start":{},"end":{}}],"line":60},"21":{"loc":{"start":{"line":60,"column":8},"end":{"line":60,"column":57}},"type":"binary-expr","locations":[{"start":{"line":60,"column":8},"end":{"line":60,"column":30}},{"start":{"line":60,"column":34},"end":{"line":60,"column":57}}],"line":60},"22":{"loc":{"start":{"line":72,"column":2},"end":{"line":74,"column":3}},"type":"if","locations":[{"start":{"line":72,"column":2},"end":{"line":74,"column":3}},{"start":{},"end":{}}],"line":72},"23":{"loc":{"start":{"line":77,"column":2},"end":{"line":91,"column":3}},"type":"if","locations":[{"start":{"line":77,"column":2},"end":{"line":91,"column":3}},{"start":{},"end":{}}],"line":77},"24":{"loc":{"start":{"line":85,"column":16},"end":{"line":85,"column":70}},"type":"cond-expr","locations":[{"start":{"line":85,"column":38},"end":{"line":85,"column":48}},{"start":{"line":85,"column":51},"end":{"line":85,"column":70}}],"line":85},"25":{"loc":{"start":{"line":87,"column":4},"end":{"line":89,"column":5}},"type":"if","locations":[{"start":{"line":87,"column":4},"end":{"line":89,"column":5}},{"start":{},"end":{}}],"line":87},"26":{"loc":{"start":{"line":101,"column":1},"end":{"line":120,"column":2}},"type":"if","locations":[{"start":{"line":101,"column":1},"end":{"line":120,"column":2}},{"start":{},"end":{}}],"line":101},"27":{"loc":{"start":{"line":108,"column":15},"end":{"line":108,"column":69}},"type":"cond-expr","locations":[{"start":{"line":108,"column":37},"end":{"line":108,"column":47}},{"start":{"line":108,"column":50},"end":{"line":108,"column":69}}],"line":108},"28":{"loc":{"start":{"line":110,"column":3},"end":{"line":112,"column":4}},"type":"if","locations":[{"start":{"line":110,"column":3},"end":{"line":112,"column":4}},{"start":{},"end":{}}],"line":110},"29":{"loc":{"start":{"line":131,"column":14},"end":{"line":131,"column":32}},"type":"binary-expr","locations":[{"start":{"line":131,"column":14},"end":{"line":131,"column":26}},{"start":{"line":131,"column":30},"end":{"line":131,"column":32}}],"line":131},"30":{"loc":{"start":{"line":138,"column":1},"end":{"line":142,"column":2}},"type":"if","locations":[{"start":{"line":138,"column":1},"end":{"line":142,"column":2}},{"start":{"line":140,"column":8},"end":{"line":142,"column":2}}],"line":138},"31":{"loc":{"start":{"line":178,"column":3},"end":{"line":181,"column":4}},"type":"if","locations":[{"start":{"line":178,"column":3},"end":{"line":181,"column":4}},{"start":{},"end":{}}],"line":178},"32":{"loc":{"start":{"line":200,"column":1},"end":{"line":200,"column":45}},"type":"if","locations":[{"start":{"line":200,"column":1},"end":{"line":200,"column":45}},{"start":{},"end":{}}],"line":200},"33":{"loc":{"start":{"line":201,"column":1},"end":{"line":201,"column":45}},"type":"if","locations":[{"start":{"line":201,"column":1},"end":{"line":201,"column":45}},{"start":{},"end":{}}],"line":201},"34":{"loc":{"start":{"line":202,"column":1},"end":{"line":202,"column":47}},"type":"if","locations":[{"start":{"line":202,"column":1},"end":{"line":202,"column":47}},{"start":{},"end":{}}],"line":202},"35":{"loc":{"start":{"line":203,"column":1},"end":{"line":203,"column":47}},"type":"if","locations":[{"start":{"line":203,"column":1},"end":{"line":203,"column":47}},{"start":{},"end":{}}],"line":203}},"s":{"0":1,"1":1,"2":1,"3":0,"4":0,"5":0,"6":0,"7":0,"8":0,"9":0,"10":0,"11":0,"12":0,"13":0,"14":0,"15":0,"16":0,"17":0,"18":0,"19":0,"20":0,"21":0,"22":0,"23":0,"24":0,"25":0,"26":0,"27":0,"28":0,"29":0,"30":0,"31":0,"32":0,"33":0,"34":0,"35":0,"36":0,"37":0,"38":0,"39":0,"40":0,"41":0,"42":0,"43":0,"44":0,"45":0,"46":0,"47":0,"48":0,"49":0,"50":0,"51":0,"52":0,"53":0,"54":0,"55":0,"56":0,"57":0,"58":0,"59":0,"60":0,"61":0,"62":0,"63":0,"64":0,"65":0,"66":0,"67":0,"68":0,"69":0,"70":0,"71":0,"72":0,"73":0,"74":0,"75":0,"76":0,"77":0,"78":0,"79":0,"80":0,"81":0,"82":0,"83":0,"84":0,"85":0,"86":0,"87":0,"88":0,"89":0,"90":0,"91":0,"92":0,"93":0,"94":0,"95":0,"96":0,"97":0,"98":0,"99":0,"100":0,"101":0,"102":0,"103":0,"104":0,"105":0,"106":0,"107":0,"108":0,"109":0,"110":0,"111":0,"112":0,"113":1},"f":{"0":0,"1":0,"2":0,"3":0,"4":0,"5":0,"6":0,"7":0,"8":0},"b":{"0":[0,0],"1":[0,0],"2":[0,0],"3":[0,0],"4":[0,0],"5":[0,0],"6":[0,0],"7":[0,0],"8":[0,0],"9":[0,0],"10":[0,0],"11":[0,0],"12":[0,0],"13":[0,0,0],"14":[0,0],"15":[0,0],"16":[0,0],"17":[0,0],"18":[0,0],"19":[0,0],"20":[0,0],"21":[0,0],"22":[0,0],"23":[0,0],"24":[0,0],"25":[0,0],"26":[0,0],"27":[0,0],"28":[0,0],"29":[0,0],"30":[0,0],"31":[0,0],"32":[0,0],"33":[0,0],"34":[0,0],"35":[0,0]},"_coverageSchema":"1a1c01bbd47fc00a2c39e90264f33305004495a9","hash":"a6a114943b230830a1adfd51d044997f6dfa230d"}
}
