TN:
SF:src\server.js
FN:58,(anonymous_0)
FNF:1
FNH:0
FNDA:0,(anonymous_0)
DA:1,0
DA:2,0
DA:3,0
DA:4,0
DA:5,0
DA:6,0
DA:7,0
DA:8,0
DA:9,0
DA:10,0
DA:11,0
DA:12,0
DA:13,0
DA:14,0
DA:15,0
DA:16,0
DA:17,0
DA:18,0
DA:20,0
DA:21,0
DA:24,0
DA:25,0
DA:34,0
DA:35,0
DA:37,0
DA:39,0
DA:40,0
DA:43,0
DA:45,0
DA:46,0
DA:52,0
DA:54,0
DA:58,0
DA:59,0
DA:65,0
DA:66,0
DA:67,0
DA:68,0
DA:69,0
DA:70,0
DA:71,0
DA:72,0
DA:73,0
DA:74,0
DA:76,0
LF:45
LH:0
BRDA:24,0,0,0
BRDA:24,0,1,0
BRDA:39,1,0,0
BRDA:39,1,1,0
BRDA:39,2,0,0
BRDA:39,2,1,0
BRDA:45,3,0,0
BRDA:45,3,1,0
BRDA:61,4,0,0
BRDA:61,4,1,0
BRF:10
BRH:0
end_of_record
TN:
SF:src\config\cloudinary.js
FN:3,configureCloudinary
FNF:1
FNH:0
FNDA:0,configureCloudinary
DA:1,1
DA:4,0
DA:9,0
DA:12,1
LF:4
LH:2
BRF:0
BRH:0
end_of_record
TN:
SF:src\config\db.js
FN:5,getPool
FNF:1
FNH:0
FNDA:0,getPool
DA:1,5
DA:6,0
DA:7,0
DA:23,0
DA:26,5
LF:5
LH:2
BRDA:6,0,0,0
BRDA:6,0,1,0
BRDA:8,1,0,0
BRDA:8,1,1,0
BRDA:9,2,0,0
BRDA:9,2,1,0
BRDA:10,3,0,0
BRDA:10,3,1,0
BRDA:11,4,0,0
BRDA:11,4,1,0
BRDA:12,5,0,0
BRDA:12,5,1,0
BRDA:13,6,0,0
BRDA:13,6,1,0
BRF:14
BRH:0
end_of_record
TN:
SF:src\config\email.js
FN:3,createTransport
FN:22,sendOtpEmail
FN:41,sendLoginAlertEmail
FN:65,sendPasswordResetEmail
FN:90,sendQuizReminderEmail
FN:98,(anonymous_5)
FN:129,sendWeeklyDigestEmail
FNF:7
FNH:0
FNDA:0,createTransport
FNDA:0,sendOtpEmail
FNDA:0,sendLoginAlertEmail
FNDA:0,sendPasswordResetEmail
FNDA:0,sendQuizReminderEmail
FNDA:0,(anonymous_5)
FNDA:0,sendWeeklyDigestEmail
DA:1,1
DA:5,0
DA:6,0
DA:7,0
DA:8,0
DA:11,0
DA:12,0
DA:14,0
DA:23,0
DA:24,0
DA:25,0
DA:26,0
DA:27,0
DA:28,0
DA:38,0
DA:42,0
DA:43,0
DA:44,0
DA:45,0
DA:46,0
DA:47,0
DA:48,0
DA:62,0
DA:66,0
DA:67,0
DA:68,0
DA:69,0
DA:70,0
DA:71,0
DA:72,0
DA:73,0
DA:87,0
DA:91,0
DA:92,0
DA:93,0
DA:94,0
DA:95,0
DA:96,0
DA:98,0
DA:99,0
DA:100,0
DA:111,0
DA:126,0
DA:130,0
DA:131,0
DA:132,0
DA:133,0
DA:134,0
DA:135,0
DA:137,0
DA:158,0
DA:176,0
DA:179,1
LF:53
LH:2
BRDA:5,0,0,0
BRDA:5,0,1,0
BRDA:6,1,0,0
BRDA:6,1,1,0
BRDA:6,1,2,0
BRDA:7,2,0,0
BRDA:7,2,1,0
BRDA:8,3,0,0
BRDA:8,3,1,0
BRDA:10,4,0,0
BRDA:10,4,1,0
BRDA:10,4,2,0
BRDA:11,5,0,0
BRDA:11,5,1,0
BRDA:12,6,0,0
BRDA:12,6,1,0
BRDA:18,7,0,0
BRDA:18,7,1,0
BRDA:18,8,0,0
BRDA:18,8,1,0
BRDA:24,9,0,0
BRDA:24,9,1,0
BRDA:25,10,0,0
BRDA:25,10,1,0
BRDA:25,10,2,0
BRDA:25,11,0,0
BRDA:25,11,1,0
BRDA:26,12,0,0
BRDA:26,12,1,0
BRDA:31,13,0,0
BRDA:31,13,1,0
BRDA:43,14,0,0
BRDA:43,14,1,0
BRDA:44,15,0,0
BRDA:44,15,1,0
BRDA:44,15,2,0
BRDA:44,16,0,0
BRDA:44,16,1,0
BRDA:45,17,0,0
BRDA:45,17,1,0
BRDA:47,18,0,0
BRDA:47,18,1,0
BRDA:51,19,0,0
BRDA:51,19,1,0
BRDA:55,20,0,0
BRDA:55,20,1,0
BRDA:56,21,0,0
BRDA:56,21,1,0
BRDA:67,22,0,0
BRDA:67,22,1,0
BRDA:68,23,0,0
BRDA:68,23,1,0
BRDA:68,23,2,0
BRDA:68,24,0,0
BRDA:68,24,1,0
BRDA:69,25,0,0
BRDA:69,25,1,0
BRDA:71,26,0,0
BRDA:71,26,1,0
BRDA:76,27,0,0
BRDA:76,27,1,0
BRDA:92,28,0,0
BRDA:92,28,1,0
BRDA:93,29,0,0
BRDA:93,29,1,0
BRDA:93,29,2,0
BRDA:93,30,0,0
BRDA:93,30,1,0
BRDA:94,31,0,0
BRDA:94,31,1,0
BRDA:96,32,0,0
BRDA:96,32,1,0
BRDA:102,33,0,0
BRDA:102,33,1,0
BRDA:114,34,0,0
BRDA:114,34,1,0
BRDA:115,35,0,0
BRDA:115,35,1,0
BRDA:131,36,0,0
BRDA:131,36,1,0
BRDA:132,37,0,0
BRDA:132,37,1,0
BRDA:132,37,2,0
BRDA:132,38,0,0
BRDA:132,38,1,0
BRDA:133,39,0,0
BRDA:133,39,1,0
BRDA:135,40,0,0
BRDA:135,40,1,0
BRDA:140,41,0,0
BRDA:140,41,1,0
BRDA:144,42,0,0
BRDA:144,42,1,0
BRDA:148,43,0,0
BRDA:148,43,1,0
BRDA:152,44,0,0
BRDA:152,44,1,0
BRDA:161,45,0,0
BRDA:161,45,1,0
BRDA:164,46,0,0
BRDA:164,46,1,0
BRDA:164,47,0,0
BRDA:164,47,1,0
BRF:103
BRH:0
end_of_record
TN:
SF:src\middleware\auth.js
FN:3,getCookieOptions
FN:14,authGuard
FN:30,authenticateToken
FN:60,optionalAuth
FNF:4
FNH:2
FNDA:0,getCookieOptions
FNDA:0,authGuard
FNDA:6,authenticateToken
FNDA:3,optionalAuth
DA:1,2
DA:4,0
DA:5,0
DA:15,0
DA:16,0
DA:17,0
DA:18,0
DA:19,0
DA:21,0
DA:22,0
DA:24,0
DA:26,0
DA:31,6
DA:32,6
DA:34,6
DA:35,6
DA:36,4
DA:39,6
DA:40,1
DA:43,6
DA:44,1
DA:47,5
DA:48,3
DA:54,3
DA:56,2
DA:61,3
DA:62,3
DA:64,3
DA:65,3
DA:66,2
DA:69,3
DA:70,0
DA:73,3
DA:74,2
DA:75,1
DA:82,2
DA:84,1
DA:88,2
LF:38
LH:26
BRDA:8,0,0,0
BRDA:8,0,1,0
BRDA:16,1,0,0
BRDA:16,1,1,0
BRDA:16,2,0,0
BRDA:16,2,1,0
BRDA:17,3,0,0
BRDA:17,3,1,0
BRDA:35,4,0,4
BRDA:35,4,1,2
BRDA:35,5,0,6
BRDA:35,5,1,4
BRDA:39,6,0,1
BRDA:39,6,1,5
BRDA:39,7,0,6
BRDA:39,7,1,2
BRDA:39,7,2,2
BRDA:43,8,0,1
BRDA:43,8,1,5
BRDA:65,9,0,2
BRDA:65,9,1,1
BRDA:65,10,0,3
BRDA:65,10,1,2
BRDA:69,11,0,0
BRDA:69,11,1,3
BRDA:69,12,0,3
BRDA:69,12,1,1
BRDA:69,12,2,1
BRDA:73,13,0,2
BRDA:73,13,1,1
BRF:30
BRH:21
end_of_record
TN:
SF:src\middleware\rateLimiter.js
FNF:0
FNH:0
DA:1,0
DA:3,0
DA:11,0
LF:3
LH:0
BRF:0
BRH:0
end_of_record
TN:
SF:src\models\Achievement.js
FN:4,(anonymous_0)
FN:17,(anonymous_1)
FN:28,(anonymous_2)
FN:31,(anonymous_3)
FN:34,(anonymous_4)
FN:45,(anonymous_5)
FNF:6
FNH:0
FNDA:0,(anonymous_0)
FNDA:0,(anonymous_1)
FNDA:0,(anonymous_2)
FNDA:0,(anonymous_3)
FNDA:0,(anonymous_4)
FNDA:0,(anonymous_5)
DA:1,0
DA:5,0
DA:6,0
DA:7,0
DA:8,0
DA:9,0
DA:10,0
DA:11,0
DA:12,0
DA:13,0
DA:14,0
DA:18,0
DA:19,0
DA:24,0
DA:25,0
DA:29,0
DA:30,0
DA:31,0
DA:35,0
DA:36,0
DA:41,0
DA:42,0
DA:46,0
DA:61,0
LF:24
LH:0
BRDA:12,0,0,0
BRDA:12,0,1,0
BRDA:24,1,0,0
BRDA:24,1,1,0
BRDA:41,2,0,0
BRDA:41,2,1,0
BRF:6
BRH:0
end_of_record
TN:
SF:src\models\AdaptiveAnswer.js
FN:4,(anonymous_0)
FN:14,(anonymous_1)
FN:25,(anonymous_2)
FNF:3
FNH:0
FNDA:0,(anonymous_0)
FNDA:0,(anonymous_1)
FNDA:0,(anonymous_2)
DA:1,0
DA:5,0
DA:6,0
DA:7,0
DA:8,0
DA:9,0
DA:10,0
DA:11,0
DA:15,0
DA:16,0
DA:22,0
DA:26,0
DA:27,0
DA:28,0
DA:29,0
DA:33,0
LF:16
LH:0
BRDA:8,0,0,0
BRDA:8,0,1,0
BRDA:14,1,0,0
BRDA:20,2,0,0
BRDA:20,2,1,0
BRDA:28,3,0,0
BRDA:28,3,1,0
BRF:7
BRH:0
end_of_record
TN:
SF:src\models\AdaptiveQuestion.js
FN:4,(anonymous_0)
FN:20,(anonymous_1)
FN:31,(anonymous_2)
FN:38,(anonymous_3)
FN:48,(anonymous_4)
FN:58,(anonymous_5)
FNF:6
FNH:0
FNDA:0,(anonymous_0)
FNDA:0,(anonymous_1)
FNDA:0,(anonymous_2)
FNDA:0,(anonymous_3)
FNDA:0,(anonymous_4)
FNDA:0,(anonymous_5)
DA:1,0
DA:5,0
DA:6,0
DA:7,0
DA:8,0
DA:9,0
DA:10,0
DA:11,0
DA:12,0
DA:13,0
DA:14,0
DA:15,0
DA:16,0
DA:17,0
DA:21,0
DA:22,0
DA:28,0
DA:32,0
DA:33,0
DA:34,0
DA:35,0
DA:39,0
DA:40,0
DA:44,0
DA:45,0
DA:49,0
DA:50,0
DA:54,0
DA:55,0
DA:59,0
DA:60,0
DA:61,0
DA:65,0
LF:33
LH:0
BRDA:11,0,0,0
BRDA:11,0,1,0
BRDA:12,1,0,0
BRDA:12,1,1,0
BRDA:20,2,0,0
BRDA:26,3,0,0
BRDA:26,3,1,0
BRDA:26,4,0,0
BRDA:26,4,1,0
BRDA:26,5,0,0
BRDA:26,5,1,0
BRDA:34,6,0,0
BRDA:34,6,1,0
BRDA:44,7,0,0
BRDA:44,7,1,0
BRDA:54,8,0,0
BRDA:54,8,1,0
BRF:17
BRH:0
end_of_record
TN:
SF:src\models\AdaptiveSession.js
FN:5,(anonymous_0)
FN:22,(anonymous_1)
FN:34,(anonymous_2)
FN:41,(anonymous_3)
FN:48,(anonymous_4)
FN:55,(anonymous_5)
FN:72,(anonymous_6)
FNF:7
FNH:0
FNDA:0,(anonymous_0)
FNDA:0,(anonymous_1)
FNDA:0,(anonymous_2)
FNDA:0,(anonymous_3)
FNDA:0,(anonymous_4)
FNDA:0,(anonymous_5)
FNDA:0,(anonymous_6)
DA:1,0
DA:2,0
DA:6,0
DA:7,0
DA:8,0
DA:9,0
DA:10,0
DA:11,0
DA:12,0
DA:13,0
DA:14,0
DA:15,0
DA:16,0
DA:17,0
DA:18,0
DA:19,0
DA:23,0
DA:24,0
DA:25,0
DA:31,0
DA:35,0
DA:36,0
DA:37,0
DA:38,0
DA:42,0
DA:43,0
DA:44,0
DA:45,0
DA:49,0
DA:50,0
DA:51,0
DA:52,0
DA:56,0
DA:57,0
DA:58,0
DA:59,0
DA:60,0
DA:61,0
DA:62,0
DA:63,0
DA:64,0
DA:65,0
DA:66,0
DA:67,0
DA:68,0
DA:69,0
DA:73,0
DA:74,0
DA:75,0
DA:76,0
DA:80,0
LF:51
LH:0
BRDA:15,0,0,0
BRDA:15,0,1,0
BRDA:22,1,0,0
BRDA:22,2,0,0
BRDA:22,3,0,0
BRDA:22,4,0,0
BRDA:22,5,0,0
BRDA:22,6,0,0
BRDA:29,7,0,0
BRDA:29,7,1,0
BRDA:37,8,0,0
BRDA:37,8,1,0
BRDA:44,9,0,0
BRDA:44,9,1,0
BRDA:51,10,0,0
BRDA:51,10,1,0
BRDA:59,11,0,0
BRDA:59,11,1,0
BRDA:60,12,0,0
BRDA:60,12,1,0
BRDA:61,13,0,0
BRDA:61,13,1,0
BRDA:62,14,0,0
BRDA:62,14,1,0
BRDA:63,15,0,0
BRDA:63,15,1,0
BRDA:64,16,0,0
BRDA:64,16,1,0
BRDA:65,17,0,0
BRDA:65,17,1,0
BRDA:66,18,0,0
BRDA:66,18,1,0
BRDA:75,19,0,0
BRDA:75,19,1,0
BRDA:76,20,0,0
BRDA:76,20,1,0
BRF:36
BRH:0
end_of_record
TN:
SF:src\models\File.js
FN:5,(anonymous_0)
FN:22,(anonymous_1)
FN:49,(anonymous_2)
FN:52,(anonymous_3)
FN:64,(anonymous_4)
FN:90,(anonymous_5)
FN:101,(anonymous_6)
FN:112,(anonymous_7)
FN:122,(anonymous_8)
FN:125,(anonymous_9)
FN:161,(anonymous_10)
FN:182,(anonymous_11)
FN:191,(anonymous_12)
FN:209,(anonymous_13)
FNF:14
FNH:0
FNDA:0,(anonymous_0)
FNDA:0,(anonymous_1)
FNDA:0,(anonymous_2)
FNDA:0,(anonymous_3)
FNDA:0,(anonymous_4)
FNDA:0,(anonymous_5)
FNDA:0,(anonymous_6)
FNDA:0,(anonymous_7)
FNDA:0,(anonymous_8)
FNDA:0,(anonymous_9)
FNDA:0,(anonymous_10)
FNDA:0,(anonymous_11)
FNDA:0,(anonymous_12)
FNDA:0,(anonymous_13)
DA:1,2
DA:2,2
DA:6,0
DA:7,0
DA:8,0
DA:9,0
DA:10,0
DA:11,0
DA:12,0
DA:13,0
DA:14,0
DA:15,0
DA:16,0
DA:17,0
DA:18,0
DA:19,0
DA:23,0
DA:26,0
DA:27,0
DA:30,0
DA:40,0
DA:41,0
DA:42,0
DA:43,0
DA:44,0
DA:45,0
DA:46,0
DA:49,0
DA:50,0
DA:53,0
DA:54,0
DA:55,0
DA:57,0
DA:65,0
DA:67,0
DA:87,0
DA:91,0
DA:92,0
DA:97,0
DA:98,0
DA:102,0
DA:103,0
DA:108,0
DA:109,0
DA:113,0
DA:114,0
DA:122,0
DA:126,0
DA:128,0
DA:136,0
DA:150,0
DA:151,0
DA:156,0
DA:157,0
DA:162,0
DA:163,0
DA:165,0
DA:167,0
DA:170,0
DA:175,0
DA:177,0
DA:178,0
DA:183,0
DA:184,0
DA:185,0
DA:188,0
DA:192,0
DA:210,0
DA:212,0
DA:213,0
DA:214,0
DA:216,0
DA:217,0
DA:218,0
DA:221,0
DA:225,2
LF:76
LH:3
BRDA:22,0,0,0
BRDA:40,1,0,0
BRDA:40,1,1,0
BRDA:43,2,0,0
BRDA:43,2,1,0
BRDA:53,3,0,0
BRDA:53,3,1,0
BRDA:73,4,0,0
BRDA:73,4,1,0
BRDA:74,5,0,0
BRDA:74,5,1,0
BRDA:75,6,0,0
BRDA:75,6,1,0
BRDA:76,7,0,0
BRDA:76,7,1,0
BRDA:77,8,0,0
BRDA:77,8,1,0
BRDA:78,9,0,0
BRDA:78,9,1,0
BRDA:79,10,0,0
BRDA:79,10,1,0
BRDA:80,11,0,0
BRDA:80,11,1,0
BRDA:81,12,0,0
BRDA:81,12,1,0
BRDA:82,13,0,0
BRDA:82,13,1,0
BRDA:83,14,0,0
BRDA:83,14,1,0
BRDA:97,15,0,0
BRDA:97,15,1,0
BRDA:108,16,0,0
BRDA:108,16,1,0
BRDA:112,17,0,0
BRDA:112,18,0,0
BRDA:125,19,0,0
BRDA:138,20,0,0
BRDA:138,20,1,0
BRDA:139,21,0,0
BRDA:139,21,1,0
BRDA:140,22,0,0
BRDA:140,22,1,0
BRDA:141,23,0,0
BRDA:141,23,1,0
BRDA:142,24,0,0
BRDA:142,24,1,0
BRDA:143,25,0,0
BRDA:143,25,1,0
BRDA:144,26,0,0
BRDA:144,26,1,0
BRDA:145,27,0,0
BRDA:145,27,1,0
BRDA:146,28,0,0
BRDA:146,28,1,0
BRDA:147,29,0,0
BRDA:147,29,1,0
BRDA:184,30,0,0
BRDA:184,30,1,0
BRDA:184,31,0,0
BRDA:184,31,1,0
BRDA:210,32,0,0
BRDA:210,32,1,0
BRDA:216,33,0,0
BRDA:216,33,1,0
BRF:64
BRH:0
end_of_record
TN:
SF:src\models\QuestionBank.js
FN:5,(anonymous_0)
FN:22,(anonymous_1)
FN:50,(anonymous_2)
FN:99,(anonymous_3)
FN:114,(anonymous_4)
FN:129,(anonymous_5)
FN:149,(anonymous_6)
FN:158,(anonymous_7)
FN:190,(anonymous_8)
FN:199,(anonymous_9)
FN:216,(anonymous_10)
FN:229,(anonymous_11)
FN:238,(anonymous_12)
FN:261,(anonymous_13)
FN:274,(anonymous_14)
FN:296,(anonymous_15)
FN:297,(anonymous_16)
FN:301,(anonymous_17)
FN:343,(anonymous_18)
FN:353,(anonymous_19)
FN:366,(anonymous_20)
FNF:21
FNH:0
FNDA:0,(anonymous_0)
FNDA:0,(anonymous_1)
FNDA:0,(anonymous_2)
FNDA:0,(anonymous_3)
FNDA:0,(anonymous_4)
FNDA:0,(anonymous_5)
FNDA:0,(anonymous_6)
FNDA:0,(anonymous_7)
FNDA:0,(anonymous_8)
FNDA:0,(anonymous_9)
FNDA:0,(anonymous_10)
FNDA:0,(anonymous_11)
FNDA:0,(anonymous_12)
FNDA:0,(anonymous_13)
FNDA:0,(anonymous_14)
FNDA:0,(anonymous_15)
FNDA:0,(anonymous_16)
FNDA:0,(anonymous_17)
FNDA:0,(anonymous_18)
FNDA:0,(anonymous_19)
FNDA:0,(anonymous_20)
DA:1,0
DA:2,0
DA:6,0
DA:7,0
DA:8,0
DA:9,0
DA:10,0
DA:11,0
DA:12,0
DA:13,0
DA:14,0
DA:15,0
DA:16,0
DA:17,0
DA:18,0
DA:19,0
DA:23,0
DA:24,0
DA:26,0
DA:47,0
DA:51,0
DA:53,0
DA:54,0
DA:55,0
DA:57,0
DA:58,0
DA:59,0
DA:60,0
DA:75,0
DA:85,0
DA:86,0
DA:87,0
DA:90,0
DA:91,0
DA:92,0
DA:93,0
DA:96,0
DA:100,0
DA:101,0
DA:106,0
DA:108,0
DA:109,0
DA:110,0
DA:111,0
DA:115,0
DA:116,0
DA:121,0
DA:123,0
DA:124,0
DA:125,0
DA:126,0
DA:130,0
DA:131,0
DA:132,0
DA:133,0
DA:135,0
DA:136,0
DA:139,0
DA:140,0
DA:141,0
DA:143,0
DA:144,0
DA:145,0
DA:147,0
DA:148,0
DA:149,0
DA:150,0
DA:152,0
DA:153,0
DA:156,0
DA:157,0
DA:158,0
DA:159,0
DA:161,0
DA:162,0
DA:165,0
DA:166,0
DA:167,0
DA:168,0
DA:171,0
DA:172,0
DA:174,0
DA:177,0
DA:178,0
DA:180,0
DA:181,0
DA:182,0
DA:184,0
DA:185,0
DA:186,0
DA:188,0
DA:189,0
DA:190,0
DA:191,0
DA:193,0
DA:194,0
DA:197,0
DA:198,0
DA:199,0
DA:200,0
DA:202,0
DA:203,0
DA:206,0
DA:207,0
DA:208,0
DA:209,0
DA:212,0
DA:213,0
DA:215,0
DA:217,0
DA:218,0
DA:219,0
DA:220,0
DA:230,0
DA:231,0
DA:235,0
DA:239,0
DA:242,0
DA:246,0
DA:249,0
DA:256,0
DA:261,0
DA:262,0
DA:266,0
DA:273,0
DA:274,0
DA:275,0
DA:279,0
DA:284,0
DA:290,0
DA:296,0
DA:297,0
DA:302,0
DA:303,0
DA:304,0
DA:306,0
DA:307,0
DA:308,0
DA:310,0
DA:311,0
DA:312,0
DA:314,0
DA:315,0
DA:316,0
DA:318,0
DA:319,0
DA:320,0
DA:322,0
DA:323,0
DA:324,0
DA:326,0
DA:327,0
DA:328,0
DA:331,0
DA:333,0
DA:335,0
DA:340,0
DA:344,0
DA:345,0
DA:350,0
DA:354,0
DA:356,0
DA:357,0
DA:363,0
DA:367,0
DA:385,0
LF:166
LH:0
BRDA:35,0,0,0
BRDA:35,0,1,0
BRDA:37,1,0,0
BRDA:37,1,1,0
BRDA:38,2,0,0
BRDA:38,2,1,0
BRDA:39,3,0,0
BRDA:39,3,1,0
BRDA:40,4,0,0
BRDA:40,4,1,0
BRDA:42,5,0,0
BRDA:42,5,1,0
BRDA:43,6,0,0
BRDA:43,6,1,0
BRDA:51,7,0,0
BRDA:51,7,1,0
BRDA:51,8,0,0
BRDA:51,8,1,0
BRDA:63,9,0,0
BRDA:63,9,1,0
BRDA:65,10,0,0
BRDA:65,10,1,0
BRDA:66,11,0,0
BRDA:66,11,1,0
BRDA:67,12,0,0
BRDA:67,12,1,0
BRDA:68,13,0,0
BRDA:68,13,1,0
BRDA:70,14,0,0
BRDA:70,14,1,0
BRDA:71,15,0,0
BRDA:71,15,1,0
BRDA:93,16,0,0
BRDA:93,16,1,0
BRDA:106,17,0,0
BRDA:106,17,1,0
BRDA:110,18,0,0
BRDA:110,18,1,0
BRDA:121,19,0,0
BRDA:121,19,1,0
BRDA:125,20,0,0
BRDA:125,20,1,0
BRDA:129,21,0,0
BRDA:129,22,0,0
BRDA:131,23,0,0
BRDA:131,23,1,0
BRDA:132,24,0,0
BRDA:132,24,1,0
BRDA:139,25,0,0
BRDA:139,25,1,0
BRDA:143,26,0,0
BRDA:143,26,1,0
BRDA:147,27,0,0
BRDA:147,27,1,0
BRDA:147,28,0,0
BRDA:147,28,1,0
BRDA:148,29,0,0
BRDA:148,29,1,0
BRDA:156,30,0,0
BRDA:156,30,1,0
BRDA:156,31,0,0
BRDA:156,31,1,0
BRDA:157,32,0,0
BRDA:157,32,1,0
BRDA:165,33,0,0
BRDA:165,33,1,0
BRDA:180,34,0,0
BRDA:180,34,1,0
BRDA:184,35,0,0
BRDA:184,35,1,0
BRDA:188,36,0,0
BRDA:188,36,1,0
BRDA:188,37,0,0
BRDA:188,37,1,0
BRDA:189,38,0,0
BRDA:189,38,1,0
BRDA:197,39,0,0
BRDA:197,39,1,0
BRDA:197,40,0,0
BRDA:197,40,1,0
BRDA:198,41,0,0
BRDA:198,41,1,0
BRDA:206,42,0,0
BRDA:206,42,1,0
BRDA:219,43,0,0
BRDA:219,43,1,0
BRDA:306,44,0,0
BRDA:306,44,1,0
BRDA:310,45,0,0
BRDA:310,45,1,0
BRDA:314,46,0,0
BRDA:314,46,1,0
BRDA:318,47,0,0
BRDA:318,47,1,0
BRDA:322,48,0,0
BRDA:322,48,1,0
BRDA:326,49,0,0
BRDA:326,49,1,0
BRDA:328,50,0,0
BRDA:328,50,1,0
BRDA:331,51,0,0
BRDA:331,51,1,0
BRF:102
BRH:0
end_of_record
TN:
SF:src\models\Quiz.js
FN:5,(anonymous_0)
FN:26,(anonymous_1)
FN:59,(anonymous_2)
FN:74,(anonymous_3)
FN:89,(anonymous_4)
FN:101,(anonymous_5)
FN:111,(anonymous_6)
FN:121,(anonymous_7)
FN:155,(anonymous_8)
FNF:9
FNH:0
FNDA:0,(anonymous_0)
FNDA:0,(anonymous_1)
FNDA:0,(anonymous_2)
FNDA:0,(anonymous_3)
FNDA:0,(anonymous_4)
FNDA:0,(anonymous_5)
FNDA:0,(anonymous_6)
FNDA:0,(anonymous_7)
FNDA:0,(anonymous_8)
DA:1,1
DA:2,1
DA:6,0
DA:7,0
DA:8,0
DA:9,0
DA:10,0
DA:11,0
DA:12,0
DA:13,0
DA:14,0
DA:15,0
DA:16,0
DA:17,0
DA:18,0
DA:19,0
DA:20,0
DA:21,0
DA:22,0
DA:23,0
DA:27,0
DA:28,0
DA:30,0
DA:56,0
DA:60,0
DA:61,0
DA:66,0
DA:68,0
DA:69,0
DA:70,0
DA:71,0
DA:75,0
DA:76,0
DA:81,0
DA:83,0
DA:84,0
DA:85,0
DA:86,0
DA:90,0
DA:91,0
DA:101,0
DA:102,0
DA:103,0
DA:104,0
DA:105,0
DA:106,0
DA:107,0
DA:112,0
DA:113,0
DA:118,0
DA:122,0
DA:123,0
DA:124,0
DA:126,0
DA:127,0
DA:128,0
DA:130,0
DA:131,0
DA:132,0
DA:134,0
DA:135,0
DA:136,0
DA:138,0
DA:139,0
DA:140,0
DA:143,0
DA:145,0
DA:147,0
DA:152,0
DA:156,0
DA:180,1
LF:71
LH:3
BRDA:43,0,0,0
BRDA:43,0,1,0
BRDA:44,1,0,0
BRDA:44,1,1,0
BRDA:45,2,0,0
BRDA:45,2,1,0
BRDA:46,3,0,0
BRDA:46,3,1,0
BRDA:47,4,0,0
BRDA:47,4,1,0
BRDA:48,5,0,0
BRDA:48,5,1,0
BRDA:49,6,0,0
BRDA:49,6,1,0
BRDA:51,7,0,0
BRDA:51,7,1,0
BRDA:52,8,0,0
BRDA:52,8,1,0
BRDA:66,9,0,0
BRDA:66,9,1,0
BRDA:70,10,0,0
BRDA:70,10,1,0
BRDA:81,11,0,0
BRDA:81,11,1,0
BRDA:85,12,0,0
BRDA:85,12,1,0
BRDA:89,13,0,0
BRDA:89,14,0,0
BRDA:104,15,0,0
BRDA:104,15,1,0
BRDA:126,16,0,0
BRDA:126,16,1,0
BRDA:130,17,0,0
BRDA:130,17,1,0
BRDA:134,18,0,0
BRDA:134,18,1,0
BRDA:138,19,0,0
BRDA:138,19,1,0
BRDA:143,20,0,0
BRDA:143,20,1,0
BRF:40
BRH:0
end_of_record
TN:
SF:src\models\QuizAttempt.js
FN:4,(anonymous_0)
FN:16,(anonymous_1)
FN:37,(anonymous_2)
FN:52,(anonymous_3)
FN:62,(anonymous_4)
FN:70,(anonymous_5)
FN:80,(anonymous_6)
FN:88,(anonymous_7)
FN:135,(anonymous_8)
FNF:9
FNH:0
FNDA:0,(anonymous_0)
FNDA:0,(anonymous_1)
FNDA:0,(anonymous_2)
FNDA:0,(anonymous_3)
FNDA:0,(anonymous_4)
FNDA:0,(anonymous_5)
FNDA:0,(anonymous_6)
FNDA:0,(anonymous_7)
FNDA:0,(anonymous_8)
DA:1,1
DA:5,0
DA:6,0
DA:7,0
DA:8,0
DA:9,0
DA:10,0
DA:11,0
DA:12,0
DA:13,0
DA:17,0
DA:19,0
DA:34,0
DA:38,0
DA:39,0
DA:44,0
DA:46,0
DA:47,0
DA:48,0
DA:49,0
DA:53,0
DA:54,0
DA:62,0
DA:63,0
DA:64,0
DA:65,0
DA:66,0
DA:71,0
DA:72,0
DA:80,0
DA:81,0
DA:82,0
DA:83,0
DA:84,0
DA:89,0
DA:90,0
DA:98,0
DA:100,0
DA:101,0
DA:102,0
DA:105,0
DA:106,0
DA:109,0
DA:114,0
DA:116,0
DA:117,0
DA:118,0
DA:121,0
DA:123,0
DA:124,0
DA:126,0
DA:136,0
DA:148,1
LF:53
LH:2
BRDA:26,0,0,0
BRDA:26,0,1,0
BRDA:27,1,0,0
BRDA:27,1,1,0
BRDA:28,2,0,0
BRDA:28,2,1,0
BRDA:29,3,0,0
BRDA:29,3,1,0
BRDA:30,4,0,0
BRDA:30,4,1,0
BRDA:44,5,0,0
BRDA:44,5,1,0
BRDA:47,6,0,0
BRDA:47,6,1,0
BRDA:48,7,0,0
BRDA:48,7,1,0
BRDA:52,8,0,0
BRDA:64,9,0,0
BRDA:64,9,1,0
BRDA:65,10,0,0
BRDA:65,10,1,0
BRDA:70,11,0,0
BRDA:82,12,0,0
BRDA:82,12,1,0
BRDA:83,13,0,0
BRDA:83,13,1,0
BRDA:88,14,0,0
BRDA:100,15,0,0
BRDA:100,15,1,0
BRDA:116,16,0,0
BRDA:116,16,1,0
BRDA:127,17,0,0
BRDA:127,17,1,0
BRDA:128,18,0,0
BRDA:128,18,1,0
BRDA:129,19,0,0
BRDA:129,19,1,0
BRDA:130,20,0,0
BRDA:130,20,1,0
BRDA:131,21,0,0
BRDA:131,21,1,0
BRF:41
BRH:0
end_of_record
TN:
SF:src\models\UserAchievement.js
FN:5,(anonymous_0)
FN:14,(anonymous_1)
FN:36,(anonymous_2)
FN:47,(anonymous_3)
FN:58,(anonymous_4)
FN:75,(anonymous_5)
FN:86,(anonymous_6)
FN:98,(anonymous_7)
FNF:8
FNH:0
FNDA:0,(anonymous_0)
FNDA:0,(anonymous_1)
FNDA:0,(anonymous_2)
FNDA:0,(anonymous_3)
FNDA:0,(anonymous_4)
FNDA:0,(anonymous_5)
FNDA:0,(anonymous_6)
FNDA:0,(anonymous_7)
DA:1,0
DA:2,0
DA:6,0
DA:7,0
DA:8,0
DA:9,0
DA:10,0
DA:11,0
DA:15,0
DA:18,0
DA:19,0
DA:20,0
DA:24,0
DA:25,0
DA:27,0
DA:33,0
DA:37,0
DA:38,0
DA:43,0
DA:44,0
DA:48,0
DA:49,0
DA:58,0
DA:76,0
DA:77,0
DA:82,0
DA:83,0
DA:87,0
DA:88,0
DA:95,0
DA:99,0
DA:110,0
LF:32
LH:0
BRDA:10,0,0,0
BRDA:10,0,1,0
BRDA:10,1,0,0
BRDA:10,1,1,0
BRDA:11,2,0,0
BRDA:11,2,1,0
BRDA:14,3,0,0
BRDA:19,4,0,0
BRDA:19,4,1,0
BRDA:25,5,0,0
BRDA:25,5,1,0
BRDA:30,6,0,0
BRDA:30,6,1,0
BRDA:43,7,0,0
BRDA:43,7,1,0
BRDA:70,8,0,0
BRDA:70,8,1,0
BRDA:70,9,0,0
BRDA:70,9,1,0
BRDA:71,10,0,0
BRDA:71,10,1,0
BRDA:82,11,0,0
BRDA:82,11,1,0
BRF:23
BRH:0
end_of_record
TN:
SF:src\models\UserStats.js
FN:4,(anonymous_0)
FN:16,(anonymous_1)
FN:31,(anonymous_2)
FN:40,(anonymous_3)
FN:85,(anonymous_4)
FNF:5
FNH:0
FNDA:0,(anonymous_0)
FNDA:0,(anonymous_1)
FNDA:0,(anonymous_2)
FNDA:0,(anonymous_3)
FNDA:0,(anonymous_4)
DA:1,0
DA:5,0
DA:6,0
DA:7,0
DA:8,0
DA:9,0
DA:10,0
DA:11,0
DA:12,0
DA:13,0
DA:17,0
DA:18,0
DA:23,0
DA:25,0
DA:28,0
DA:32,0
DA:33,0
DA:37,0
DA:41,0
DA:42,0
DA:43,0
DA:45,0
DA:46,0
DA:47,0
DA:49,0
DA:50,0
DA:51,0
DA:53,0
DA:54,0
DA:55,0
DA:57,0
DA:58,0
DA:59,0
DA:61,0
DA:62,0
DA:63,0
DA:65,0
DA:66,0
DA:67,0
DA:69,0
DA:70,0
DA:71,0
DA:74,0
DA:76,0
DA:77,0
DA:82,0
DA:86,0
DA:100,0
LF:48
LH:0
BRDA:6,0,0,0
BRDA:6,0,1,0
BRDA:7,1,0,0
BRDA:7,1,1,0
BRDA:8,2,0,0
BRDA:8,2,1,0
BRDA:9,3,0,0
BRDA:9,3,1,0
BRDA:10,4,0,0
BRDA:10,4,1,0
BRDA:11,5,0,0
BRDA:11,5,1,0
BRDA:12,6,0,0
BRDA:12,6,1,0
BRDA:23,7,0,0
BRDA:23,7,1,0
BRDA:45,8,0,0
BRDA:45,8,1,0
BRDA:49,9,0,0
BRDA:49,9,1,0
BRDA:53,10,0,0
BRDA:53,10,1,0
BRDA:57,11,0,0
BRDA:57,11,1,0
BRDA:61,12,0,0
BRDA:61,12,1,0
BRDA:65,13,0,0
BRDA:65,13,1,0
BRDA:69,14,0,0
BRDA:69,14,1,0
BRDA:74,15,0,0
BRDA:74,15,1,0
BRF:32
BRH:0
end_of_record
TN:
SF:src\realtime\leaderboard.js
FN:6,nowMs
FN:7,getWithTtl
FN:11,setWithTtl
FN:15,getFriendsOfUser
FN:23,(anonymous_4)
FN:26,getUserPoints
FN:34,(anonymous_6)
FN:43,(anonymous_7)
FN:49,(anonymous_8)
FN:50,(anonymous_9)
FN:52,(anonymous_10)
FN:58,getUserBasicProfile
FN:64,(anonymous_12)
FN:67,(anonymous_13)
FN:75,getLeaderboardForUser
FN:84,(anonymous_15)
FN:86,(anonymous_16)
FN:91,(anonymous_17)
FN:94,getFriendsEffective
FN:105,getLeaderboardEffective
FN:116,setupLeaderboardRealtime
FN:117,(anonymous_21)
FN:124,(anonymous_22)
FN:131,(anonymous_23)
FN:136,broadcastLeaderboardFor
FN:144,(anonymous_25)
FNF:26
FNH:0
FNDA:0,nowMs
FNDA:0,getWithTtl
FNDA:0,setWithTtl
FNDA:0,getFriendsOfUser
FNDA:0,(anonymous_4)
FNDA:0,getUserPoints
FNDA:0,(anonymous_6)
FNDA:0,(anonymous_7)
FNDA:0,(anonymous_8)
FNDA:0,(anonymous_9)
FNDA:0,(anonymous_10)
FNDA:0,getUserBasicProfile
FNDA:0,(anonymous_12)
FNDA:0,(anonymous_13)
FNDA:0,getLeaderboardForUser
FNDA:0,(anonymous_15)
FNDA:0,(anonymous_16)
FNDA:0,(anonymous_17)
FNDA:0,getFriendsEffective
FNDA:0,getLeaderboardEffective
FNDA:0,setupLeaderboardRealtime
FNDA:0,(anonymous_21)
FNDA:0,(anonymous_22)
FNDA:0,(anonymous_23)
FNDA:0,broadcastLeaderboardFor
FNDA:0,(anonymous_25)
DA:1,0
DA:2,0
DA:3,0
DA:4,0
DA:6,0
DA:8,0
DA:9,0
DA:12,0
DA:16,0
DA:17,0
DA:23,0
DA:27,0
DA:28,0
DA:31,0
DA:34,0
DA:40,0
DA:43,0
DA:49,0
DA:50,0
DA:52,0
DA:59,0
DA:60,0
DA:61,0
DA:64,0
DA:67,0
DA:77,0
DA:79,0
DA:80,0
DA:84,0
DA:85,0
DA:86,0
DA:91,0
DA:95,0
DA:96,0
DA:97,0
DA:98,0
DA:99,0
DA:100,0
DA:102,0
DA:106,0
DA:107,0
DA:108,0
DA:109,0
DA:110,0
DA:111,0
DA:113,0
DA:117,0
DA:118,0
DA:119,0
DA:120,0
DA:122,0
DA:124,0
DA:125,0
DA:126,0
DA:127,0
DA:131,0
DA:137,0
DA:138,0
DA:139,0
DA:140,0
DA:141,0
DA:143,0
DA:144,0
DA:145,0
DA:146,0
DA:150,0
LF:66
LH:0
BRDA:9,0,0,0
BRDA:9,0,1,0
BRDA:9,1,0,0
BRDA:9,1,1,0
BRDA:27,2,0,0
BRDA:27,2,1,0
BRDA:54,3,0,0
BRDA:54,3,1,0
BRDA:54,4,0,0
BRDA:54,4,1,0
BRDA:59,5,0,0
BRDA:59,5,1,0
BRDA:95,6,0,0
BRDA:95,6,1,0
BRDA:97,7,0,0
BRDA:97,7,1,0
BRDA:106,8,0,0
BRDA:106,8,1,0
BRDA:108,9,0,0
BRDA:108,9,1,0
BRDA:119,10,0,0
BRDA:119,10,1,0
BRDA:137,11,0,0
BRDA:137,11,1,0
BRDA:138,12,0,0
BRDA:138,12,1,0
BRDA:140,13,0,0
BRDA:140,13,1,0
BRF:28
BRH:0
end_of_record
TN:
SF:src\routes\achievementRoutes.js
FN:8,(anonymous_0)
FN:19,(anonymous_1)
FN:30,(anonymous_2)
FNF:3
FNH:0
FNDA:0,(anonymous_0)
FNDA:0,(anonymous_1)
FNDA:0,(anonymous_2)
DA:1,0
DA:2,0
DA:3,0
DA:5,0
DA:8,0
DA:9,0
DA:10,0
DA:11,0
DA:13,0
DA:14,0
DA:19,0
DA:20,0
DA:21,0
DA:22,0
DA:24,0
DA:25,0
DA:30,0
DA:31,0
DA:32,0
DA:37,0
DA:38,0
DA:41,0
DA:43,0
DA:44,0
DA:48,0
LF:25
LH:0
BRDA:37,0,0,0
BRDA:37,0,1,0
BRF:2
BRH:0
end_of_record
TN:
SF:src\routes\adaptiveRoutes.js
FN:11,(anonymous_0)
FN:47,(anonymous_1)
FN:80,(anonymous_2)
FN:101,(anonymous_3)
FN:137,(anonymous_4)
FN:148,(anonymous_5)
FN:159,(anonymous_6)
FNF:7
FNH:0
FNDA:0,(anonymous_0)
FNDA:0,(anonymous_1)
FNDA:0,(anonymous_2)
FNDA:0,(anonymous_3)
FNDA:0,(anonymous_4)
FNDA:0,(anonymous_5)
FNDA:0,(anonymous_6)
DA:1,0
DA:2,0
DA:3,0
DA:4,0
DA:5,0
DA:7,0
DA:8,0
DA:11,0
DA:12,0
DA:13,0
DA:14,0
DA:17,0
DA:18,0
DA:19,0
DA:22,0
DA:24,0
DA:29,0
DA:41,0
DA:42,0
DA:47,0
DA:48,0
DA:49,0
DA:50,0
DA:52,0
DA:53,0
DA:74,0
DA:75,0
DA:80,0
DA:81,0
DA:82,0
DA:83,0
DA:84,0
DA:95,0
DA:96,0
DA:101,0
DA:102,0
DA:103,0
DA:104,0
DA:107,0
DA:109,0
DA:118,0
DA:131,0
DA:132,0
DA:137,0
DA:138,0
DA:139,0
DA:140,0
DA:142,0
DA:143,0
DA:148,0
DA:149,0
DA:150,0
DA:151,0
DA:153,0
DA:154,0
DA:159,0
DA:160,0
DA:161,0
DA:162,0
DA:163,0
DA:164,0
DA:166,0
DA:167,0
DA:171,0
LF:64
LH:0
BRDA:13,0,0,0
BRDA:13,0,1,0
BRDA:18,1,0,0
BRDA:18,1,1,0
BRDA:22,2,0,0
BRDA:22,2,1,0
BRDA:42,3,0,0
BRDA:42,3,1,0
BRDA:50,4,0,0
BRDA:50,4,1,0
BRDA:59,5,0,0
BRDA:59,5,1,0
BRDA:62,6,0,0
BRDA:62,6,1,0
BRDA:83,7,0,0
BRDA:83,7,1,0
BRDA:96,8,0,0
BRDA:96,8,1,0
BRDA:103,9,0,0
BRDA:103,9,1,0
BRDA:104,10,0,0
BRDA:104,10,1,0
BRDA:109,11,0,0
BRDA:109,11,1,0
BRDA:127,12,0,0
BRDA:127,12,1,0
BRDA:132,13,0,0
BRDA:132,13,1,0
BRDA:139,14,0,0
BRDA:139,14,1,0
BRDA:161,15,0,0
BRDA:161,15,1,0
BRDA:162,16,0,0
BRDA:162,16,1,0
BRF:34
BRH:0
end_of_record
TN:
SF:src\routes\authRoutes.js
FN:11,(anonymous_0)
FN:21,(anonymous_1)
FN:31,(anonymous_2)
FN:42,getLoginKey
FN:47,(anonymous_4)
FN:75,(anonymous_5)
FN:85,(anonymous_6)
FN:96,(anonymous_7)
FN:107,(anonymous_8)
FN:117,(anonymous_9)
FN:139,(anonymous_10)
FN:159,(anonymous_11)
FN:170,(anonymous_12)
FN:175,(anonymous_13)
FN:194,(anonymous_14)
FNF:15
FNH:0
FNDA:0,(anonymous_0)
FNDA:0,(anonymous_1)
FNDA:0,(anonymous_2)
FNDA:0,getLoginKey
FNDA:0,(anonymous_4)
FNDA:0,(anonymous_5)
FNDA:0,(anonymous_6)
FNDA:0,(anonymous_7)
FNDA:0,(anonymous_8)
FNDA:0,(anonymous_9)
FNDA:0,(anonymous_10)
FNDA:0,(anonymous_11)
FNDA:0,(anonymous_12)
FNDA:0,(anonymous_13)
FNDA:0,(anonymous_14)
DA:1,0
DA:2,0
DA:3,0
DA:4,0
DA:5,0
DA:6,0
DA:7,0
DA:9,0
DA:11,0
DA:12,0
DA:13,0
DA:14,0
DA:15,0
DA:17,0
DA:21,0
DA:22,0
DA:23,0
DA:24,0
DA:25,0
DA:27,0
DA:31,0
DA:32,0
DA:33,0
DA:34,0
DA:35,0
DA:37,0
DA:41,0
DA:43,0
DA:44,0
DA:47,0
DA:48,0
DA:49,0
DA:50,0
DA:51,0
DA:52,0
DA:53,0
DA:54,0
DA:56,0
DA:57,0
DA:58,0
DA:59,0
DA:61,0
DA:62,0
DA:63,0
DA:64,0
DA:65,0
DA:66,0
DA:67,0
DA:68,0
DA:70,0
DA:75,0
DA:76,0
DA:77,0
DA:78,0
DA:79,0
DA:81,0
DA:85,0
DA:86,0
DA:88,0
DA:89,0
DA:90,0
DA:92,0
DA:96,0
DA:97,0
DA:98,0
DA:99,0
DA:100,0
DA:101,0
DA:103,0
DA:107,0
DA:108,0
DA:109,0
DA:110,0
DA:111,0
DA:113,0
DA:117,0
DA:118,0
DA:119,0
DA:120,0
DA:122,0
DA:123,0
DA:126,0
DA:127,0
DA:133,0
DA:135,0
DA:139,0
DA:140,0
DA:141,0
DA:142,0
DA:144,0
DA:147,0
DA:148,0
DA:151,0
DA:153,0
DA:155,0
DA:159,0
DA:160,0
DA:161,0
DA:162,0
DA:164,0
DA:165,0
DA:166,0
DA:168,0
DA:170,0
DA:171,0
DA:172,0
DA:173,0
DA:176,0
DA:185,0
DA:187,0
DA:189,0
DA:190,0
DA:194,0
DA:195,0
DA:196,0
DA:197,0
DA:198,0
DA:199,0
DA:205,0
DA:207,0
DA:208,0
DA:209,0
DA:211,0
DA:215,0
DA:216,0
DA:218,0
DA:219,0
DA:221,0
DA:222,0
DA:226,0
LF:130
LH:0
BRDA:13,0,0,0
BRDA:13,0,1,0
BRDA:17,1,0,0
BRDA:17,1,1,0
BRDA:23,2,0,0
BRDA:23,2,1,0
BRDA:27,3,0,0
BRDA:27,3,1,0
BRDA:33,4,0,0
BRDA:33,4,1,0
BRDA:37,5,0,0
BRDA:37,5,1,0
BRDA:43,6,0,0
BRDA:43,6,1,0
BRDA:49,7,0,0
BRDA:49,7,1,0
BRDA:51,8,0,0
BRDA:51,8,1,0
BRDA:52,9,0,0
BRDA:52,9,1,0
BRDA:52,10,0,0
BRDA:52,10,1,0
BRDA:62,11,0,0
BRDA:62,11,1,0
BRDA:64,12,0,0
BRDA:64,12,1,0
BRDA:66,13,0,0
BRDA:66,13,1,0
BRDA:67,14,0,0
BRDA:67,14,1,0
BRDA:77,15,0,0
BRDA:77,15,1,0
BRDA:81,16,0,0
BRDA:81,16,1,0
BRDA:98,17,0,0
BRDA:98,17,1,0
BRDA:98,18,0,0
BRDA:98,18,1,0
BRDA:99,19,0,0
BRDA:99,19,1,0
BRDA:109,20,0,0
BRDA:109,20,1,0
BRDA:113,21,0,0
BRDA:113,21,1,0
BRDA:119,22,0,0
BRDA:119,22,1,0
BRDA:119,23,0,0
BRDA:119,23,1,0
BRDA:120,24,0,0
BRDA:120,24,1,0
BRDA:123,25,0,0
BRDA:123,25,1,0
BRDA:135,26,0,0
BRDA:135,26,1,0
BRDA:141,27,0,0
BRDA:141,27,1,0
BRDA:141,28,0,0
BRDA:141,28,1,0
BRDA:142,29,0,0
BRDA:142,29,1,0
BRDA:155,30,0,0
BRDA:155,30,1,0
BRDA:161,31,0,0
BRDA:161,31,1,0
BRDA:164,32,0,0
BRDA:164,32,1,0
BRDA:168,33,0,0
BRDA:168,33,1,0
BRDA:173,34,0,0
BRDA:173,34,1,0
BRDA:196,35,0,0
BRDA:196,35,1,0
BRDA:198,36,0,0
BRDA:198,36,1,0
BRDA:198,37,0,0
BRDA:198,37,1,0
BRDA:198,37,2,0
BRDA:198,37,3,0
BRDA:216,38,0,0
BRDA:216,38,1,0
BRDA:218,39,0,0
BRDA:218,39,1,0
BRF:82
BRH:0
end_of_record
TN:
SF:src\routes\flashcardsRoutes.js
FN:11,(anonymous_0)
FN:29,(anonymous_1)
FN:42,(anonymous_2)
FN:81,(anonymous_3)
FN:93,(anonymous_4)
FNF:5
FNH:0
FNDA:0,(anonymous_0)
FNDA:0,(anonymous_1)
FNDA:0,(anonymous_2)
FNDA:0,(anonymous_3)
FNDA:0,(anonymous_4)
DA:1,0
DA:2,0
DA:3,0
DA:4,0
DA:6,0
DA:8,0
DA:12,0
DA:19,0
DA:21,0
DA:23,0
DA:29,0
DA:30,0
DA:31,0
DA:32,0
DA:33,0
DA:34,0
DA:36,0
DA:37,0
DA:42,0
DA:43,0
DA:44,0
DA:45,0
DA:49,0
DA:50,0
DA:51,0
DA:52,0
DA:54,0
DA:55,0
DA:59,0
DA:64,0
DA:71,0
DA:73,0
DA:74,0
DA:81,0
DA:82,0
DA:83,0
DA:84,0
DA:85,0
DA:87,0
DA:88,0
DA:93,0
DA:94,0
DA:95,0
DA:96,0
DA:97,0
DA:99,0
DA:100,0
DA:104,0
LF:48
LH:0
BRDA:19,0,0,0
BRDA:19,0,1,0
BRDA:19,1,0,0
BRDA:19,1,1,0
BRDA:31,2,0,0
BRDA:31,2,1,0
BRDA:32,3,0,0
BRDA:32,3,1,0
BRDA:44,4,0,0
BRDA:44,4,1,0
BRDA:50,5,0,0
BRDA:50,5,1,0
BRDA:60,6,0,0
BRDA:60,6,1,0
BRDA:75,7,0,0
BRDA:75,7,1,0
BRDA:84,8,0,0
BRDA:84,8,1,0
BRDA:95,9,0,0
BRDA:95,9,1,0
BRDA:96,10,0,0
BRDA:96,10,1,0
BRF:22
BRH:0
end_of_record
TN:
SF:src\routes\friendsRoutes.js
FN:9,(anonymous_0)
FN:33,(anonymous_1)
FN:48,(anonymous_2)
FN:70,parseCompoundRequestId
FN:80,(anonymous_4)
FN:94,(anonymous_5)
FN:112,(anonymous_6)
FN:129,(anonymous_7)
FN:163,(anonymous_8)
FN:197,(anonymous_9)
FN:216,(anonymous_10)
FN:226,(anonymous_11)
FN:231,(anonymous_12)
FNF:13
FNH:0
FNDA:0,(anonymous_0)
FNDA:0,(anonymous_1)
FNDA:0,(anonymous_2)
FNDA:0,parseCompoundRequestId
FNDA:0,(anonymous_4)
FNDA:0,(anonymous_5)
FNDA:0,(anonymous_6)
FNDA:0,(anonymous_7)
FNDA:0,(anonymous_8)
FNDA:0,(anonymous_9)
FNDA:0,(anonymous_10)
FNDA:0,(anonymous_11)
FNDA:0,(anonymous_12)
DA:1,0
DA:2,0
DA:3,0
DA:4,0
DA:6,0
DA:9,0
DA:10,0
DA:11,0
DA:12,0
DA:13,0
DA:14,0
DA:17,0
DA:33,0
DA:40,0
DA:42,0
DA:43,0
DA:48,0
DA:49,0
DA:50,0
DA:51,0
DA:52,0
DA:53,0
DA:54,0
DA:56,0
DA:62,0
DA:64,0
DA:65,0
DA:71,0
DA:72,0
DA:73,0
DA:74,0
DA:75,0
DA:76,0
DA:80,0
DA:81,0
DA:82,0
DA:83,0
DA:84,0
DA:94,0
DA:104,0
DA:106,0
DA:107,0
DA:112,0
DA:113,0
DA:114,0
DA:115,0
DA:116,0
DA:120,0
DA:121,0
DA:123,0
DA:124,0
DA:129,0
DA:130,0
DA:131,0
DA:132,0
DA:133,0
DA:134,0
DA:135,0
DA:141,0
DA:142,0
DA:143,0
DA:144,0
DA:145,0
DA:152,0
DA:155,0
DA:157,0
DA:158,0
DA:163,0
DA:164,0
DA:165,0
DA:166,0
DA:167,0
DA:168,0
DA:169,0
DA:175,0
DA:176,0
DA:177,0
DA:178,0
DA:179,0
DA:186,0
DA:189,0
DA:191,0
DA:192,0
DA:197,0
DA:198,0
DA:199,0
DA:200,0
DA:201,0
DA:202,0
DA:203,0
DA:208,0
DA:210,0
DA:211,0
DA:216,0
DA:217,0
DA:218,0
DA:219,0
DA:220,0
DA:226,0
DA:227,0
DA:228,0
DA:231,0
DA:234,0
DA:236,0
DA:237,0
DA:241,0
LF:106
LH:0
BRDA:11,0,0,0
BRDA:11,0,1,0
BRDA:12,1,0,0
BRDA:12,1,1,0
BRDA:38,2,0,0
BRDA:38,2,1,0
BRDA:38,3,0,0
BRDA:38,3,1,0
BRDA:50,4,0,0
BRDA:50,4,1,0
BRDA:53,5,0,0
BRDA:53,5,1,0
BRDA:53,6,0,0
BRDA:53,6,1,0
BRDA:71,7,0,0
BRDA:71,7,1,0
BRDA:71,8,0,0
BRDA:71,8,1,0
BRDA:71,8,2,0
BRDA:73,9,0,0
BRDA:73,9,1,0
BRDA:120,10,0,0
BRDA:120,10,1,0
BRDA:132,11,0,0
BRDA:132,11,1,0
BRDA:132,12,0,0
BRDA:132,12,1,0
BRDA:133,13,0,0
BRDA:133,13,1,0
BRDA:141,14,0,0
BRDA:141,14,1,0
BRDA:144,15,0,0
BRDA:144,15,1,0
BRDA:167,16,0,0
BRDA:167,16,1,0
BRDA:175,17,0,0
BRDA:175,17,1,0
BRDA:178,18,0,0
BRDA:178,18,1,0
BRDA:200,19,0,0
BRDA:200,19,1,0
BRDA:200,20,0,0
BRDA:200,20,1,0
BRDA:201,21,0,0
BRDA:201,21,1,0
BRDA:227,22,0,0
BRDA:227,22,1,0
BRF:47
BRH:0
end_of_record
TN:
SF:src\routes\leaderboardRoutes.js
FN:7,getFriends
FN:14,(anonymous_1)
FN:17,(anonymous_2)
FN:32,(anonymous_3)
FN:41,(anonymous_4)
FN:47,(anonymous_5)
FN:48,(anonymous_6)
FN:53,(anonymous_7)
FN:56,(anonymous_8)
FN:63,(anonymous_9)
FNF:10
FNH:0
FNDA:0,getFriends
FNDA:0,(anonymous_1)
FNDA:0,(anonymous_2)
FNDA:0,(anonymous_3)
FNDA:0,(anonymous_4)
FNDA:0,(anonymous_5)
FNDA:0,(anonymous_6)
FNDA:0,(anonymous_7)
FNDA:0,(anonymous_8)
FNDA:0,(anonymous_9)
DA:1,0
DA:2,0
DA:3,0
DA:5,0
DA:8,0
DA:14,0
DA:17,0
DA:18,0
DA:19,0
DA:20,0
DA:21,0
DA:23,0
DA:25,0
DA:27,0
DA:29,0
DA:32,0
DA:38,0
DA:41,0
DA:47,0
DA:48,0
DA:50,0
DA:53,0
DA:56,0
DA:63,0
DA:65,0
DA:66,0
DA:67,0
DA:69,0
DA:70,0
DA:74,0
LF:30
LH:0
BRDA:20,0,0,0
BRDA:20,0,1,0
BRDA:27,1,0,0
BRDA:27,1,1,0
BRDA:61,2,0,0
BRDA:61,2,1,0
BRDA:61,3,0,0
BRDA:61,3,1,0
BRF:8
BRH:0
end_of_record
TN:
SF:src\routes\notesRoutes.js
FN:8,(anonymous_0)
FN:21,(anonymous_1)
FN:33,(anonymous_2)
FN:44,(anonymous_3)
FN:56,(anonymous_4)
FNF:5
FNH:0
FNDA:0,(anonymous_0)
FNDA:0,(anonymous_1)
FNDA:0,(anonymous_2)
FNDA:0,(anonymous_3)
FNDA:0,(anonymous_4)
DA:1,0
DA:2,0
DA:3,0
DA:5,0
DA:8,0
DA:9,0
DA:10,0
DA:11,0
DA:12,0
DA:13,0
DA:15,0
DA:16,0
DA:21,0
DA:22,0
DA:23,0
DA:24,0
DA:25,0
DA:27,0
DA:28,0
DA:33,0
DA:34,0
DA:35,0
DA:36,0
DA:38,0
DA:39,0
DA:44,0
DA:45,0
DA:46,0
DA:47,0
DA:48,0
DA:50,0
DA:51,0
DA:56,0
DA:57,0
DA:58,0
DA:59,0
DA:60,0
DA:62,0
DA:63,0
DA:67,0
LF:40
LH:0
BRDA:10,0,0,0
BRDA:10,0,1,0
BRDA:11,1,0,0
BRDA:11,1,1,0
BRDA:24,2,0,0
BRDA:24,2,1,0
BRDA:47,3,0,0
BRDA:47,3,1,0
BRDA:59,4,0,0
BRDA:59,4,1,0
BRF:10
BRH:0
end_of_record
TN:
SF:src\routes\questionBankRoutes.js
FN:13,(anonymous_0)
FN:62,(anonymous_1)
FN:85,(anonymous_2)
FN:115,(anonymous_3)
FNF:4
FNH:0
FNDA:0,(anonymous_0)
FNDA:0,(anonymous_1)
FNDA:0,(anonymous_2)
FNDA:0,(anonymous_3)
DA:1,0
DA:2,0
DA:3,0
DA:5,0
DA:13,0
DA:14,0
DA:15,0
DA:18,0
DA:21,0
DA:22,0
DA:23,0
DA:25,0
DA:31,0
DA:44,0
DA:49,0
DA:51,0
DA:53,0
DA:54,0
DA:62,0
DA:63,0
DA:64,0
DA:66,0
DA:68,0
DA:75,0
DA:76,0
DA:85,0
DA:86,0
DA:87,0
DA:88,0
DA:90,0
DA:91,0
DA:94,0
DA:95,0
DA:98,0
DA:104,0
DA:106,0
DA:107,0
DA:115,0
DA:116,0
DA:117,0
DA:119,0
DA:121,0
DA:123,0
DA:124,0
DA:128,0
LF:45
LH:0
BRDA:21,0,0,0
BRDA:21,0,1,0
BRDA:32,1,0,0
BRDA:32,1,1,0
BRDA:33,2,0,0
BRDA:33,2,1,0
BRDA:34,3,0,0
BRDA:34,3,1,0
BRDA:35,4,0,0
BRDA:35,4,1,0
BRDA:37,5,0,0
BRDA:37,5,1,0
BRDA:38,6,0,0
BRDA:38,6,1,0
BRDA:40,7,0,0
BRDA:40,7,1,0
BRDA:45,8,0,0
BRDA:45,8,1,0
BRDA:46,9,0,0
BRDA:46,9,1,0
BRDA:54,10,0,0
BRDA:54,10,1,0
BRDA:76,11,0,0
BRDA:76,11,1,0
BRDA:90,12,0,0
BRDA:90,12,1,0
BRDA:90,13,0,0
BRDA:90,13,1,0
BRDA:94,14,0,0
BRDA:94,14,1,0
BRDA:94,15,0,0
BRDA:94,15,1,0
BRDA:94,15,2,0
BRDA:107,16,0,0
BRDA:107,16,1,0
BRDA:124,17,0,0
BRDA:124,17,1,0
BRF:37
BRH:0
end_of_record
TN:
SF:src\routes\quizRoutes.js
FN:11,(anonymous_0)
FN:30,(anonymous_1)
FN:63,(anonymous_2)
FN:122,(anonymous_3)
FN:174,(anonymous_4)
FN:196,(anonymous_5)
FN:212,(anonymous_6)
FN:228,(anonymous_7)
FN:239,(anonymous_8)
FN:251,(anonymous_9)
FN:263,(anonymous_10)
FN:275,(anonymous_11)
FN:293,(anonymous_12)
FN:304,(anonymous_13)
FN:320,(anonymous_14)
FN:365,(anonymous_15)
FNF:16
FNH:0
FNDA:0,(anonymous_0)
FNDA:0,(anonymous_1)
FNDA:0,(anonymous_2)
FNDA:0,(anonymous_3)
FNDA:0,(anonymous_4)
FNDA:0,(anonymous_5)
FNDA:0,(anonymous_6)
FNDA:0,(anonymous_7)
FNDA:0,(anonymous_8)
FNDA:0,(anonymous_9)
FNDA:0,(anonymous_10)
FNDA:0,(anonymous_11)
FNDA:0,(anonymous_12)
FNDA:0,(anonymous_13)
FNDA:0,(anonymous_14)
FNDA:0,(anonymous_15)
DA:1,0
DA:2,0
DA:3,0
DA:4,0
DA:6,0
DA:8,0
DA:12,0
DA:20,0
DA:22,0
DA:24,0
DA:30,0
DA:31,0
DA:32,0
DA:33,0
DA:37,0
DA:38,0
DA:40,0
DA:47,0
DA:55,0
DA:56,0
DA:63,0
DA:64,0
DA:65,0
DA:66,0
DA:70,0
DA:71,0
DA:72,0
DA:73,0
DA:74,0
DA:77,0
DA:78,0
DA:82,0
DA:83,0
DA:84,0
DA:85,0
DA:87,0
DA:88,0
DA:92,0
DA:102,0
DA:109,0
DA:114,0
DA:115,0
DA:122,0
DA:123,0
DA:124,0
DA:125,0
DA:129,0
DA:130,0
DA:131,0
DA:132,0
DA:135,0
DA:136,0
DA:137,0
DA:138,0
DA:140,0
DA:141,0
DA:145,0
DA:154,0
DA:161,0
DA:166,0
DA:167,0
DA:174,0
DA:175,0
DA:176,0
DA:177,0
DA:179,0
DA:181,0
DA:190,0
DA:191,0
DA:196,0
DA:197,0
DA:198,0
DA:200,0
DA:201,0
DA:204,0
DA:206,0
DA:207,0
DA:212,0
DA:213,0
DA:214,0
DA:216,0
DA:217,0
DA:220,0
DA:222,0
DA:223,0
DA:228,0
DA:229,0
DA:230,0
DA:231,0
DA:233,0
DA:234,0
DA:239,0
DA:240,0
DA:241,0
DA:242,0
DA:243,0
DA:245,0
DA:246,0
DA:251,0
DA:252,0
DA:253,0
DA:254,0
DA:255,0
DA:257,0
DA:258,0
DA:263,0
DA:264,0
DA:265,0
DA:266,0
DA:267,0
DA:269,0
DA:270,0
DA:275,0
DA:276,0
DA:277,0
DA:279,0
DA:285,0
DA:287,0
DA:288,0
DA:293,0
DA:294,0
DA:295,0
DA:296,0
DA:298,0
DA:299,0
DA:304,0
DA:305,0
DA:306,0
DA:308,0
DA:309,0
DA:312,0
DA:314,0
DA:315,0
DA:320,0
DA:321,0
DA:322,0
DA:323,0
DA:327,0
DA:328,0
DA:329,0
DA:330,0
DA:332,0
DA:333,0
DA:337,0
DA:343,0
DA:350,0
DA:355,0
DA:356,0
DA:357,0
DA:365,0
DA:366,0
DA:367,0
DA:375,0
LF:153
LH:0
BRDA:20,0,0,0
BRDA:20,0,1,0
BRDA:20,1,0,0
BRDA:20,1,1,0
BRDA:32,2,0,0
BRDA:32,2,1,0
BRDA:57,3,0,0
BRDA:57,3,1,0
BRDA:65,4,0,0
BRDA:65,4,1,0
BRDA:70,5,0,0
BRDA:70,5,1,0
BRDA:72,6,0,0
BRDA:72,6,1,0
BRDA:73,7,0,0
BRDA:73,7,1,0
BRDA:74,8,0,0
BRDA:74,8,1,0
BRDA:77,9,0,0
BRDA:77,9,1,0
BRDA:77,10,0,0
BRDA:77,10,1,0
BRDA:83,11,0,0
BRDA:83,11,1,0
BRDA:98,12,0,0
BRDA:98,12,1,0
BRDA:116,13,0,0
BRDA:116,13,1,0
BRDA:124,14,0,0
BRDA:124,14,1,0
BRDA:129,15,0,0
BRDA:129,15,1,0
BRDA:130,16,0,0
BRDA:130,16,1,0
BRDA:132,17,0,0
BRDA:132,17,1,0
BRDA:136,18,0,0
BRDA:136,18,1,0
BRDA:168,19,0,0
BRDA:168,19,1,0
BRDA:176,20,0,0
BRDA:176,20,1,0
BRDA:177,21,0,0
BRDA:177,21,1,0
BRDA:200,22,0,0
BRDA:200,22,1,0
BRDA:216,23,0,0
BRDA:216,23,1,0
BRDA:242,24,0,0
BRDA:242,24,1,0
BRDA:254,25,0,0
BRDA:254,25,1,0
BRDA:265,26,0,0
BRDA:265,26,1,0
BRDA:308,27,0,0
BRDA:308,27,1,0
BRDA:322,28,0,0
BRDA:322,28,1,0
BRDA:328,29,0,0
BRDA:328,29,1,0
BRDA:338,30,0,0
BRDA:338,30,1,0
BRDA:339,31,0,0
BRDA:339,31,1,0
BRDA:358,32,0,0
BRDA:358,32,1,0
BRDA:359,33,0,0
BRDA:359,33,1,0
BRF:68
BRH:0
end_of_record
TN:
SF:src\routes\userRoutes.js
FN:16,(anonymous_0)
FN:25,(anonymous_1)
FN:59,(anonymous_2)
FN:88,(anonymous_3)
FN:97,(anonymous_4)
FN:109,(anonymous_5)
FN:135,(anonymous_6)
FN:185,(anonymous_7)
FN:219,(anonymous_8)
FN:260,(anonymous_9)
FNF:10
FNH:5
FNDA:0,(anonymous_0)
FNDA:3,(anonymous_1)
FNDA:4,(anonymous_2)
FNDA:0,(anonymous_3)
FNDA:0,(anonymous_4)
FNDA:0,(anonymous_5)
FNDA:2,(anonymous_6)
FNDA:0,(anonymous_7)
FNDA:2,(anonymous_8)
FNDA:2,(anonymous_9)
DA:1,1
DA:2,1
DA:3,1
DA:4,1
DA:5,1
DA:6,1
DA:8,1
DA:11,1
DA:17,0
DA:18,0
DA:20,0
DA:25,1
DA:26,3
DA:27,3
DA:28,3
DA:37,2
DA:38,1
DA:41,1
DA:42,1
DA:54,1
DA:55,1
DA:59,1
DA:60,4
DA:61,4
DA:63,4
DA:64,1
DA:67,3
DA:68,1
DA:71,2
DA:72,1
DA:75,1
DA:76,1
DA:81,1
DA:83,0
DA:84,0
DA:88,1
DA:89,0
DA:90,0
DA:91,0
DA:94,0
DA:95,0
DA:97,0
DA:98,0
DA:110,0
DA:111,0
DA:113,0
DA:119,0
DA:120,0
DA:125,0
DA:130,0
DA:131,0
DA:135,1
DA:136,2
DA:137,2
DA:138,2
DA:140,2
DA:151,1
DA:170,1
DA:172,1
DA:179,1
DA:180,1
DA:185,1
DA:186,0
DA:187,0
DA:190,0
DA:195,0
DA:197,0
DA:198,0
DA:201,0
DA:202,0
DA:206,0
DA:211,0
DA:213,0
DA:214,0
DA:219,1
DA:220,2
DA:221,2
DA:222,2
DA:227,2
DA:228,0
DA:231,2
DA:234,2
DA:240,2
DA:241,1
DA:245,1
DA:246,1
DA:247,1
DA:250,0
DA:251,0
DA:254,0
DA:255,0
DA:260,1
DA:261,2
DA:262,2
DA:265,2
DA:268,1
DA:273,1
DA:279,1
DA:280,1
DA:285,1
DA:294,0
DA:295,0
DA:299,1
LF:103
LH:64
BRDA:17,0,0,0
BRDA:17,0,1,0
BRDA:37,1,0,1
BRDA:37,1,1,1
BRDA:47,2,0,1
BRDA:47,2,1,0
BRDA:48,3,0,1
BRDA:48,3,1,0
BRDA:49,4,0,1
BRDA:49,4,1,0
BRDA:63,5,0,1
BRDA:63,5,1,3
BRDA:63,6,0,4
BRDA:63,6,1,3
BRDA:67,7,0,1
BRDA:67,7,1,2
BRDA:71,8,0,1
BRDA:71,8,1,1
BRDA:71,9,0,2
BRDA:71,9,1,2
BRDA:78,10,0,1
BRDA:78,10,1,0
BRDA:90,11,0,0
BRDA:90,11,1,0
BRDA:110,12,0,0
BRDA:110,12,1,0
BRDA:173,13,0,1
BRDA:173,13,1,0
BRDA:174,14,0,1
BRDA:174,14,1,0
BRDA:175,15,0,1
BRDA:175,15,1,0
BRDA:195,16,0,0
BRDA:195,16,1,0
BRDA:195,17,0,0
BRDA:195,17,1,0
BRDA:227,18,0,0
BRDA:227,18,1,2
BRDA:240,19,0,1
BRDA:240,19,1,1
BRDA:246,20,0,1
BRDA:246,20,1,0
BRDA:265,21,0,1
BRDA:265,21,1,1
BRDA:265,22,0,2
BRDA:265,22,1,1
BRDA:265,22,2,1
BRF:47
BRH:28
end_of_record
TN:
SF:src\services\achievementService.js
FN:6,normalizeValue
FN:8,(anonymous_1)
FN:12,isAnswerCorrect
FN:17,(anonymous_3)
FN:30,(anonymous_4)
FN:178,(anonymous_5)
FN:255,(anonymous_6)
FN:258,(anonymous_7)
FN:261,(anonymous_8)
FN:263,(anonymous_9)
FN:281,(anonymous_10)
FN:288,(anonymous_11)
FNF:12
FNH:0
FNDA:0,normalizeValue
FNDA:0,(anonymous_1)
FNDA:0,isAnswerCorrect
FNDA:0,(anonymous_3)
FNDA:0,(anonymous_4)
FNDA:0,(anonymous_5)
FNDA:0,(anonymous_6)
FNDA:0,(anonymous_7)
FNDA:0,(anonymous_8)
FNDA:0,(anonymous_9)
FNDA:0,(anonymous_10)
FNDA:0,(anonymous_11)
DA:1,0
DA:2,0
DA:3,0
DA:7,0
DA:8,0
DA:9,0
DA:13,0
DA:14,0
DA:15,0
DA:16,0
DA:17,0
DA:19,0
DA:20,0
DA:21,0
DA:22,0
DA:31,0
DA:32,0
DA:35,0
DA:36,0
DA:37,0
DA:38,0
DA:41,0
DA:42,0
DA:44,0
DA:45,0
DA:46,0
DA:47,0
DA:49,0
DA:50,0
DA:51,0
DA:53,0
DA:58,0
DA:66,0
DA:67,0
DA:70,0
DA:71,0
DA:72,0
DA:73,0
DA:74,0
DA:79,0
DA:80,0
DA:81,0
DA:82,0
DA:83,0
DA:89,0
DA:90,0
DA:93,0
DA:94,0
DA:95,0
DA:96,0
DA:97,0
DA:103,0
DA:104,0
DA:105,0
DA:106,0
DA:107,0
DA:111,0
DA:112,0
DA:113,0
DA:114,0
DA:115,0
DA:120,0
DA:121,0
DA:125,0
DA:126,0
DA:127,0
DA:128,0
DA:129,0
DA:133,0
DA:134,0
DA:135,0
DA:136,0
DA:137,0
DA:141,0
DA:142,0
DA:143,0
DA:144,0
DA:145,0
DA:150,0
DA:151,0
DA:152,0
DA:153,0
DA:154,0
DA:155,0
DA:161,0
DA:162,0
DA:163,0
DA:164,0
DA:165,0
DA:170,0
DA:172,0
DA:179,0
DA:180,0
DA:182,0
DA:183,0
DA:185,0
DA:186,0
DA:187,0
DA:189,0
DA:191,0
DA:192,0
DA:193,0
DA:194,0
DA:196,0
DA:197,0
DA:198,0
DA:199,0
DA:201,0
DA:202,0
DA:203,0
DA:204,0
DA:206,0
DA:207,0
DA:208,0
DA:209,0
DA:211,0
DA:212,0
DA:213,0
DA:214,0
DA:216,0
DA:217,0
DA:218,0
DA:219,0
DA:221,0
DA:222,0
DA:223,0
DA:224,0
DA:226,0
DA:227,0
DA:228,0
DA:229,0
DA:232,0
DA:233,0
DA:235,0
DA:236,0
DA:237,0
DA:238,0
DA:240,0
DA:243,0
DA:256,0
DA:257,0
DA:258,0
DA:259,0
DA:261,0
DA:262,0
DA:263,0
DA:264,0
DA:266,0
DA:282,0
DA:289,0
DA:293,0
LF:151
LH:0
BRDA:7,0,0,0
BRDA:7,0,1,0
BRDA:7,1,0,0
BRDA:7,1,1,0
BRDA:8,2,0,0
BRDA:8,2,1,0
BRDA:13,3,0,0
BRDA:13,3,1,0
BRDA:16,4,0,0
BRDA:16,4,1,0
BRDA:16,5,0,0
BRDA:16,5,1,0
BRDA:16,5,2,0
BRDA:21,6,0,0
BRDA:21,6,1,0
BRDA:21,7,0,0
BRDA:21,7,1,0
BRDA:35,8,0,0
BRDA:35,8,1,0
BRDA:36,9,0,0
BRDA:36,9,1,0
BRDA:37,10,0,0
BRDA:37,10,1,0
BRDA:38,11,0,0
BRDA:38,11,1,0
BRDA:49,12,0,0
BRDA:49,12,1,0
BRDA:66,13,0,0
BRDA:66,13,1,0
BRDA:70,14,0,0
BRDA:70,14,1,0
BRDA:72,15,0,0
BRDA:72,15,1,0
BRDA:79,16,0,0
BRDA:79,16,1,0
BRDA:81,17,0,0
BRDA:81,17,1,0
BRDA:81,18,0,0
BRDA:81,18,1,0
BRDA:89,19,0,0
BRDA:89,19,1,0
BRDA:90,20,0,0
BRDA:90,20,1,0
BRDA:93,21,0,0
BRDA:93,21,1,0
BRDA:95,22,0,0
BRDA:95,22,1,0
BRDA:95,23,0,0
BRDA:95,23,1,0
BRDA:103,24,0,0
BRDA:103,24,1,0
BRDA:103,25,0,0
BRDA:103,25,1,0
BRDA:105,26,0,0
BRDA:105,26,1,0
BRDA:111,27,0,0
BRDA:111,27,1,0
BRDA:111,28,0,0
BRDA:111,28,1,0
BRDA:113,29,0,0
BRDA:113,29,1,0
BRDA:120,30,0,0
BRDA:120,30,1,0
BRDA:125,31,0,0
BRDA:125,31,1,0
BRDA:125,32,0,0
BRDA:125,32,1,0
BRDA:127,33,0,0
BRDA:127,33,1,0
BRDA:133,34,0,0
BRDA:133,34,1,0
BRDA:133,35,0,0
BRDA:133,35,1,0
BRDA:135,36,0,0
BRDA:135,36,1,0
BRDA:141,37,0,0
BRDA:141,37,1,0
BRDA:141,38,0,0
BRDA:141,38,1,0
BRDA:143,39,0,0
BRDA:143,39,1,0
BRDA:150,40,0,0
BRDA:150,40,1,0
BRDA:150,41,0,0
BRDA:150,41,1,0
BRDA:151,42,0,0
BRDA:151,42,1,0
BRDA:153,43,0,0
BRDA:153,43,1,0
BRDA:161,44,0,0
BRDA:161,44,1,0
BRDA:161,45,0,0
BRDA:161,45,1,0
BRDA:163,46,0,0
BRDA:163,46,1,0
BRDA:180,47,0,0
BRDA:180,47,1,0
BRDA:189,48,0,0
BRDA:189,48,1,0
BRDA:189,48,2,0
BRDA:189,48,3,0
BRDA:189,48,4,0
BRDA:189,48,5,0
BRDA:189,48,6,0
BRDA:189,48,7,0
BRDA:189,48,8,0
BRDA:189,48,9,0
BRDA:189,48,10,0
BRDA:191,49,0,0
BRDA:191,49,1,0
BRDA:232,50,0,0
BRDA:232,50,1,0
BRDA:235,51,0,0
BRDA:235,51,1,0
BRDA:240,52,0,0
BRDA:240,52,1,0
BRDA:269,53,0,0
BRDA:269,53,1,0
BRDA:270,54,0,0
BRDA:270,54,1,0
BRDA:271,55,0,0
BRDA:271,55,1,0
BRDA:272,56,0,0
BRDA:272,56,1,0
BRDA:273,57,0,0
BRDA:273,57,1,0
BRF:126
BRH:0
end_of_record
TN:
SF:src\services\adaptiveService.js
FN:8,mapAiQuestionToAdaptive
FN:18,(anonymous_1)
FN:19,(anonymous_2)
FN:31,selectContentFromPagesOrText
FN:33,(anonymous_4)
FN:39,computeNextDifficulty
FN:50,generateQuestionFromText
FN:60,createSessionFromFile
FN:92,getSessionSnapshot
FN:99,getNextQuestion
FN:124,submitAnswer
FN:146,(anonymous_11)
FN:147,(anonymous_12)
FN:149,(anonymous_13)
FN:150,(anonymous_14)
FN:153,(anonymous_15)
FN:235,(anonymous_16)
FN:271,setPreferences
FN:279,finishSession
FN:356,(anonymous_19)
FN:368,getUserSessions
FN:379,(anonymous_21)
FNF:22
FNH:0
FNDA:0,mapAiQuestionToAdaptive
FNDA:0,(anonymous_1)
FNDA:0,(anonymous_2)
FNDA:0,selectContentFromPagesOrText
FNDA:0,(anonymous_4)
FNDA:0,computeNextDifficulty
FNDA:0,generateQuestionFromText
FNDA:0,createSessionFromFile
FNDA:0,getSessionSnapshot
FNDA:0,getNextQuestion
FNDA:0,submitAnswer
FNDA:0,(anonymous_11)
FNDA:0,(anonymous_12)
FNDA:0,(anonymous_13)
FNDA:0,(anonymous_14)
FNDA:0,(anonymous_15)
FNDA:0,(anonymous_16)
FNDA:0,setPreferences
FNDA:0,finishSession
FNDA:0,(anonymous_19)
FNDA:0,getUserSessions
FNDA:0,(anonymous_21)
DA:1,0
DA:2,0
DA:3,0
DA:4,0
DA:5,0
DA:6,0
DA:9,0
DA:10,0
DA:11,0
DA:12,0
DA:13,0
DA:14,0
DA:16,0
DA:17,0
DA:18,0
DA:19,0
DA:20,0
DA:21,0
DA:22,0
DA:25,0
DA:28,0
DA:32,0
DA:33,0
DA:34,0
DA:36,0
DA:40,0
DA:41,0
DA:42,0
DA:43,0
DA:44,0
DA:46,0
DA:47,0
DA:51,0
DA:56,0
DA:57,0
DA:61,0
DA:62,0
DA:65,0
DA:76,0
DA:77,0
DA:89,0
DA:93,0
DA:94,0
DA:95,0
DA:96,0
DA:100,0
DA:101,0
DA:102,0
DA:104,0
DA:105,0
DA:108,0
DA:109,0
DA:110,0
DA:121,0
DA:125,0
DA:126,0
DA:128,0
DA:129,0
DA:130,0
DA:133,0
DA:134,0
DA:135,0
DA:136,0
DA:137,0
DA:138,0
DA:139,0
DA:141,0
DA:142,0
DA:145,0
DA:146,0
DA:147,0
DA:148,0
DA:149,0
DA:150,0
DA:153,0
DA:157,0
DA:158,0
DA:159,0
DA:163,0
DA:164,0
DA:167,0
DA:168,0
DA:169,0
DA:172,0
DA:173,0
DA:176,0
DA:177,0
DA:178,0
DA:179,0
DA:182,0
DA:185,0
DA:186,0
DA:187,0
DA:188,0
DA:192,0
DA:193,0
DA:194,0
DA:198,0
DA:202,0
DA:208,0
DA:209,0
DA:212,0
DA:215,0
DA:216,0
DA:217,0
DA:218,0
DA:219,0
DA:220,0
DA:224,0
DA:225,0
DA:226,0
DA:227,0
DA:228,0
DA:233,0
DA:234,0
DA:235,0
DA:239,0
DA:244,0
DA:245,0
DA:246,0
DA:250,0
DA:251,0
DA:252,0
DA:253,0
DA:254,0
DA:265,0
DA:268,0
DA:272,0
DA:273,0
DA:274,0
DA:275,0
DA:276,0
DA:280,0
DA:281,0
DA:282,0
DA:285,0
DA:286,0
DA:287,0
DA:288,0
DA:290,0
DA:295,0
DA:296,0
DA:300,0
DA:301,0
DA:304,0
DA:307,0
DA:308,0
DA:309,0
DA:311,0
DA:312,0
DA:313,0
DA:314,0
DA:315,0
DA:319,0
DA:320,0
DA:321,0
DA:322,0
DA:323,0
DA:327,0
DA:328,0
DA:329,0
DA:330,0
DA:331,0
DA:336,0
DA:337,0
DA:338,0
DA:339,0
DA:340,0
DA:345,0
DA:346,0
DA:347,0
DA:348,0
DA:349,0
DA:354,0
DA:355,0
DA:356,0
DA:360,0
DA:365,0
DA:369,0
DA:370,0
DA:371,0
DA:379,0
DA:380,0
DA:381,0
DA:382,0
DA:401,0
LF:186
LH:0
BRDA:9,0,0,0
BRDA:9,0,1,0
BRDA:10,1,0,0
BRDA:10,1,1,0
BRDA:11,2,0,0
BRDA:11,2,1,0
BRDA:12,3,0,0
BRDA:12,3,1,0
BRDA:16,4,0,0
BRDA:16,4,1,0
BRDA:16,5,0,0
BRDA:16,5,1,0
BRDA:18,6,0,0
BRDA:18,6,1,0
BRDA:19,7,0,0
BRDA:19,7,1,0
BRDA:20,8,0,0
BRDA:20,8,1,0
BRDA:21,9,0,0
BRDA:21,9,1,0
BRDA:22,10,0,0
BRDA:22,10,1,0
BRDA:25,11,0,0
BRDA:25,11,1,0
BRDA:28,12,0,0
BRDA:28,12,1,0
BRDA:32,13,0,0
BRDA:32,13,1,0
BRDA:32,14,0,0
BRDA:32,14,1,0
BRDA:32,14,2,0
BRDA:34,15,0,0
BRDA:34,15,1,0
BRDA:36,16,0,0
BRDA:36,16,1,0
BRDA:42,17,0,0
BRDA:42,17,1,0
BRDA:43,18,0,0
BRDA:43,18,1,0
BRDA:43,19,0,0
BRDA:43,19,1,0
BRDA:46,20,0,0
BRDA:46,20,1,0
BRDA:46,21,0,0
BRDA:46,21,1,0
BRDA:60,22,0,0
BRDA:68,23,0,0
BRDA:68,23,1,0
BRDA:94,24,0,0
BRDA:94,24,1,0
BRDA:101,25,0,0
BRDA:101,25,1,0
BRDA:102,26,0,0
BRDA:102,26,1,0
BRDA:105,27,0,0
BRDA:105,27,1,0
BRDA:126,28,0,0
BRDA:126,28,1,0
BRDA:129,29,0,0
BRDA:129,29,1,0
BRDA:129,30,0,0
BRDA:129,30,1,0
BRDA:130,31,0,0
BRDA:130,31,1,0
BRDA:134,32,0,0
BRDA:134,32,1,0
BRDA:134,33,0,0
BRDA:134,33,1,0
BRDA:135,34,0,0
BRDA:135,34,1,0
BRDA:136,35,0,0
BRDA:136,35,1,0
BRDA:137,36,0,0
BRDA:137,36,1,0
BRDA:138,37,0,0
BRDA:138,37,1,0
BRDA:139,38,0,0
BRDA:139,38,1,0
BRDA:141,39,0,0
BRDA:141,39,1,0
BRDA:141,40,0,0
BRDA:141,40,1,0
BRDA:157,41,0,0
BRDA:157,41,1,0
BRDA:158,42,0,0
BRDA:158,42,1,0
BRDA:159,43,0,0
BRDA:159,43,1,0
BRDA:168,44,0,0
BRDA:168,44,1,0
BRDA:169,45,0,0
BRDA:169,45,1,0
BRDA:172,46,0,0
BRDA:172,46,1,0
BRDA:172,47,0,0
BRDA:172,47,1,0
BRDA:177,48,0,0
BRDA:177,48,1,0
BRDA:179,49,0,0
BRDA:179,49,1,0
BRDA:193,50,0,0
BRDA:193,50,1,0
BRDA:194,51,0,0
BRDA:194,51,1,0
BRDA:194,52,0,0
BRDA:194,52,1,0
BRDA:204,53,0,0
BRDA:204,53,1,0
BRDA:208,54,0,0
BRDA:208,54,1,0
BRDA:216,55,0,0
BRDA:216,55,1,0
BRDA:216,56,0,0
BRDA:216,56,1,0
BRDA:218,57,0,0
BRDA:218,57,1,0
BRDA:224,58,0,0
BRDA:224,58,1,0
BRDA:224,59,0,0
BRDA:224,59,1,0
BRDA:226,60,0,0
BRDA:226,60,1,0
BRDA:233,61,0,0
BRDA:233,61,1,0
BRDA:233,62,0,0
BRDA:233,62,1,0
BRDA:245,63,0,0
BRDA:245,63,1,0
BRDA:246,64,0,0
BRDA:246,64,1,0
BRDA:251,65,0,0
BRDA:251,65,1,0
BRDA:273,66,0,0
BRDA:273,66,1,0
BRDA:274,67,0,0
BRDA:274,67,1,0
BRDA:274,68,0,0
BRDA:274,68,1,0
BRDA:281,69,0,0
BRDA:281,69,1,0
BRDA:288,70,0,0
BRDA:288,70,1,0
BRDA:295,71,0,0
BRDA:295,71,1,0
BRDA:295,72,0,0
BRDA:295,72,1,0
BRDA:300,73,0,0
BRDA:300,73,1,0
BRDA:301,74,0,0
BRDA:301,74,1,0
BRDA:311,75,0,0
BRDA:311,75,1,0
BRDA:311,76,0,0
BRDA:311,76,1,0
BRDA:313,77,0,0
BRDA:313,77,1,0
BRDA:319,78,0,0
BRDA:319,78,1,0
BRDA:319,79,0,0
BRDA:319,79,1,0
BRDA:321,80,0,0
BRDA:321,80,1,0
BRDA:327,81,0,0
BRDA:327,81,1,0
BRDA:327,82,0,0
BRDA:327,82,1,0
BRDA:329,83,0,0
BRDA:329,83,1,0
BRDA:336,84,0,0
BRDA:336,84,1,0
BRDA:336,85,0,0
BRDA:336,85,1,0
BRDA:338,86,0,0
BRDA:338,86,1,0
BRDA:345,87,0,0
BRDA:345,87,1,0
BRDA:345,88,0,0
BRDA:345,88,1,0
BRDA:347,89,0,0
BRDA:347,89,1,0
BRDA:354,90,0,0
BRDA:354,90,1,0
BRDA:354,91,0,0
BRDA:354,91,1,0
BRDA:368,92,0,0
BRDA:368,93,0,0
BRDA:381,94,0,0
BRDA:381,94,1,0
BRF:188
BRH:0
end_of_record
TN:
SF:src\services\authService.js
FN:11,generateOtp
FN:15,createAccessToken
FN:19,register
FN:61,verifyEmail
FN:99,resendOtp
FN:135,login
FN:165,logout
FN:169,forgotPassword
FN:206,resetPassword
FN:249,updatePassword
FN:283,deleteAccount
FNF:11
FNH:6
FNDA:1,generateOtp
FNDA:1,createAccessToken
FNDA:6,register
FNDA:5,verifyEmail
FNDA:0,resendOtp
FNDA:4,login
FNDA:0,logout
FNDA:2,forgotPassword
FNDA:0,resetPassword
FNDA:0,updatePassword
FNDA:0,deleteAccount
DA:1,1
DA:2,1
DA:3,1
DA:4,1
DA:5,1
DA:6,1
DA:7,1
DA:9,1
DA:12,1
DA:16,1
DA:20,6
DA:21,5
DA:22,4
DA:24,3
DA:25,3
DA:26,3
DA:27,3
DA:28,3
DA:32,3
DA:34,2
DA:35,2
DA:36,2
DA:40,1
DA:43,1
DA:44,1
DA:45,1
DA:49,1
DA:51,1
DA:52,1
DA:54,2
DA:55,2
DA:57,3
DA:62,5
DA:63,5
DA:64,5
DA:65,5
DA:66,5
DA:67,5
DA:68,4
DA:69,4
DA:70,1
DA:71,1
DA:74,3
DA:78,3
DA:79,2
DA:80,2
DA:81,2
DA:82,2
DA:83,1
DA:84,1
DA:87,1
DA:88,1
DA:89,1
DA:90,1
DA:92,3
DA:93,3
DA:95,5
DA:100,0
DA:101,0
DA:102,0
DA:103,0
DA:104,0
DA:105,0
DA:106,0
DA:107,0
DA:108,0
DA:109,0
DA:113,0
DA:114,0
DA:117,0
DA:121,0
DA:123,0
DA:124,0
DA:126,0
DA:127,0
DA:129,0
DA:136,4
DA:137,4
DA:141,4
DA:142,3
DA:143,3
DA:144,3
DA:145,2
DA:147,1
DA:149,1
DA:152,1
DA:156,0
DA:158,0
DA:160,0
DA:166,0
DA:170,2
DA:171,2
DA:172,2
DA:173,2
DA:174,2
DA:175,0
DA:176,0
DA:177,0
DA:179,0
DA:182,0
DA:183,0
DA:186,0
DA:189,0
DA:193,0
DA:196,0
DA:197,0
DA:199,2
DA:200,2
DA:202,2
DA:207,0
DA:208,0
DA:209,0
DA:211,0
DA:212,0
DA:213,0
DA:214,0
DA:217,0
DA:221,0
DA:222,0
DA:224,0
DA:225,0
DA:228,0
DA:231,0
DA:234,0
DA:237,0
DA:239,0
DA:240,0
DA:242,0
DA:243,0
DA:245,0
DA:250,0
DA:251,0
DA:253,0
DA:254,0
DA:255,0
DA:256,0
DA:259,0
DA:260,0
DA:261,0
DA:264,0
DA:265,0
DA:268,0
DA:271,0
DA:273,0
DA:274,0
DA:276,0
DA:277,0
DA:279,0
DA:284,0
DA:285,0
DA:286,0
DA:287,0
DA:290,0
DA:291,0
DA:295,0
DA:298,0
DA:301,0
DA:304,0
DA:307,0
DA:310,0
DA:313,0
DA:315,0
DA:316,0
DA:318,0
DA:319,0
DA:321,0
DA:325,1
LF:167
LH:76
BRDA:20,0,0,1
BRDA:20,0,1,5
BRDA:20,1,0,6
BRDA:20,1,1,6
BRDA:20,1,2,5
BRDA:20,1,3,5
BRDA:21,2,0,1
BRDA:21,2,1,4
BRDA:22,3,0,1
BRDA:22,3,1,3
BRDA:32,4,0,1
BRDA:32,4,1,2
BRDA:67,5,0,1
BRDA:67,5,1,4
BRDA:69,6,0,1
BRDA:69,6,1,3
BRDA:78,7,0,1
BRDA:78,7,1,2
BRDA:80,8,0,0
BRDA:80,8,1,2
BRDA:81,9,0,0
BRDA:81,9,1,2
BRDA:82,10,0,1
BRDA:82,10,1,1
BRDA:105,11,0,0
BRDA:105,11,1,0
BRDA:107,12,0,0
BRDA:107,12,1,0
BRDA:141,13,0,1
BRDA:141,13,1,3
BRDA:144,14,0,1
BRDA:144,14,1,2
BRDA:145,15,0,1
BRDA:145,15,1,1
BRDA:147,16,0,1
BRDA:147,16,1,0
BRDA:154,17,0,1
BRDA:154,17,1,0
BRDA:154,18,0,1
BRDA:154,18,1,0
BRDA:156,19,0,0
BRDA:156,19,1,0
BRDA:175,20,0,0
BRDA:175,20,1,0
BRDA:207,21,0,0
BRDA:207,21,1,0
BRDA:207,22,0,0
BRDA:207,22,1,0
BRDA:207,22,2,0
BRDA:208,23,0,0
BRDA:208,23,1,0
BRDA:209,24,0,0
BRDA:209,24,1,0
BRDA:221,25,0,0
BRDA:221,25,1,0
BRDA:224,26,0,0
BRDA:224,26,1,0
BRDA:225,27,0,0
BRDA:225,27,1,0
BRDA:250,28,0,0
BRDA:250,28,1,0
BRDA:250,29,0,0
BRDA:250,29,1,0
BRDA:251,30,0,0
BRDA:251,30,1,0
BRDA:260,31,0,0
BRDA:260,31,1,0
BRDA:265,32,0,0
BRDA:265,32,1,0
BRDA:291,33,0,0
BRDA:291,33,1,0
BRF:71
BRH:31
end_of_record
TN:
SF:src\services\cloudStorageService.js
FN:8,clamp
FN:9,normalizeValue
FN:11,(anonymous_2)
FN:14,isAnswerCorrectBackend
FN:28,(anonymous_4)
FN:30,(anonymous_5)
FN:71,computeSpeedPoints
FN:82,(anonymous_7)
FN:87,(anonymous_8)
FN:108,(anonymous_9)
FN:161,(anonymous_10)
FN:238,(anonymous_11)
FN:244,(anonymous_12)
FN:253,(anonymous_13)
FN:264,(anonymous_14)
FN:289,(anonymous_15)
FN:330,(anonymous_16)
FN:359,(anonymous_17)
FN:367,(anonymous_18)
FN:377,(anonymous_19)
FN:398,(anonymous_20)
FN:422,(anonymous_21)
FN:426,(anonymous_22)
FN:427,(anonymous_23)
FN:438,(anonymous_24)
FN:442,(anonymous_25)
FN:443,(anonymous_26)
FN:444,(anonymous_27)
FN:465,(anonymous_28)
FN:469,(anonymous_29)
FN:470,(anonymous_30)
FN:471,(anonymous_31)
FN:495,(anonymous_32)
FN:517,(anonymous_33)
FN:521,(anonymous_34)
FN:522,(anonymous_35)
FN:523,(anonymous_36)
FN:534,(anonymous_37)
FN:555,(anonymous_38)
FN:576,(anonymous_39)
FN:596,(anonymous_40)
FN:618,(anonymous_41)
FN:633,(anonymous_42)
FN:655,(anonymous_43)
FN:707,(anonymous_44)
FN:784,(anonymous_45)
FN:815,(anonymous_46)
FN:873,(anonymous_47)
FN:894,(anonymous_48)
FNF:49
FNH:6
FNDA:0,clamp
FNDA:0,normalizeValue
FNDA:0,(anonymous_2)
FNDA:0,isAnswerCorrectBackend
FNDA:0,(anonymous_4)
FNDA:0,(anonymous_5)
FNDA:0,computeSpeedPoints
FNDA:0,(anonymous_7)
FNDA:0,(anonymous_8)
FNDA:4,(anonymous_9)
FNDA:0,(anonymous_10)
FNDA:5,(anonymous_11)
FNDA:4,(anonymous_12)
FNDA:3,(anonymous_13)
FNDA:3,(anonymous_14)
FNDA:0,(anonymous_15)
FNDA:0,(anonymous_16)
FNDA:0,(anonymous_17)
FNDA:0,(anonymous_18)
FNDA:0,(anonymous_19)
FNDA:0,(anonymous_20)
FNDA:0,(anonymous_21)
FNDA:0,(anonymous_22)
FNDA:0,(anonymous_23)
FNDA:0,(anonymous_24)
FNDA:0,(anonymous_25)
FNDA:0,(anonymous_26)
FNDA:0,(anonymous_27)
FNDA:0,(anonymous_28)
FNDA:0,(anonymous_29)
FNDA:0,(anonymous_30)
FNDA:0,(anonymous_31)
FNDA:0,(anonymous_32)
FNDA:0,(anonymous_33)
FNDA:0,(anonymous_34)
FNDA:0,(anonymous_35)
FNDA:0,(anonymous_36)
FNDA:0,(anonymous_37)
FNDA:0,(anonymous_38)
FNDA:0,(anonymous_39)
FNDA:0,(anonymous_40)
FNDA:3,(anonymous_41)
FNDA:0,(anonymous_42)
FNDA:0,(anonymous_43)
FNDA:0,(anonymous_44)
FNDA:0,(anonymous_45)
FNDA:0,(anonymous_46)
FNDA:0,(anonymous_47)
FNDA:0,(anonymous_48)
DA:1,1
DA:2,1
DA:3,1
DA:4,1
DA:5,1
DA:8,0
DA:10,0
DA:11,0
DA:12,0
DA:15,0
DA:16,0
DA:17,0
DA:18,0
DA:20,0
DA:28,0
DA:29,0
DA:30,0
DA:31,0
DA:34,0
DA:35,0
DA:36,0
DA:37,0
DA:38,0
DA:65,0
DA:66,0
DA:67,0
DA:72,0
DA:73,0
DA:75,0
DA:76,0
DA:77,0
DA:78,0
DA:81,0
DA:82,0
DA:84,0
DA:85,0
DA:86,0
DA:87,0
DA:90,0
DA:91,0
DA:92,0
DA:93,0
DA:94,0
DA:95,0
DA:96,0
DA:97,0
DA:98,0
DA:99,0
DA:101,0
DA:109,4
DA:111,4
DA:123,3
DA:129,3
DA:130,2
DA:131,2
DA:132,2
DA:134,2
DA:135,1
DA:148,1
DA:151,1
DA:152,1
DA:159,1
DA:161,0
DA:162,0
DA:163,0
DA:164,0
DA:165,0
DA:168,1
DA:172,1
DA:173,0
DA:180,1
DA:190,0
DA:213,0
DA:215,0
DA:230,4
DA:231,4
DA:239,5
DA:240,5
DA:243,4
DA:245,4
DA:246,3
DA:247,3
DA:248,3
DA:253,3
DA:254,3
DA:256,2
DA:257,2
DA:265,3
DA:266,3
DA:267,2
DA:270,1
DA:275,1
DA:276,1
DA:277,1
DA:279,1
DA:281,1
DA:282,1
DA:290,0
DA:291,0
DA:292,0
DA:293,0
DA:296,0
DA:303,0
DA:314,0
DA:315,0
DA:316,0
DA:328,0
DA:329,0
DA:330,0
DA:334,0
DA:339,0
DA:340,0
DA:342,0
DA:343,0
DA:349,0
DA:351,0
DA:352,0
DA:360,0
DA:361,0
DA:362,0
DA:363,0
DA:366,0
DA:367,0
DA:369,0
DA:370,0
DA:378,0
DA:379,0
DA:380,0
DA:381,0
DA:385,0
DA:386,0
DA:387,0
DA:388,0
DA:390,0
DA:391,0
DA:399,0
DA:400,0
DA:401,0
DA:402,0
DA:406,0
DA:407,0
DA:411,0
DA:412,0
DA:414,0
DA:415,0
DA:423,0
DA:424,0
DA:425,0
DA:426,0
DA:427,0
DA:428,0
DA:430,0
DA:431,0
DA:439,0
DA:440,0
DA:441,0
DA:442,0
DA:443,0
DA:445,0
DA:446,0
DA:456,0
DA:458,0
DA:459,0
DA:466,0
DA:467,0
DA:468,0
DA:469,0
DA:470,0
DA:472,0
DA:473,0
DA:485,0
DA:487,0
DA:488,0
DA:496,0
DA:497,0
DA:498,0
DA:499,0
DA:501,0
DA:502,0
DA:503,0
DA:505,0
DA:506,0
DA:507,0
DA:509,0
DA:510,0
DA:518,0
DA:519,0
DA:520,0
DA:521,0
DA:522,0
DA:523,0
DA:524,0
DA:526,0
DA:527,0
DA:535,0
DA:536,0
DA:537,0
DA:538,0
DA:540,0
DA:541,0
DA:542,0
DA:543,0
DA:544,0
DA:545,0
DA:547,0
DA:548,0
DA:556,0
DA:557,0
DA:558,0
DA:559,0
DA:561,0
DA:562,0
DA:563,0
DA:564,0
DA:566,0
DA:567,0
DA:569,0
DA:570,0
DA:577,0
DA:578,0
DA:579,0
DA:580,0
DA:582,0
DA:583,0
DA:584,0
DA:585,0
DA:586,0
DA:588,0
DA:589,0
DA:597,0
DA:598,0
DA:599,0
DA:600,0
DA:601,0
DA:602,0
DA:603,0
DA:604,0
DA:605,0
DA:608,0
DA:610,0
DA:611,0
DA:619,3
DA:620,3
DA:627,3
DA:634,0
DA:635,0
DA:636,0
DA:637,0
DA:640,0
DA:641,0
DA:644,0
DA:645,0
DA:647,0
DA:648,0
DA:656,0
DA:657,0
DA:660,0
DA:661,0
DA:671,0
DA:674,0
DA:680,0
DA:681,0
DA:682,0
DA:683,0
DA:685,0
DA:686,0
DA:694,0
DA:697,0
DA:698,0
DA:705,0
DA:707,0
DA:708,0
DA:709,0
DA:710,0
DA:711,0
DA:714,0
DA:717,0
DA:723,0
DA:748,0
DA:750,0
DA:776,0
DA:777,0
DA:785,0
DA:787,0
DA:798,0
DA:803,0
DA:804,0
DA:805,0
DA:806,0
DA:807,0
DA:808,0
DA:812,0
DA:813,0
DA:814,0
DA:815,0
DA:816,0
DA:817,0
DA:822,0
DA:825,0
DA:855,0
DA:856,0
DA:863,0
DA:865,0
DA:866,0
DA:874,0
DA:875,0
DA:876,0
DA:877,0
DA:878,0
DA:879,0
DA:880,0
DA:886,0
DA:887,0
DA:895,0
DA:896,0
DA:897,0
DA:898,0
DA:900,0
DA:901,0
DA:902,0
DA:906,0
DA:910,0
DA:916,0
DA:917,0
DA:922,1
LF:325
LH:48
BRDA:10,0,0,0
BRDA:10,0,1,0
BRDA:10,1,0,0
BRDA:10,1,1,0
BRDA:11,2,0,0
BRDA:11,2,1,0
BRDA:15,3,0,0
BRDA:15,3,1,0
BRDA:18,4,0,0
BRDA:18,4,1,0
BRDA:18,5,0,0
BRDA:18,5,1,0
BRDA:18,5,2,0
BRDA:29,6,0,0
BRDA:29,6,1,0
BRDA:30,7,0,0
BRDA:30,7,1,0
BRDA:36,8,0,0
BRDA:36,8,1,0
BRDA:36,9,0,0
BRDA:36,9,1,0
BRDA:37,10,0,0
BRDA:37,10,1,0
BRDA:65,11,0,0
BRDA:65,11,1,0
BRDA:66,12,0,0
BRDA:66,12,1,0
BRDA:72,13,0,0
BRDA:72,13,1,0
BRDA:73,14,0,0
BRDA:73,14,1,0
BRDA:75,15,0,0
BRDA:75,15,1,0
BRDA:76,16,0,0
BRDA:76,16,1,0
BRDA:77,17,0,0
BRDA:77,17,1,0
BRDA:78,18,0,0
BRDA:78,18,1,0
BRDA:81,19,0,0
BRDA:81,19,1,0
BRDA:81,20,0,0
BRDA:81,20,1,0
BRDA:82,21,0,0
BRDA:82,21,1,0
BRDA:84,22,0,0
BRDA:84,22,1,0
BRDA:85,23,0,0
BRDA:85,23,1,0
BRDA:93,24,0,0
BRDA:93,24,1,0
BRDA:94,25,0,0
BRDA:94,25,1,0
BRDA:95,26,0,0
BRDA:95,26,1,0
BRDA:96,27,0,0
BRDA:96,27,1,0
BRDA:108,28,0,0
BRDA:131,29,0,2
BRDA:131,29,1,0
BRDA:132,30,0,2
BRDA:132,30,1,1
BRDA:134,31,0,1
BRDA:134,31,1,1
BRDA:134,32,0,2
BRDA:134,32,1,1
BRDA:140,33,0,0
BRDA:141,34,0,1
BRDA:142,35,0,1
BRDA:143,36,0,1
BRDA:144,37,0,1
BRDA:145,38,0,1
BRDA:146,39,0,1
BRDA:147,40,0,1
BRDA:159,41,0,0
BRDA:159,41,1,1
BRDA:159,42,0,1
BRDA:159,42,1,1
BRDA:159,42,2,1
BRDA:163,43,0,0
BRDA:163,43,1,0
BRDA:172,44,0,0
BRDA:172,44,1,1
BRDA:238,45,0,0
BRDA:238,46,0,0
BRDA:264,47,0,0
BRDA:267,48,0,1
BRDA:267,48,1,1
BRDA:270,49,0,1
BRDA:270,49,1,0
BRDA:270,50,0,1
BRDA:270,50,1,1
BRDA:292,51,0,0
BRDA:292,51,1,0
BRDA:297,52,0,0
BRDA:297,52,1,0
BRDA:298,53,0,0
BRDA:298,53,1,0
BRDA:299,54,0,0
BRDA:299,54,1,0
BRDA:328,55,0,0
BRDA:328,55,1,0
BRDA:328,56,0,0
BRDA:328,56,1,0
BRDA:342,57,0,0
BRDA:342,57,1,0
BRDA:362,58,0,0
BRDA:362,58,1,0
BRDA:380,59,0,0
BRDA:380,59,1,0
BRDA:380,60,0,0
BRDA:380,60,1,0
BRDA:385,61,0,0
BRDA:385,61,1,0
BRDA:401,62,0,0
BRDA:401,62,1,0
BRDA:401,63,0,0
BRDA:401,63,1,0
BRDA:406,64,0,0
BRDA:406,64,1,0
BRDA:422,65,0,0
BRDA:422,66,0,0
BRDA:438,67,0,0
BRDA:438,68,0,0
BRDA:443,69,0,0
BRDA:443,69,1,0
BRDA:445,70,0,0
BRDA:445,70,1,0
BRDA:448,71,0,0
BRDA:448,71,1,0
BRDA:448,71,2,0
BRDA:449,72,0,0
BRDA:449,72,1,0
BRDA:450,73,0,0
BRDA:450,73,1,0
BRDA:465,74,0,0
BRDA:465,75,0,0
BRDA:470,76,0,0
BRDA:470,76,1,0
BRDA:472,77,0,0
BRDA:472,77,1,0
BRDA:475,78,0,0
BRDA:475,78,1,0
BRDA:476,79,0,0
BRDA:476,79,1,0
BRDA:476,79,2,0
BRDA:477,80,0,0
BRDA:477,80,1,0
BRDA:478,81,0,0
BRDA:478,81,1,0
BRDA:479,82,0,0
BRDA:479,82,1,0
BRDA:498,83,0,0
BRDA:498,83,1,0
BRDA:498,84,0,0
BRDA:498,84,1,0
BRDA:501,85,0,0
BRDA:501,85,1,0
BRDA:502,86,0,0
BRDA:502,86,1,0
BRDA:517,87,0,0
BRDA:517,88,0,0
BRDA:522,89,0,0
BRDA:522,89,1,0
BRDA:537,90,0,0
BRDA:537,90,1,0
BRDA:537,91,0,0
BRDA:537,91,1,0
BRDA:540,92,0,0
BRDA:540,92,1,0
BRDA:541,93,0,0
BRDA:541,93,1,0
BRDA:542,94,0,0
BRDA:542,94,1,0
BRDA:558,95,0,0
BRDA:558,95,1,0
BRDA:558,96,0,0
BRDA:558,96,1,0
BRDA:561,97,0,0
BRDA:561,97,1,0
BRDA:562,98,0,0
BRDA:562,98,1,0
BRDA:563,99,0,0
BRDA:563,99,1,0
BRDA:579,100,0,0
BRDA:579,100,1,0
BRDA:579,101,0,0
BRDA:579,101,1,0
BRDA:582,102,0,0
BRDA:582,102,1,0
BRDA:583,103,0,0
BRDA:583,103,1,0
BRDA:596,104,0,0
BRDA:602,105,0,0
BRDA:602,105,1,0
BRDA:603,106,0,0
BRDA:603,106,1,0
BRDA:603,107,0,0
BRDA:603,107,1,0
BRDA:605,108,0,0
BRDA:605,108,1,0
BRDA:627,109,0,3
BRDA:627,109,1,0
BRDA:636,110,0,0
BRDA:636,110,1,0
BRDA:636,111,0,0
BRDA:636,111,1,0
BRDA:640,112,0,0
BRDA:640,112,1,0
BRDA:645,113,0,0
BRDA:645,113,1,0
BRDA:655,114,0,0
BRDA:682,115,0,0
BRDA:682,115,1,0
BRDA:683,116,0,0
BRDA:683,116,1,0
BRDA:685,117,0,0
BRDA:685,117,1,0
BRDA:685,118,0,0
BRDA:685,118,1,0
BRDA:691,119,0,0
BRDA:692,120,0,0
BRDA:693,121,0,0
BRDA:705,122,0,0
BRDA:705,122,1,0
BRDA:705,123,0,0
BRDA:705,123,1,0
BRDA:705,123,2,0
BRDA:709,124,0,0
BRDA:709,124,1,0
BRDA:784,125,0,0
BRDA:805,126,0,0
BRDA:805,126,1,0
BRDA:806,127,0,0
BRDA:806,127,1,0
BRDA:807,128,0,0
BRDA:807,128,1,0
BRDA:807,129,0,0
BRDA:807,129,1,0
BRDA:812,130,0,0
BRDA:812,131,0,0
BRDA:814,132,0,0
BRDA:814,132,1,0
BRDA:814,133,0,0
BRDA:814,133,1,0
BRDA:816,134,0,0
BRDA:816,134,1,0
BRDA:827,135,0,0
BRDA:827,135,1,0
BRDA:841,136,0,0
BRDA:841,136,1,0
BRDA:842,137,0,0
BRDA:842,137,1,0
BRDA:876,138,0,0
BRDA:876,138,1,0
BRDA:877,139,0,0
BRDA:877,139,1,0
BRDA:878,140,0,0
BRDA:878,140,1,0
BRDA:879,141,0,0
BRDA:879,141,1,0
BRDA:879,142,0,0
BRDA:879,142,1,0
BRDA:882,143,0,0
BRDA:882,143,1,0
BRDA:882,143,2,0
BRDA:883,144,0,0
BRDA:883,144,1,0
BRDA:897,145,0,0
BRDA:897,145,1,0
BRDA:897,146,0,0
BRDA:897,146,1,0
BRDA:900,147,0,0
BRDA:900,147,1,0
BRDA:901,148,0,0
BRDA:901,148,1,0
BRDA:903,149,0,0
BRDA:903,149,1,0
BRDA:903,149,2,0
BRDA:903,149,3,0
BRDA:904,150,0,0
BRDA:904,150,1,0
BRDA:904,151,0,0
BRDA:904,151,1,0
BRDA:907,152,0,0
BRDA:907,152,1,0
BRF:286
BRH:25
end_of_record
TN:
SF:src\services\deepseekService.js
FN:8,shaKey
FN:11,cacheGet
FN:15,cacheSet
FN:20,(anonymous_3)
FN:25,(anonymous_4)
FN:56,(anonymous_5)
FN:85,(anonymous_6)
FN:105,(anonymous_7)
FN:109,(anonymous_8)
FN:110,(anonymous_9)
FN:111,(anonymous_10)
FN:118,(anonymous_11)
FN:119,(anonymous_12)
FN:119,(anonymous_13)
FN:124,(anonymous_14)
FN:135,(anonymous_15)
FN:151,(anonymous_16)
FN:191,(anonymous_17)
FN:196,(anonymous_18)
FN:209,(anonymous_19)
FN:224,(anonymous_20)
FN:232,(anonymous_21)
FN:272,(anonymous_22)
FN:276,(anonymous_23)
FN:330,(anonymous_24)
FN:359,(anonymous_25)
FN:367,(anonymous_26)
FN:402,(anonymous_27)
FN:407,(anonymous_28)
FN:413,(anonymous_29)
FN:438,(anonymous_30)
FN:445,(anonymous_31)
FN:447,(anonymous_32)
FN:453,(anonymous_33)
FN:464,(anonymous_34)
FN:494,(anonymous_35)
FN:506,(anonymous_36)
FN:536,(anonymous_37)
FN:611,(anonymous_38)
FN:653,(anonymous_39)
FN:709,(anonymous_40)
FN:739,(anonymous_41)
FN:756,(anonymous_42)
FN:758,(anonymous_43)
FN:763,(anonymous_44)
FN:769,(anonymous_45)
FN:771,(anonymous_46)
FN:773,(anonymous_47)
FN:804,(anonymous_48)
FNF:49
FNH:1
FNDA:0,shaKey
FNDA:0,cacheGet
FNDA:0,cacheSet
FNDA:2,(anonymous_3)
FNDA:0,(anonymous_4)
FNDA:0,(anonymous_5)
FNDA:0,(anonymous_6)
FNDA:0,(anonymous_7)
FNDA:0,(anonymous_8)
FNDA:0,(anonymous_9)
FNDA:0,(anonymous_10)
FNDA:0,(anonymous_11)
FNDA:0,(anonymous_12)
FNDA:0,(anonymous_13)
FNDA:0,(anonymous_14)
FNDA:0,(anonymous_15)
FNDA:0,(anonymous_16)
FNDA:0,(anonymous_17)
FNDA:0,(anonymous_18)
FNDA:0,(anonymous_19)
FNDA:0,(anonymous_20)
FNDA:0,(anonymous_21)
FNDA:0,(anonymous_22)
FNDA:0,(anonymous_23)
FNDA:0,(anonymous_24)
FNDA:0,(anonymous_25)
FNDA:0,(anonymous_26)
FNDA:0,(anonymous_27)
FNDA:0,(anonymous_28)
FNDA:0,(anonymous_29)
FNDA:0,(anonymous_30)
FNDA:0,(anonymous_31)
FNDA:0,(anonymous_32)
FNDA:0,(anonymous_33)
FNDA:0,(anonymous_34)
FNDA:0,(anonymous_35)
FNDA:0,(anonymous_36)
FNDA:0,(anonymous_37)
FNDA:0,(anonymous_38)
FNDA:0,(anonymous_39)
FNDA:0,(anonymous_40)
FNDA:0,(anonymous_41)
FNDA:0,(anonymous_42)
FNDA:0,(anonymous_43)
FNDA:0,(anonymous_44)
FNDA:0,(anonymous_45)
FNDA:0,(anonymous_46)
FNDA:0,(anonymous_47)
FNDA:0,(anonymous_48)
DA:1,2
DA:2,2
DA:4,2
DA:5,2
DA:6,2
DA:9,0
DA:12,0
DA:13,0
DA:16,0
DA:21,2
DA:22,2
DA:26,0
DA:27,0
DA:29,0
DA:31,0
DA:32,0
DA:48,0
DA:49,0
DA:51,0
DA:52,0
DA:57,0
DA:58,0
DA:82,0
DA:86,0
DA:87,0
DA:88,0
DA:89,0
DA:90,0
DA:91,0
DA:93,0
DA:94,0
DA:95,0
DA:96,0
DA:98,0
DA:100,0
DA:101,0
DA:106,0
DA:107,0
DA:108,0
DA:109,0
DA:110,0
DA:111,0
DA:112,0
DA:113,0
DA:115,0
DA:119,0
DA:120,0
DA:121,0
DA:122,0
DA:123,0
DA:124,0
DA:125,0
DA:130,0
DA:136,0
DA:137,0
DA:138,0
DA:140,0
DA:146,0
DA:148,0
DA:157,0
DA:159,0
DA:161,0
DA:162,0
DA:163,0
DA:164,0
DA:167,0
DA:169,0
DA:176,0
DA:192,0
DA:193,0
DA:194,0
DA:195,0
DA:197,0
DA:199,0
DA:200,0
DA:202,0
DA:204,0
DA:205,0
DA:212,0
DA:213,0
DA:214,0
DA:215,0
DA:216,0
DA:218,0
DA:219,0
DA:221,0
DA:222,0
DA:223,0
DA:224,0
DA:229,0
DA:233,0
DA:235,0
DA:237,0
DA:269,0
DA:273,0
DA:274,0
DA:276,0
DA:277,0
DA:279,0
DA:289,0
DA:291,0
DA:301,0
DA:303,0
DA:312,0
DA:314,0
DA:323,0
DA:327,0
DA:331,0
DA:332,0
DA:333,0
DA:336,0
DA:337,0
DA:339,0
DA:340,0
DA:341,0
DA:342,0
DA:346,0
DA:347,0
DA:348,0
DA:349,0
DA:351,0
DA:353,0
DA:355,0
DA:360,0
DA:366,0
DA:367,0
DA:368,0
DA:369,0
DA:372,0
DA:373,0
DA:374,0
DA:377,0
DA:388,0
DA:389,0
DA:392,0
DA:398,0
DA:399,0
DA:401,0
DA:402,0
DA:403,0
DA:405,0
DA:406,0
DA:407,0
DA:410,0
DA:414,0
DA:415,0
DA:418,0
DA:420,0
DA:423,0
DA:430,0
DA:435,0
DA:438,0
DA:441,0
DA:447,0
DA:448,0
DA:449,0
DA:450,0
DA:453,0
DA:454,0
DA:458,0
DA:459,0
DA:460,0
DA:462,0
DA:464,0
DA:465,0
DA:480,0
DA:482,0
DA:492,0
DA:494,0
DA:495,0
DA:504,0
DA:506,0
DA:507,0
DA:520,0
DA:542,0
DA:544,0
DA:546,0
DA:548,0
DA:586,0
DA:603,0
DA:604,0
DA:606,0
DA:607,0
DA:615,0
DA:617,0
DA:619,0
DA:621,0
DA:626,0
DA:643,0
DA:644,0
DA:646,0
DA:648,0
DA:649,0
DA:654,0
DA:656,0
DA:706,0
DA:710,0
DA:711,0
DA:712,0
DA:715,0
DA:716,0
DA:719,0
DA:720,0
DA:721,0
DA:722,0
DA:726,0
DA:727,0
DA:728,0
DA:729,0
DA:731,0
DA:733,0
DA:735,0
DA:740,0
DA:749,0
DA:750,0
DA:753,0
DA:758,0
DA:759,0
DA:760,0
DA:763,0
DA:764,0
DA:768,0
DA:769,0
DA:771,0
DA:773,0
DA:774,0
DA:777,0
DA:805,0
DA:806,0
DA:808,0
DA:809,0
DA:810,0
DA:811,0
DA:812,0
DA:814,0
DA:839,0
DA:840,0
DA:841,0
DA:842,0
DA:843,0
DA:846,0
DA:863,0
DA:867,0
DA:869,0
DA:870,0
DA:873,0
DA:874,0
DA:875,0
DA:877,0
DA:882,0
DA:893,0
DA:895,0
DA:897,0
DA:899,0
DA:910,2
LF:255
LH:8
BRDA:13,0,0,0
BRDA:13,0,1,0
BRDA:13,1,0,0
BRDA:13,1,1,0
BRDA:25,2,0,0
BRDA:26,3,0,0
BRDA:51,4,0,0
BRDA:51,4,1,0
BRDA:61,5,0,0
BRDA:61,5,1,0
BRDA:69,6,0,0
BRDA:69,6,1,0
BRDA:94,7,0,0
BRDA:94,7,1,0
BRDA:100,8,0,0
BRDA:100,8,1,0
BRDA:106,9,0,0
BRDA:106,9,1,0
BRDA:107,10,0,0
BRDA:107,10,1,0
BRDA:109,11,0,0
BRDA:109,11,1,0
BRDA:109,11,2,0
BRDA:111,12,0,0
BRDA:111,12,1,0
BRDA:112,13,0,0
BRDA:112,13,1,0
BRDA:123,14,0,0
BRDA:123,14,1,0
BRDA:123,14,2,0
BRDA:124,15,0,0
BRDA:124,15,1,0
BRDA:127,16,0,0
BRDA:127,16,1,0
BRDA:136,17,0,0
BRDA:136,17,1,0
BRDA:137,18,0,0
BRDA:137,18,1,0
BRDA:151,19,0,0
BRDA:153,20,0,0
BRDA:154,21,0,0
BRDA:155,22,0,0
BRDA:156,23,0,0
BRDA:161,24,0,0
BRDA:161,24,1,0
BRDA:163,25,0,0
BRDA:163,25,1,0
BRDA:164,26,0,0
BRDA:164,26,1,0
BRDA:202,27,0,0
BRDA:202,27,1,0
BRDA:204,28,0,0
BRDA:204,28,1,0
BRDA:209,29,0,0
BRDA:214,30,0,0
BRDA:214,30,1,0
BRDA:219,31,0,0
BRDA:219,31,1,0
BRDA:221,32,0,0
BRDA:221,32,1,0
BRDA:223,33,0,0
BRDA:223,33,1,0
BRDA:235,34,0,0
BRDA:235,34,1,0
BRDA:240,35,0,0
BRDA:240,35,1,0
BRDA:252,36,0,0
BRDA:252,36,1,0
BRDA:277,37,0,0
BRDA:277,37,1,0
BRDA:277,37,2,0
BRDA:277,37,3,0
BRDA:330,38,0,0
BRDA:330,39,0,0
BRDA:332,40,0,0
BRDA:332,40,1,0
BRDA:333,41,0,0
BRDA:333,41,1,0
BRDA:341,42,0,0
BRDA:341,42,1,0
BRDA:347,43,0,0
BRDA:347,43,1,0
BRDA:353,44,0,0
BRDA:353,44,1,0
BRDA:359,45,0,0
BRDA:359,46,0,0
BRDA:361,47,0,0
BRDA:361,47,1,0
BRDA:362,48,0,0
BRDA:362,48,1,0
BRDA:366,49,0,0
BRDA:366,49,1,0
BRDA:366,50,0,0
BRDA:366,50,1,0
BRDA:368,51,0,0
BRDA:368,51,1,0
BRDA:369,52,0,0
BRDA:369,52,1,0
BRDA:372,53,0,0
BRDA:372,53,1,0
BRDA:372,54,0,0
BRDA:372,54,1,0
BRDA:373,55,0,0
BRDA:373,55,1,0
BRDA:380,56,0,0
BRDA:380,56,1,0
BRDA:381,57,0,0
BRDA:381,57,1,0
BRDA:382,58,0,0
BRDA:382,58,1,0
BRDA:383,59,0,0
BRDA:383,59,1,0
BRDA:384,60,0,0
BRDA:384,60,1,0
BRDA:388,61,0,0
BRDA:388,61,1,0
BRDA:388,62,0,0
BRDA:388,62,1,0
BRDA:389,63,0,0
BRDA:389,63,1,0
BRDA:398,64,0,0
BRDA:398,64,1,0
BRDA:401,65,0,0
BRDA:401,65,1,0
BRDA:403,66,0,0
BRDA:403,66,1,0
BRDA:414,67,0,0
BRDA:414,67,1,0
BRDA:414,68,0,0
BRDA:414,68,1,0
BRDA:414,68,2,0
BRDA:418,69,0,0
BRDA:418,69,1,0
BRDA:420,70,0,0
BRDA:420,70,1,0
BRDA:420,70,2,0
BRDA:420,70,3,0
BRDA:420,70,4,0
BRDA:423,71,0,0
BRDA:423,71,1,0
BRDA:423,71,2,0
BRDA:423,71,3,0
BRDA:423,71,4,0
BRDA:430,72,0,0
BRDA:430,72,1,0
BRDA:430,72,2,0
BRDA:435,73,0,0
BRDA:435,73,1,0
BRDA:435,73,2,0
BRDA:435,73,3,0
BRDA:438,74,0,0
BRDA:438,74,1,0
BRDA:445,75,0,0
BRDA:445,76,0,0
BRDA:449,77,0,0
BRDA:449,77,1,0
BRDA:454,78,0,0
BRDA:454,78,1,0
BRDA:460,79,0,0
BRDA:460,79,1,0
BRDA:462,80,0,0
BRDA:462,80,1,0
BRDA:464,81,0,0
BRDA:464,81,1,0
BRDA:480,82,0,0
BRDA:480,82,1,0
BRDA:492,83,0,0
BRDA:492,83,1,0
BRDA:494,84,0,0
BRDA:494,84,1,0
BRDA:504,85,0,0
BRDA:504,85,1,0
BRDA:511,86,0,0
BRDA:511,86,1,0
BRDA:523,87,0,0
BRDA:523,87,1,0
BRDA:536,88,0,0
BRDA:538,89,0,0
BRDA:539,90,0,0
BRDA:540,91,0,0
BRDA:541,92,0,0
BRDA:550,93,0,0
BRDA:550,93,1,0
BRDA:560,94,0,0
BRDA:560,94,1,0
BRDA:611,95,0,0
BRDA:613,96,0,0
BRDA:614,97,0,0
BRDA:659,98,0,0
BRDA:659,98,1,0
BRDA:670,99,0,0
BRDA:670,99,1,0
BRDA:672,100,0,0
BRDA:672,100,1,0
BRDA:727,101,0,0
BRDA:727,101,1,0
BRDA:741,102,0,0
BRDA:741,102,1,0
BRDA:742,103,0,0
BRDA:742,103,1,0
BRDA:743,104,0,0
BRDA:743,104,1,0
BRDA:744,105,0,0
BRDA:744,105,1,0
BRDA:745,106,0,0
BRDA:745,106,1,0
BRDA:749,107,0,0
BRDA:749,107,1,0
BRDA:749,108,0,0
BRDA:749,108,1,0
BRDA:759,109,0,0
BRDA:759,109,1,0
BRDA:764,110,0,0
BRDA:764,110,1,0
BRDA:774,111,0,0
BRDA:774,111,1,0
BRDA:780,112,0,0
BRDA:780,112,1,0
BRDA:808,113,0,0
BRDA:808,113,1,0
BRDA:808,113,2,0
BRDA:809,114,0,0
BRDA:809,114,1,0
BRDA:810,115,0,0
BRDA:810,115,1,0
BRDA:810,115,2,0
BRDA:811,116,0,0
BRDA:811,116,1,0
BRDA:812,117,0,0
BRDA:812,117,1,0
BRDA:817,118,0,0
BRDA:817,118,1,0
BRDA:819,119,0,0
BRDA:819,119,1,0
BRDA:841,120,0,0
BRDA:841,120,1,0
BRDA:842,121,0,0
BRDA:842,121,1,0
BRDA:874,122,0,0
BRDA:874,122,1,0
BRDA:883,123,0,0
BRDA:883,123,1,0
BRDA:884,124,0,0
BRDA:884,124,1,0
BRDA:885,125,0,0
BRDA:885,125,1,0
BRDA:886,126,0,0
BRDA:886,126,1,0
BRDA:887,127,0,0
BRDA:887,127,1,0
BRDA:904,128,0,0
BRDA:904,128,1,0
BRF:252
BRH:0
end_of_record
TN:
SF:src\services\notificationService.js
FN:7,getUsersForQuizReminders
FN:16,(anonymous_1)
FN:43,getIncompleteQuizzes
FN:57,(anonymous_3)
FN:69,getUsersForWeeklyDigest
FN:78,(anonymous_5)
FN:103,aggregateWeeklyStats
FNF:7
FNH:0
FNDA:0,getUsersForQuizReminders
FNDA:0,(anonymous_1)
FNDA:0,getIncompleteQuizzes
FNDA:0,(anonymous_3)
FNDA:0,getUsersForWeeklyDigest
FNDA:0,(anonymous_5)
FNDA:0,aggregateWeeklyStats
DA:1,0
DA:8,0
DA:9,0
DA:16,0
DA:17,0
DA:18,0
DA:19,0
DA:20,0
DA:24,0
DA:27,0
DA:44,0
DA:45,0
DA:57,0
DA:70,0
DA:71,0
DA:78,0
DA:79,0
DA:80,0
DA:81,0
DA:82,0
DA:86,0
DA:89,0
DA:104,0
DA:107,0
DA:115,0
DA:123,0
DA:124,0
DA:125,0
DA:131,0
DA:134,0
DA:137,0
DA:145,0
LF:32
LH:0
BRDA:18,0,0,0
BRDA:18,0,1,0
BRDA:20,1,0,0
BRDA:20,1,1,0
BRDA:43,2,0,0
BRDA:80,3,0,0
BRDA:80,3,1,0
BRDA:82,4,0,0
BRDA:82,4,1,0
BRDA:131,5,0,0
BRDA:131,5,1,0
BRDA:138,6,0,0
BRDA:138,6,1,0
BRDA:139,7,0,0
BRDA:139,7,1,0
BRDA:140,8,0,0
BRDA:140,8,1,0
BRF:17
BRH:0
end_of_record
TN:
SF:src\services\oauthService.js
FN:9,(anonymous_0)
FN:9,(anonymous_1)
FN:11,generateState
FN:15,buildGoogleAuthUrl
FN:28,exchangeCodeForTokens
FN:47,fetchGoogleProfile
FN:58,createAccessToken
FN:62,loginOrCreateFromGoogle
FNF:8
FNH:0
FNDA:0,(anonymous_0)
FNDA:0,(anonymous_1)
FNDA:0,generateState
FNDA:0,buildGoogleAuthUrl
FNDA:0,exchangeCodeForTokens
FNDA:0,fetchGoogleProfile
FNDA:0,createAccessToken
FNDA:0,loginOrCreateFromGoogle
DA:1,0
DA:2,0
DA:3,0
DA:4,0
DA:5,0
DA:7,0
DA:9,0
DA:12,0
DA:16,0
DA:25,0
DA:29,0
DA:40,0
DA:41,0
DA:42,0
DA:44,0
DA:48,0
DA:51,0
DA:52,0
DA:53,0
DA:55,0
DA:59,0
DA:63,0
DA:65,0
DA:66,0
DA:67,0
DA:72,0
DA:75,0
DA:76,0
DA:78,0
DA:79,0
DA:83,0
DA:84,0
DA:85,0
DA:86,0
DA:91,0
DA:92,0
DA:96,0
DA:97,0
DA:98,0
DA:99,0
DA:100,0
DA:101,0
DA:102,0
DA:105,0
DA:106,0
DA:108,0
DA:109,0
DA:110,0
DA:111,0
DA:112,0
DA:115,0
DA:116,0
DA:117,0
DA:120,0
DA:121,0
DA:124,0
DA:130,0
DA:133,0
LF:58
LH:0
BRDA:7,0,0,0
BRDA:7,0,1,0
BRDA:7,1,0,0
BRDA:7,1,1,0
BRDA:41,2,0,0
BRDA:41,2,1,0
BRDA:42,3,0,0
BRDA:42,3,1,0
BRDA:42,3,2,0
BRDA:52,4,0,0
BRDA:52,4,1,0
BRDA:52,5,0,0
BRDA:52,5,1,0
BRDA:78,6,0,0
BRDA:78,6,1,0
BRDA:83,7,0,0
BRDA:83,7,1,0
BRDA:91,8,0,0
BRDA:91,8,1,0
BRDA:92,9,0,0
BRDA:92,9,1,0
BRDA:92,10,0,0
BRDA:92,10,1,0
BRDA:92,10,2,0
BRDA:100,11,0,0
BRDA:100,11,1,0
BRDA:109,12,0,0
BRDA:109,12,1,0
BRDA:112,13,0,0
BRDA:112,13,1,0
BRDA:121,14,0,0
BRDA:121,14,1,0
BRF:32
BRH:0
end_of_record
TN:
SF:src\services\questionBankService.js
FN:13,(anonymous_0)
FN:104,(anonymous_1)
FN:151,(anonymous_2)
FN:174,(anonymous_3)
FN:182,(anonymous_4)
FN:201,(anonymous_5)
FN:261,(anonymous_6)
FNF:7
FNH:0
FNDA:0,(anonymous_0)
FNDA:0,(anonymous_1)
FNDA:0,(anonymous_2)
FNDA:0,(anonymous_3)
FNDA:0,(anonymous_4)
FNDA:0,(anonymous_5)
FNDA:0,(anonymous_6)
DA:1,0
DA:2,0
DA:3,0
DA:14,0
DA:17,0
DA:19,0
DA:21,0
DA:22,0
DA:25,0
DA:26,0
DA:30,0
DA:31,0
DA:35,0
DA:37,0
DA:41,0
DA:42,0
DA:43,0
DA:45,0
DA:46,0
DA:47,0
DA:51,0
DA:52,0
DA:55,0
DA:56,0
DA:59,0
DA:61,0
DA:62,0
DA:63,0
DA:64,0
DA:68,0
DA:70,0
DA:85,0
DA:86,0
DA:89,0
DA:94,0
DA:95,0
DA:105,0
DA:107,0
DA:109,0
DA:110,0
DA:111,0
DA:113,0
DA:114,0
DA:116,0
DA:117,0
DA:122,0
DA:123,0
DA:124,0
DA:125,0
DA:129,0
DA:130,0
DA:135,0
DA:141,0
DA:142,0
DA:152,0
DA:153,0
DA:155,0
DA:157,0
DA:175,0
DA:176,0
DA:179,0
DA:181,0
DA:182,0
DA:190,0
DA:191,0
DA:202,0
DA:203,0
DA:205,0
DA:206,0
DA:209,0
DA:210,0
DA:214,0
DA:215,0
DA:217,0
DA:218,0
DA:219,0
DA:220,0
DA:221,0
DA:225,0
DA:226,0
DA:230,0
DA:231,0
DA:235,0
DA:249,0
DA:251,0
DA:252,0
DA:262,0
DA:263,0
DA:265,0
DA:266,0
DA:271,0
LF:91
LH:0
BRDA:19,0,0,0
BRDA:19,0,1,0
BRDA:19,1,0,0
BRDA:19,1,1,0
BRDA:19,1,2,0
BRDA:30,2,0,0
BRDA:30,2,1,0
BRDA:35,3,0,0
BRDA:35,3,1,0
BRDA:35,4,0,0
BRDA:35,4,1,0
BRDA:41,5,0,0
BRDA:41,5,1,0
BRDA:45,6,0,0
BRDA:45,6,1,0
BRDA:45,7,0,0
BRDA:45,7,1,0
BRDA:45,7,2,0
BRDA:51,8,0,0
BRDA:51,8,1,0
BRDA:51,9,0,0
BRDA:51,9,1,0
BRDA:51,9,2,0
BRDA:62,10,0,0
BRDA:62,10,1,0
BRDA:77,11,0,0
BRDA:77,11,1,0
BRDA:77,11,2,0
BRDA:78,12,0,0
BRDA:78,12,1,0
BRDA:79,13,0,0
BRDA:79,13,1,0
BRDA:85,14,0,0
BRDA:85,14,1,0
BRDA:116,15,0,0
BRDA:116,15,1,0
BRDA:116,16,0,0
BRDA:116,16,1,0
BRDA:129,17,0,0
BRDA:129,17,1,0
BRDA:129,17,2,0
BRDA:130,18,0,0
BRDA:130,18,1,0
BRDA:162,19,0,0
BRDA:162,19,1,0
BRDA:174,20,0,0
BRDA:174,21,0,0
BRDA:205,22,0,0
BRDA:205,22,1,0
BRDA:205,23,0,0
BRDA:205,23,1,0
BRDA:209,24,0,0
BRDA:209,24,1,0
BRDA:209,25,0,0
BRDA:209,25,1,0
BRDA:209,25,2,0
BRDA:218,26,0,0
BRDA:218,26,1,0
BRDA:220,27,0,0
BRDA:220,27,1,0
BRDA:225,28,0,0
BRDA:225,28,1,0
BRDA:225,29,0,0
BRDA:225,29,1,0
BRDA:230,30,0,0
BRDA:230,30,1,0
BRDA:238,31,0,0
BRDA:238,31,1,0
BRF:68
BRH:0
end_of_record
TN:
SF:src\services\quizService.js
FN:4,generateAIPoweredQuiz
FN:23,(anonymous_1)
FN:44,generateAdvancedQuiz
FN:70,generateAIPoweredSummary
FN:92,generateAIPoweredFlashcards
FNF:5
FNH:5
FNDA:4,generateAIPoweredQuiz
FNDA:5,(anonymous_1)
FNDA:2,generateAdvancedQuiz
FNDA:2,generateAIPoweredSummary
FNDA:1,generateAIPoweredFlashcards
DA:1,2
DA:10,4
DA:12,4
DA:13,1
DA:16,3
DA:18,3
DA:19,3
DA:20,3
DA:21,3
DA:22,3
DA:23,5
DA:24,3
DA:25,1
DA:27,0
DA:28,0
DA:31,3
DA:38,1
DA:39,1
DA:50,2
DA:52,2
DA:53,2
DA:54,1
DA:61,1
DA:64,1
DA:65,1
DA:74,2
DA:76,2
DA:77,1
DA:80,1
DA:81,1
DA:86,0
DA:87,0
DA:95,1
DA:97,1
DA:99,1
DA:102,0
DA:103,0
DA:107,0
DA:109,0
DA:113,2
LF:40
LH:32
BRDA:4,0,0,0
BRDA:6,1,0,1
BRDA:7,2,0,2
BRDA:8,3,0,2
BRDA:9,4,0,4
BRDA:12,5,0,1
BRDA:12,5,1,3
BRDA:20,6,0,3
BRDA:20,6,1,0
BRDA:22,7,0,3
BRDA:22,7,1,3
BRDA:24,8,0,1
BRDA:24,8,1,2
BRDA:24,9,0,3
BRDA:24,9,1,2
BRDA:27,10,0,0
BRDA:27,10,1,0
BRDA:27,11,0,0
BRDA:27,11,1,0
BRDA:44,12,0,0
BRDA:46,13,0,0
BRDA:47,14,0,1
BRDA:48,15,0,1
BRDA:49,16,0,1
BRDA:53,17,0,1
BRDA:53,17,1,1
BRDA:70,18,0,1
BRDA:72,19,0,1
BRDA:73,20,0,1
BRDA:76,21,0,1
BRDA:76,21,1,1
BRDA:92,22,0,1
BRDA:94,23,0,1
BRDA:97,24,0,1
BRDA:97,24,1,0
BRF:35
BRH:26
end_of_record
TN:
SF:src\services\scheduler.js
FN:16,sendQuizReminders
FN:59,sendWeeklyDigests
FN:101,initializeScheduler
FN:127,stopScheduler
FNF:4
FNH:0
FNDA:0,sendQuizReminders
FNDA:0,sendWeeklyDigests
FNDA:0,initializeScheduler
FNDA:0,stopScheduler
DA:1,0
DA:7,0
DA:8,0
DA:10,0
DA:11,0
DA:17,0
DA:18,0
DA:19,0
DA:20,0
DA:22,0
DA:23,0
DA:25,0
DA:26,0
DA:28,0
DA:29,0
DA:30,0
DA:33,0
DA:35,0
DA:36,0
DA:41,0
DA:42,0
DA:45,0
DA:46,0
DA:50,0
DA:52,0
DA:60,0
DA:61,0
DA:62,0
DA:63,0
DA:65,0
DA:66,0
DA:68,0
DA:69,0
DA:71,0
DA:72,0
DA:73,0
DA:76,0
DA:78,0
DA:83,0
DA:84,0
DA:86,0
DA:87,0
DA:91,0
DA:93,0
DA:102,0
DA:103,0
DA:104,0
DA:108,0
DA:112,0
DA:115,0
DA:119,0
DA:121,0
DA:128,0
DA:129,0
DA:130,0
DA:132,0
DA:133,0
DA:134,0
DA:136,0
DA:139,0
LF:60
LH:0
BRDA:29,0,0,0
BRDA:29,0,1,0
BRDA:29,1,0,0
BRDA:29,1,1,0
BRDA:35,2,0,0
BRDA:35,2,1,0
BRDA:72,3,0,0
BRDA:72,3,1,0
BRDA:72,4,0,0
BRDA:72,4,1,0
BRDA:101,5,0,0
BRDA:102,6,0,0
BRDA:102,6,1,0
BRDA:128,7,0,0
BRDA:128,7,1,0
BRDA:132,8,0,0
BRDA:132,8,1,0
BRF:17
BRH:0
end_of_record
TN:
SF:src\utils\parseFile.js
FN:5,detectFileType
FN:14,parseTxt
FN:23,parsePdf
FN:98,(anonymous_3)
FN:129,parseDocx
FN:139,(anonymous_5)
FN:151,parsePptx
FN:176,(anonymous_7)
FN:197,parseUploadedFile
FNF:9
FNH:0
FNDA:0,detectFileType
FNDA:0,parseTxt
FNDA:0,parsePdf
FNDA:0,(anonymous_3)
FNDA:0,parseDocx
FNDA:0,(anonymous_5)
FNDA:0,parsePptx
FNDA:0,(anonymous_7)
FNDA:0,parseUploadedFile
DA:1,1
DA:2,1
DA:3,1
DA:6,0
DA:7,0
DA:8,0
DA:9,0
DA:10,0
DA:11,0
DA:15,0
DA:16,0
DA:24,0
DA:25,0
DA:28,0
DA:31,0
DA:33,0
DA:35,0
DA:36,0
DA:37,0
DA:40,0
DA:41,0
DA:44,0
DA:46,0
DA:47,0
DA:48,0
DA:49,0
DA:51,0
DA:53,0
DA:54,0
DA:55,0
DA:56,0
DA:58,0
DA:60,0
DA:61,0
DA:62,0
DA:63,0
DA:65,0
DA:67,0
DA:72,0
DA:73,0
DA:77,0
DA:79,0
DA:80,0
DA:81,0
DA:83,0
DA:84,0
DA:85,0
DA:86,0
DA:87,0
DA:88,0
DA:94,0
DA:98,0
DA:101,0
DA:102,0
DA:103,0
DA:104,0
DA:106,0
DA:107,0
DA:108,0
DA:109,0
DA:110,0
DA:111,0
DA:115,0
DA:122,0
DA:130,0
DA:131,0
DA:135,0
DA:136,0
DA:138,0
DA:139,0
DA:141,0
DA:144,0
DA:152,0
DA:154,0
DA:155,0
DA:156,0
DA:159,0
DA:160,0
DA:163,0
DA:166,0
DA:167,0
DA:170,0
DA:173,0
DA:174,0
DA:176,0
DA:177,0
DA:178,0
DA:179,0
DA:180,0
DA:184,0
DA:186,0
DA:192,0
DA:193,0
DA:198,0
DA:199,0
DA:200,0
DA:201,0
DA:202,0
DA:203,0
DA:204,0
DA:207,1
LF:101
LH:4
BRDA:6,0,0,0
BRDA:6,0,1,0
BRDA:7,1,0,0
BRDA:7,1,1,0
BRDA:7,2,0,0
BRDA:7,2,1,0
BRDA:8,3,0,0
BRDA:8,3,1,0
BRDA:8,4,0,0
BRDA:8,4,1,0
BRDA:9,5,0,0
BRDA:9,5,1,0
BRDA:9,6,0,0
BRDA:9,6,1,0
BRDA:10,7,0,0
BRDA:10,7,1,0
BRDA:10,8,0,0
BRDA:10,8,1,0
BRDA:25,9,0,0
BRDA:25,9,1,0
BRDA:28,10,0,0
BRDA:28,10,1,0
BRDA:33,11,0,0
BRDA:33,11,1,0
BRDA:44,12,0,0
BRDA:44,12,1,0
BRDA:44,13,0,0
BRDA:44,13,1,0
BRDA:44,13,2,0
BRDA:46,14,0,0
BRDA:46,14,1,0
BRDA:51,15,0,0
BRDA:51,15,1,0
BRDA:51,16,0,0
BRDA:51,16,1,0
BRDA:53,17,0,0
BRDA:53,17,1,0
BRDA:58,18,0,0
BRDA:58,18,1,0
BRDA:58,19,0,0
BRDA:58,19,1,0
BRDA:60,20,0,0
BRDA:60,20,1,0
BRDA:60,21,0,0
BRDA:60,21,1,0
BRDA:72,22,0,0
BRDA:72,22,1,0
BRDA:77,23,0,0
BRDA:77,23,1,0
BRDA:85,24,0,0
BRDA:85,24,1,0
BRDA:87,25,0,0
BRDA:87,25,1,0
BRDA:101,26,0,0
BRDA:101,26,1,0
BRDA:108,27,0,0
BRDA:108,27,1,0
BRDA:110,28,0,0
BRDA:110,28,1,0
BRDA:131,29,0,0
BRDA:131,29,1,0
BRDA:138,30,0,0
BRDA:138,30,1,0
BRDA:178,31,0,0
BRDA:178,31,1,0
BRDA:200,32,0,0
BRDA:200,32,1,0
BRDA:201,33,0,0
BRDA:201,33,1,0
BRDA:202,34,0,0
BRDA:202,34,1,0
BRDA:203,35,0,0
BRDA:203,35,1,0
BRF:73
BRH:0
end_of_record
